{"C:\\backup buzzaz file\\buzzaz-react\\frontend\\src\\App.js": {"path":"C:\\backup buzzaz file\\buzzaz-react\\frontend\\src\\App.js","statementMap":{"0":{"start":{"line":28,"column":19},"end":{"line":28,"column":32}},"1":{"start":{"line":29,"column":17},"end":{"line":29,"column":42}},"2":{"start":{"line":30,"column":2},"end":{"line":143,"column":4}},"3":{"start":{"line":147,"column":2},"end":{"line":153,"column":4}}},"fnMap":{"0":{"name":"AppContent","decl":{"start":{"line":27,"column":9},"end":{"line":27,"column":19}},"loc":{"start":{"line":27,"column":22},"end":{"line":144,"column":1}},"line":27},"1":{"name":"App","decl":{"start":{"line":146,"column":9},"end":{"line":146,"column":12}},"loc":{"start":{"line":146,"column":15},"end":{"line":154,"column":1}},"line":146}},"branchMap":{"0":{"loc":{"start":{"line":33,"column":23},"end":{"line":33,"column":51}},"type":"cond-expr","locations":[{"start":{"line":33,"column":32},"end":{"line":33,"column":34}},{"start":{"line":33,"column":37},"end":{"line":33,"column":51}}],"line":33}},"s":{"0":0,"1":0,"2":0,"3":0},"f":{"0":0,"1":0},"b":{"0":[0,0]}}
,"C:\\backup buzzaz file\\buzzaz-react\\frontend\\src\\index.js": {"path":"C:\\backup buzzaz file\\buzzaz-react\\frontend\\src\\index.js","statementMap":{"0":{"start":{"line":8,"column":13},"end":{"line":8,"column":65}},"1":{"start":{"line":9,"column":0},"end":{"line":13,"column":2}},"2":{"start":{"line":18,"column":0},"end":{"line":18,"column":18}}},"fnMap":{},"branchMap":{},"s":{"0":0,"1":0,"2":0},"f":{},"b":{}}
,"C:\\backup buzzaz file\\buzzaz-react\\frontend\\src\\reportWebVitals.js": {"path":"C:\\backup buzzaz file\\buzzaz-react\\frontend\\src\\reportWebVitals.js","statementMap":{"0":{"start":{"line":1,"column":24},"end":{"line":11,"column":1}},"1":{"start":{"line":2,"column":2},"end":{"line":10,"column":3}},"2":{"start":{"line":3,"column":4},"end":{"line":9,"column":7}},"3":{"start":{"line":4,"column":6},"end":{"line":4,"column":26}},"4":{"start":{"line":5,"column":6},"end":{"line":5,"column":26}},"5":{"start":{"line":6,"column":6},"end":{"line":6,"column":26}},"6":{"start":{"line":7,"column":6},"end":{"line":7,"column":26}},"7":{"start":{"line":8,"column":6},"end":{"line":8,"column":27}}},"fnMap":{"0":{"name":"(anonymous_0)","decl":{"start":{"line":1,"column":24},"end":{"line":1,"column":25}},"loc":{"start":{"line":1,"column":39},"end":{"line":11,"column":1}},"line":1},"1":{"name":"(anonymous_1)","decl":{"start":{"line":3,"column":30},"end":{"line":3,"column":31}},"loc":{"start":{"line":3,"column":79},"end":{"line":9,"column":5}},"line":3}},"branchMap":{"0":{"loc":{"start":{"line":2,"column":2},"end":{"line":10,"column":3}},"type":"if","locations":[{"start":{"line":2,"column":2},"end":{"line":10,"column":3}},{"start":{},"end":{}}],"line":2},"1":{"loc":{"start":{"line":2,"column":6},"end":{"line":2,"column":52}},"type":"binary-expr","locations":[{"start":{"line":2,"column":6},"end":{"line":2,"column":17}},{"start":{"line":2,"column":21},"end":{"line":2,"column":52}}],"line":2}},"s":{"0":0,"1":0,"2":0,"3":0,"4":0,"5":0,"6":0,"7":0},"f":{"0":0,"1":0},"b":{"0":[0,0],"1":[0,0]}}
,"C:\\backup buzzaz file\\buzzaz-react\\frontend\\src\\api\\chatAPI.js": {"path":"C:\\backup buzzaz file\\buzzaz-react\\frontend\\src\\api\\chatAPI.js","statementMap":{"0":{"start":{"line":3,"column":21},"end":{"line":3,"column":81}},"1":{"start":{"line":6,"column":16},"end":{"line":11,"column":2}},"2":{"start":{"line":14,"column":0},"end":{"line":25,"column":2}},"3":{"start":{"line":16,"column":18},"end":{"line":16,"column":47}},"4":{"start":{"line":17,"column":4},"end":{"line":19,"column":5}},"5":{"start":{"line":18,"column":6},"end":{"line":18,"column":55}},"6":{"start":{"line":20,"column":4},"end":{"line":20,"column":18}},"7":{"start":{"line":23,"column":4},"end":{"line":23,"column":33}},"8":{"start":{"line":28,"column":0},"end":{"line":37,"column":2}},"9":{"start":{"line":29,"column":16},"end":{"line":29,"column":24}},"10":{"start":{"line":31,"column":4},"end":{"line":34,"column":5}},"11":{"start":{"line":32,"column":6},"end":{"line":32,"column":39}},"12":{"start":{"line":33,"column":6},"end":{"line":33,"column":38}},"13":{"start":{"line":35,"column":4},"end":{"line":35,"column":33}},"14":{"start":{"line":40,"column":30},"end":{"line":92,"column":1}},"15":{"start":{"line":43,"column":4},"end":{"line":48,"column":5}},"16":{"start":{"line":44,"column":23},"end":{"line":44,"column":78}},"17":{"start":{"line":45,"column":6},"end":{"line":45,"column":27}},"18":{"start":{"line":47,"column":6},"end":{"line":47,"column":50}},"19":{"start":{"line":53,"column":4},"end":{"line":58,"column":5}},"20":{"start":{"line":54,"column":23},"end":{"line":54,"column":58}},"21":{"start":{"line":55,"column":6},"end":{"line":55,"column":27}},"22":{"start":{"line":57,"column":6},"end":{"line":57,"column":50}},"23":{"start":{"line":63,"column":4},"end":{"line":68,"column":5}},"24":{"start":{"line":64,"column":23},"end":{"line":64,"column":76}},"25":{"start":{"line":65,"column":6},"end":{"line":65,"column":27}},"26":{"start":{"line":67,"column":6},"end":{"line":67,"column":50}},"27":{"start":{"line":73,"column":4},"end":{"line":80,"column":5}},"28":{"start":{"line":74,"column":23},"end":{"line":76,"column":8}},"29":{"start":{"line":77,"column":6},"end":{"line":77,"column":27}},"30":{"start":{"line":79,"column":6},"end":{"line":79,"column":50}},"31":{"start":{"line":85,"column":4},"end":{"line":90,"column":5}},"32":{"start":{"line":86,"column":23},"end":{"line":86,"column":99}},"33":{"start":{"line":87,"column":6},"end":{"line":87,"column":27}},"34":{"start":{"line":89,"column":6},"end":{"line":89,"column":50}}},"fnMap":{"0":{"name":"(anonymous_0)","decl":{"start":{"line":15,"column":2},"end":{"line":15,"column":3}},"loc":{"start":{"line":15,"column":14},"end":{"line":21,"column":3}},"line":15},"1":{"name":"(anonymous_1)","decl":{"start":{"line":22,"column":2},"end":{"line":22,"column":3}},"loc":{"start":{"line":22,"column":13},"end":{"line":24,"column":3}},"line":22},"2":{"name":"(anonymous_2)","decl":{"start":{"line":29,"column":2},"end":{"line":29,"column":3}},"loc":{"start":{"line":29,"column":16},"end":{"line":29,"column":24}},"line":29},"3":{"name":"(anonymous_3)","decl":{"start":{"line":30,"column":2},"end":{"line":30,"column":3}},"loc":{"start":{"line":30,"column":13},"end":{"line":36,"column":3}},"line":30},"4":{"name":"(anonymous_4)","decl":{"start":{"line":42,"column":22},"end":{"line":42,"column":23}},"loc":{"start":{"line":42,"column":47},"end":{"line":49,"column":3}},"line":42},"5":{"name":"(anonymous_5)","decl":{"start":{"line":52,"column":20},"end":{"line":52,"column":21}},"loc":{"start":{"line":52,"column":32},"end":{"line":59,"column":3}},"line":52},"6":{"name":"(anonymous_6)","decl":{"start":{"line":62,"column":19},"end":{"line":62,"column":20}},"loc":{"start":{"line":62,"column":45},"end":{"line":69,"column":3}},"line":62},"7":{"name":"(anonymous_7)","decl":{"start":{"line":72,"column":15},"end":{"line":72,"column":16}},"loc":{"start":{"line":72,"column":63},"end":{"line":81,"column":3}},"line":72},"8":{"name":"(anonymous_8)","decl":{"start":{"line":84,"column":15},"end":{"line":84,"column":16}},"loc":{"start":{"line":84,"column":50},"end":{"line":91,"column":3}},"line":84}},"branchMap":{"0":{"loc":{"start":{"line":3,"column":21},"end":{"line":3,"column":81}},"type":"binary-expr","locations":[{"start":{"line":3,"column":21},"end":{"line":3,"column":50}},{"start":{"line":3,"column":54},"end":{"line":3,"column":81}}],"line":3},"1":{"loc":{"start":{"line":17,"column":4},"end":{"line":19,"column":5}},"type":"if","locations":[{"start":{"line":17,"column":4},"end":{"line":19,"column":5}},{"start":{},"end":{}}],"line":17},"2":{"loc":{"start":{"line":31,"column":4},"end":{"line":34,"column":5}},"type":"if","locations":[{"start":{"line":31,"column":4},"end":{"line":34,"column":5}},{"start":{},"end":{}}],"line":31},"3":{"loc":{"start":{"line":47,"column":12},"end":{"line":47,"column":49}},"type":"binary-expr","locations":[{"start":{"line":47,"column":12},"end":{"line":47,"column":32}},{"start":{"line":47,"column":36},"end":{"line":47,"column":49}}],"line":47},"4":{"loc":{"start":{"line":57,"column":12},"end":{"line":57,"column":49}},"type":"binary-expr","locations":[{"start":{"line":57,"column":12},"end":{"line":57,"column":32}},{"start":{"line":57,"column":36},"end":{"line":57,"column":49}}],"line":57},"5":{"loc":{"start":{"line":67,"column":12},"end":{"line":67,"column":49}},"type":"binary-expr","locations":[{"start":{"line":67,"column":12},"end":{"line":67,"column":32}},{"start":{"line":67,"column":36},"end":{"line":67,"column":49}}],"line":67},"6":{"loc":{"start":{"line":72,"column":38},"end":{"line":72,"column":46}},"type":"default-arg","locations":[{"start":{"line":72,"column":45},"end":{"line":72,"column":46}}],"line":72},"7":{"loc":{"start":{"line":72,"column":48},"end":{"line":72,"column":58}},"type":"default-arg","locations":[{"start":{"line":72,"column":56},"end":{"line":72,"column":58}}],"line":72},"8":{"loc":{"start":{"line":79,"column":12},"end":{"line":79,"column":49}},"type":"binary-expr","locations":[{"start":{"line":79,"column":12},"end":{"line":79,"column":32}},{"start":{"line":79,"column":36},"end":{"line":79,"column":49}}],"line":79},"9":{"loc":{"start":{"line":89,"column":12},"end":{"line":89,"column":49}},"type":"binary-expr","locations":[{"start":{"line":89,"column":12},"end":{"line":89,"column":32}},{"start":{"line":89,"column":36},"end":{"line":89,"column":49}}],"line":89}},"s":{"0":0,"1":0,"2":0,"3":0,"4":0,"5":0,"6":0,"7":0,"8":0,"9":0,"10":0,"11":0,"12":0,"13":0,"14":0,"15":0,"16":0,"17":0,"18":0,"19":0,"20":0,"21":0,"22":0,"23":0,"24":0,"25":0,"26":0,"27":0,"28":0,"29":0,"30":0,"31":0,"32":0,"33":0,"34":0},"f":{"0":0,"1":0,"2":0,"3":0,"4":0,"5":0,"6":0,"7":0,"8":0},"b":{"0":[0,0],"1":[0,0],"2":[0,0],"3":[0,0],"4":[0,0],"5":[0,0],"6":[0],"7":[0],"8":[0,0],"9":[0,0]}}
,"C:\\backup buzzaz file\\buzzaz-react\\frontend\\src\\api\\ugcAPI.js": {"path":"C:\\backup buzzaz file\\buzzaz-react\\frontend\\src\\api\\ugcAPI.js","statementMap":{"0":{"start":{"line":3,"column":21},"end":{"line":3,"column":81}},"1":{"start":{"line":6,"column":15},"end":{"line":11,"column":2}},"2":{"start":{"line":14,"column":0},"end":{"line":25,"column":2}},"3":{"start":{"line":16,"column":18},"end":{"line":16,"column":47}},"4":{"start":{"line":17,"column":4},"end":{"line":19,"column":5}},"5":{"start":{"line":18,"column":6},"end":{"line":18,"column":55}},"6":{"start":{"line":20,"column":4},"end":{"line":20,"column":18}},"7":{"start":{"line":23,"column":4},"end":{"line":23,"column":33}},"8":{"start":{"line":28,"column":0},"end":{"line":37,"column":2}},"9":{"start":{"line":29,"column":16},"end":{"line":29,"column":24}},"10":{"start":{"line":31,"column":4},"end":{"line":34,"column":5}},"11":{"start":{"line":32,"column":6},"end":{"line":32,"column":39}},"12":{"start":{"line":33,"column":6},"end":{"line":33,"column":38}},"13":{"start":{"line":35,"column":4},"end":{"line":35,"column":33}},"14":{"start":{"line":40,"column":29},"end":{"line":137,"column":1}},"15":{"start":{"line":43,"column":4},"end":{"line":48,"column":5}},"16":{"start":{"line":44,"column":23},"end":{"line":44,"column":65}},"17":{"start":{"line":45,"column":6},"end":{"line":45,"column":27}},"18":{"start":{"line":47,"column":6},"end":{"line":47,"column":50}},"19":{"start":{"line":53,"column":4},"end":{"line":58,"column":5}},"20":{"start":{"line":54,"column":23},"end":{"line":54,"column":61}},"21":{"start":{"line":55,"column":6},"end":{"line":55,"column":27}},"22":{"start":{"line":57,"column":6},"end":{"line":57,"column":50}},"23":{"start":{"line":63,"column":4},"end":{"line":68,"column":5}},"24":{"start":{"line":64,"column":23},"end":{"line":64,"column":73}},"25":{"start":{"line":65,"column":6},"end":{"line":65,"column":27}},"26":{"start":{"line":67,"column":6},"end":{"line":67,"column":50}},"27":{"start":{"line":73,"column":4},"end":{"line":78,"column":5}},"28":{"start":{"line":74,"column":23},"end":{"line":74,"column":59}},"29":{"start":{"line":75,"column":6},"end":{"line":75,"column":27}},"30":{"start":{"line":77,"column":6},"end":{"line":77,"column":50}},"31":{"start":{"line":83,"column":4},"end":{"line":100,"column":5}},"32":{"start":{"line":84,"column":21},"end":{"line":84,"column":42}},"33":{"start":{"line":86,"column":6},"end":{"line":94,"column":9}},"34":{"start":{"line":87,"column":8},"end":{"line":93,"column":9}},"35":{"start":{"line":88,"column":10},"end":{"line":92,"column":11}},"36":{"start":{"line":89,"column":12},"end":{"line":89,"column":55}},"37":{"start":{"line":91,"column":12},"end":{"line":91,"column":45}},"38":{"start":{"line":96,"column":23},"end":{"line":96,"column":71}},"39":{"start":{"line":97,"column":6},"end":{"line":97,"column":27}},"40":{"start":{"line":99,"column":6},"end":{"line":99,"column":50}},"41":{"start":{"line":105,"column":16},"end":{"line":105,"column":36}},"42":{"start":{"line":106,"column":16},"end":{"line":106,"column":36}},"43":{"start":{"line":108,"column":4},"end":{"line":110,"column":5}},"44":{"start":{"line":109,"column":6},"end":{"line":109,"column":76}},"45":{"start":{"line":112,"column":4},"end":{"line":114,"column":5}},"46":{"start":{"line":113,"column":6},"end":{"line":113,"column":74}},"47":{"start":{"line":116,"column":4},"end":{"line":118,"column":5}},"48":{"start":{"line":117,"column":6},"end":{"line":117,"column":93}},"49":{"start":{"line":120,"column":4},"end":{"line":120,"column":29}},"50":{"start":{"line":125,"column":4},"end":{"line":130,"column":21}},"51":{"start":{"line":135,"column":4},"end":{"line":135,"column":93}}},"fnMap":{"0":{"name":"(anonymous_0)","decl":{"start":{"line":15,"column":2},"end":{"line":15,"column":3}},"loc":{"start":{"line":15,"column":14},"end":{"line":21,"column":3}},"line":15},"1":{"name":"(anonymous_1)","decl":{"start":{"line":22,"column":2},"end":{"line":22,"column":3}},"loc":{"start":{"line":22,"column":13},"end":{"line":24,"column":3}},"line":22},"2":{"name":"(anonymous_2)","decl":{"start":{"line":29,"column":2},"end":{"line":29,"column":3}},"loc":{"start":{"line":29,"column":16},"end":{"line":29,"column":24}},"line":29},"3":{"name":"(anonymous_3)","decl":{"start":{"line":30,"column":2},"end":{"line":30,"column":3}},"loc":{"start":{"line":30,"column":13},"end":{"line":36,"column":3}},"line":30},"4":{"name":"(anonymous_4)","decl":{"start":{"line":42,"column":17},"end":{"line":42,"column":18}},"loc":{"start":{"line":42,"column":40},"end":{"line":49,"column":3}},"line":42},"5":{"name":"(anonymous_5)","decl":{"start":{"line":52,"column":14},"end":{"line":52,"column":15}},"loc":{"start":{"line":52,"column":32},"end":{"line":59,"column":3}},"line":52},"6":{"name":"(anonymous_6)","decl":{"start":{"line":62,"column":17},"end":{"line":62,"column":18}},"loc":{"start":{"line":62,"column":47},"end":{"line":69,"column":3}},"line":62},"7":{"name":"(anonymous_7)","decl":{"start":{"line":72,"column":19},"end":{"line":72,"column":20}},"loc":{"start":{"line":72,"column":37},"end":{"line":79,"column":3}},"line":72},"8":{"name":"(anonymous_8)","decl":{"start":{"line":82,"column":18},"end":{"line":82,"column":19}},"loc":{"start":{"line":82,"column":42},"end":{"line":101,"column":3}},"line":82},"9":{"name":"(anonymous_9)","decl":{"start":{"line":86,"column":35},"end":{"line":86,"column":36}},"loc":{"start":{"line":86,"column":42},"end":{"line":94,"column":7}},"line":86},"10":{"name":"(anonymous_10)","decl":{"start":{"line":104,"column":22},"end":{"line":104,"column":23}},"loc":{"start":{"line":104,"column":46},"end":{"line":121,"column":3}},"line":104},"11":{"name":"(anonymous_11)","decl":{"start":{"line":124,"column":15},"end":{"line":124,"column":16}},"loc":{"start":{"line":124,"column":26},"end":{"line":131,"column":3}},"line":124},"12":{"name":"(anonymous_12)","decl":{"start":{"line":134,"column":24},"end":{"line":134,"column":25}},"loc":{"start":{"line":134,"column":48},"end":{"line":136,"column":3}},"line":134}},"branchMap":{"0":{"loc":{"start":{"line":3,"column":21},"end":{"line":3,"column":81}},"type":"binary-expr","locations":[{"start":{"line":3,"column":21},"end":{"line":3,"column":50}},{"start":{"line":3,"column":54},"end":{"line":3,"column":81}}],"line":3},"1":{"loc":{"start":{"line":17,"column":4},"end":{"line":19,"column":5}},"type":"if","locations":[{"start":{"line":17,"column":4},"end":{"line":19,"column":5}},{"start":{},"end":{}}],"line":17},"2":{"loc":{"start":{"line":31,"column":4},"end":{"line":34,"column":5}},"type":"if","locations":[{"start":{"line":31,"column":4},"end":{"line":34,"column":5}},{"start":{},"end":{}}],"line":31},"3":{"loc":{"start":{"line":47,"column":12},"end":{"line":47,"column":49}},"type":"binary-expr","locations":[{"start":{"line":47,"column":12},"end":{"line":47,"column":32}},{"start":{"line":47,"column":36},"end":{"line":47,"column":49}}],"line":47},"4":{"loc":{"start":{"line":57,"column":12},"end":{"line":57,"column":49}},"type":"binary-expr","locations":[{"start":{"line":57,"column":12},"end":{"line":57,"column":32}},{"start":{"line":57,"column":36},"end":{"line":57,"column":49}}],"line":57},"5":{"loc":{"start":{"line":67,"column":12},"end":{"line":67,"column":49}},"type":"binary-expr","locations":[{"start":{"line":67,"column":12},"end":{"line":67,"column":32}},{"start":{"line":67,"column":36},"end":{"line":67,"column":49}}],"line":67},"6":{"loc":{"start":{"line":77,"column":12},"end":{"line":77,"column":49}},"type":"binary-expr","locations":[{"start":{"line":77,"column":12},"end":{"line":77,"column":32}},{"start":{"line":77,"column":36},"end":{"line":77,"column":49}}],"line":77},"7":{"loc":{"start":{"line":82,"column":25},"end":{"line":82,"column":37}},"type":"default-arg","locations":[{"start":{"line":82,"column":35},"end":{"line":82,"column":37}}],"line":82},"8":{"loc":{"start":{"line":87,"column":8},"end":{"line":93,"column":9}},"type":"if","locations":[{"start":{"line":87,"column":8},"end":{"line":93,"column":9}},{"start":{},"end":{}}],"line":87},"9":{"loc":{"start":{"line":87,"column":12},"end":{"line":87,"column":86}},"type":"binary-expr","locations":[{"start":{"line":87,"column":12},"end":{"line":87,"column":38}},{"start":{"line":87,"column":42},"end":{"line":87,"column":63}},{"start":{"line":87,"column":67},"end":{"line":87,"column":86}}],"line":87},"10":{"loc":{"start":{"line":88,"column":10},"end":{"line":92,"column":11}},"type":"if","locations":[{"start":{"line":88,"column":10},"end":{"line":92,"column":11}},{"start":{"line":90,"column":17},"end":{"line":92,"column":11}}],"line":88},"11":{"loc":{"start":{"line":99,"column":12},"end":{"line":99,"column":49}},"type":"binary-expr","locations":[{"start":{"line":99,"column":12},"end":{"line":99,"column":32}},{"start":{"line":99,"column":36},"end":{"line":99,"column":49}}],"line":99},"12":{"loc":{"start":{"line":108,"column":4},"end":{"line":110,"column":5}},"type":"if","locations":[{"start":{"line":108,"column":4},"end":{"line":110,"column":5}},{"start":{},"end":{}}],"line":108},"13":{"loc":{"start":{"line":108,"column":8},"end":{"line":108,"column":32}},"type":"binary-expr","locations":[{"start":{"line":108,"column":8},"end":{"line":108,"column":18}},{"start":{"line":108,"column":22},"end":{"line":108,"column":32}}],"line":108},"14":{"loc":{"start":{"line":112,"column":4},"end":{"line":114,"column":5}},"type":"if","locations":[{"start":{"line":112,"column":4},"end":{"line":114,"column":5}},{"start":{},"end":{}}],"line":112},"15":{"loc":{"start":{"line":112,"column":8},"end":{"line":112,"column":28}},"type":"binary-expr","locations":[{"start":{"line":112,"column":8},"end":{"line":112,"column":16}},{"start":{"line":112,"column":20},"end":{"line":112,"column":28}}],"line":112},"16":{"loc":{"start":{"line":116,"column":4},"end":{"line":118,"column":5}},"type":"if","locations":[{"start":{"line":116,"column":4},"end":{"line":118,"column":5}},{"start":{},"end":{}}],"line":116}},"s":{"0":0,"1":0,"2":0,"3":0,"4":0,"5":0,"6":0,"7":0,"8":0,"9":0,"10":0,"11":0,"12":0,"13":0,"14":0,"15":0,"16":0,"17":0,"18":0,"19":0,"20":0,"21":0,"22":0,"23":0,"24":0,"25":0,"26":0,"27":0,"28":0,"29":0,"30":0,"31":0,"32":0,"33":0,"34":0,"35":0,"36":0,"37":0,"38":0,"39":0,"40":0,"41":0,"42":0,"43":0,"44":0,"45":0,"46":0,"47":0,"48":0,"49":0,"50":0,"51":0},"f":{"0":0,"1":0,"2":0,"3":0,"4":0,"5":0,"6":0,"7":0,"8":0,"9":0,"10":0,"11":0,"12":0},"b":{"0":[0,0],"1":[0,0],"2":[0,0],"3":[0,0],"4":[0,0],"5":[0,0],"6":[0,0],"7":[0],"8":[0,0],"9":[0,0,0],"10":[0,0],"11":[0,0],"12":[0,0],"13":[0,0],"14":[0,0],"15":[0,0],"16":[0,0]}}
,"C:\\backup buzzaz file\\buzzaz-react\\frontend\\src\\components\\EditProfileForm.js": {"path":"C:\\backup buzzaz file\\buzzaz-react\\frontend\\src\\components\\EditProfileForm.js","statementMap":{"0":{"start":{"line":6,"column":24},"end":{"line":421,"column":1}},"1":{"start":{"line":7,"column":19},"end":{"line":7,"column":28}},"2":{"start":{"line":8,"column":34},"end":{"line":27,"column":4}},"3":{"start":{"line":29,"column":36},"end":{"line":29,"column":51}},"4":{"start":{"line":30,"column":28},"end":{"line":30,"column":40}},"5":{"start":{"line":31,"column":32},"end":{"line":31,"column":44}},"6":{"start":{"line":34,"column":23},"end":{"line":41,"column":3}},"7":{"start":{"line":43,"column":30},"end":{"line":47,"column":3}},"8":{"start":{"line":49,"column":26},"end":{"line":52,"column":3}},"9":{"start":{"line":55,"column":23},"end":{"line":60,"column":3}},"10":{"start":{"line":63,"column":25},"end":{"line":68,"column":3}},"11":{"start":{"line":64,"column":4},"end":{"line":64,"column":41}},"12":{"start":{"line":64,"column":27},"end":{"line":64,"column":41}},"13":{"start":{"line":65,"column":4},"end":{"line":65,"column":43}},"14":{"start":{"line":65,"column":28},"end":{"line":65,"column":43}},"15":{"start":{"line":66,"column":4},"end":{"line":66,"column":44}},"16":{"start":{"line":66,"column":29},"end":{"line":66,"column":44}},"17":{"start":{"line":67,"column":4},"end":{"line":67,"column":18}},"18":{"start":{"line":70,"column":2},"end":{"line":88,"column":22}},"19":{"start":{"line":71,"column":4},"end":{"line":87,"column":5}},"20":{"start":{"line":72,"column":6},"end":{"line":86,"column":9}},"21":{"start":{"line":90,"column":28},"end":{"line":96,"column":3}},"22":{"start":{"line":91,"column":28},"end":{"line":91,"column":36}},"23":{"start":{"line":92,"column":4},"end":{"line":95,"column":8}},"24":{"start":{"line":92,"column":25},"end":{"line":95,"column":5}},"25":{"start":{"line":98,"column":34},"end":{"line":110,"column":3}},"26":{"start":{"line":99,"column":4},"end":{"line":109,"column":7}},"27":{"start":{"line":100,"column":28},"end":{"line":100,"column":44}},"28":{"start":{"line":101,"column":24},"end":{"line":103,"column":35}},"29":{"start":{"line":102,"column":39},"end":{"line":102,"column":53}},"30":{"start":{"line":105,"column":6},"end":{"line":108,"column":8}},"31":{"start":{"line":112,"column":23},"end":{"line":167,"column":3}},"32":{"start":{"line":113,"column":4},"end":{"line":113,"column":23}},"33":{"start":{"line":114,"column":4},"end":{"line":114,"column":23}},"34":{"start":{"line":115,"column":4},"end":{"line":115,"column":17}},"35":{"start":{"line":116,"column":4},"end":{"line":116,"column":19}},"36":{"start":{"line":118,"column":4},"end":{"line":166,"column":5}},"37":{"start":{"line":120,"column":29},"end":{"line":120,"column":50}},"38":{"start":{"line":121,"column":28},"end":{"line":126,"column":8}},"39":{"start":{"line":122,"column":8},"end":{"line":124,"column":9}},"40":{"start":{"line":123,"column":10},"end":{"line":123,"column":66}},"41":{"start":{"line":125,"column":8},"end":{"line":125,"column":32}},"42":{"start":{"line":128,"column":6},"end":{"line":132,"column":7}},"43":{"start":{"line":129,"column":8},"end":{"line":129,"column":84}},"44":{"start":{"line":130,"column":8},"end":{"line":130,"column":28}},"45":{"start":{"line":131,"column":8},"end":{"line":131,"column":15}},"46":{"start":{"line":134,"column":6},"end":{"line":138,"column":7}},"47":{"start":{"line":135,"column":8},"end":{"line":135,"column":61}},"48":{"start":{"line":136,"column":8},"end":{"line":136,"column":28}},"49":{"start":{"line":137,"column":8},"end":{"line":137,"column":15}},"50":{"start":{"line":140,"column":6},"end":{"line":144,"column":7}},"51":{"start":{"line":141,"column":8},"end":{"line":141,"column":56}},"52":{"start":{"line":142,"column":8},"end":{"line":142,"column":28}},"53":{"start":{"line":143,"column":8},"end":{"line":143,"column":15}},"54":{"start":{"line":147,"column":23},"end":{"line":147,"column":76}},"55":{"start":{"line":149,"column":6},"end":{"line":160,"column":7}},"56":{"start":{"line":150,"column":8},"end":{"line":150,"column":52}},"57":{"start":{"line":151,"column":8},"end":{"line":151,"column":26}},"58":{"start":{"line":154,"column":8},"end":{"line":157,"column":17}},"59":{"start":{"line":155,"column":10},"end":{"line":155,"column":19}},"60":{"start":{"line":156,"column":10},"end":{"line":156,"column":25}},"61":{"start":{"line":159,"column":8},"end":{"line":159,"column":45}},"62":{"start":{"line":162,"column":6},"end":{"line":162,"column":52}},"63":{"start":{"line":163,"column":6},"end":{"line":163,"column":62}},"64":{"start":{"line":165,"column":6},"end":{"line":165,"column":26}},"65":{"start":{"line":169,"column":22},"end":{"line":169,"column":61}},"66":{"start":{"line":170,"column":20},"end":{"line":170,"column":45}},"67":{"start":{"line":172,"column":2},"end":{"line":420,"column":4}},"68":{"start":{"line":277,"column":18},"end":{"line":293,"column":24}},"69":{"start":{"line":284,"column":44},"end":{"line":284,"column":52}},"70":{"start":{"line":285,"column":24},"end":{"line":290,"column":28}},"71":{"start":{"line":285,"column":45},"end":{"line":290,"column":25}},"72":{"start":{"line":289,"column":56},"end":{"line":289,"column":70}},"73":{"start":{"line":303,"column":16},"end":{"line":311,"column":18}},"74":{"start":{"line":309,"column":34},"end":{"line":309,"column":80}},"75":{"start":{"line":321,"column":18},"end":{"line":330,"column":24}},"76":{"start":{"line":327,"column":38},"end":{"line":327,"column":84}}},"fnMap":{"0":{"name":"(anonymous_0)","decl":{"start":{"line":6,"column":24},"end":{"line":6,"column":25}},"loc":{"start":{"line":6,"column":72},"end":{"line":421,"column":1}},"line":6},"1":{"name":"(anonymous_1)","decl":{"start":{"line":63,"column":25},"end":{"line":63,"column":26}},"loc":{"start":{"line":63,"column":40},"end":{"line":68,"column":3}},"line":63},"2":{"name":"(anonymous_2)","decl":{"start":{"line":70,"column":12},"end":{"line":70,"column":13}},"loc":{"start":{"line":70,"column":18},"end":{"line":88,"column":3}},"line":70},"3":{"name":"(anonymous_3)","decl":{"start":{"line":90,"column":28},"end":{"line":90,"column":29}},"loc":{"start":{"line":90,"column":35},"end":{"line":96,"column":3}},"line":90},"4":{"name":"(anonymous_4)","decl":{"start":{"line":92,"column":16},"end":{"line":92,"column":17}},"loc":{"start":{"line":92,"column":25},"end":{"line":95,"column":5}},"line":92},"5":{"name":"(anonymous_5)","decl":{"start":{"line":98,"column":34},"end":{"line":98,"column":35}},"loc":{"start":{"line":98,"column":51},"end":{"line":110,"column":3}},"line":98},"6":{"name":"(anonymous_6)","decl":{"start":{"line":99,"column":16},"end":{"line":99,"column":17}},"loc":{"start":{"line":99,"column":24},"end":{"line":109,"column":5}},"line":99},"7":{"name":"(anonymous_7)","decl":{"start":{"line":102,"column":31},"end":{"line":102,"column":32}},"loc":{"start":{"line":102,"column":39},"end":{"line":102,"column":53}},"line":102},"8":{"name":"(anonymous_8)","decl":{"start":{"line":112,"column":23},"end":{"line":112,"column":24}},"loc":{"start":{"line":112,"column":36},"end":{"line":167,"column":3}},"line":112},"9":{"name":"(anonymous_9)","decl":{"start":{"line":121,"column":50},"end":{"line":121,"column":51}},"loc":{"start":{"line":121,"column":59},"end":{"line":126,"column":7}},"line":121},"10":{"name":"(anonymous_10)","decl":{"start":{"line":154,"column":19},"end":{"line":154,"column":20}},"loc":{"start":{"line":154,"column":25},"end":{"line":157,"column":9}},"line":154},"11":{"name":"(anonymous_11)","decl":{"start":{"line":276,"column":34},"end":{"line":276,"column":35}},"loc":{"start":{"line":277,"column":18},"end":{"line":293,"column":24}},"line":277},"12":{"name":"(anonymous_12)","decl":{"start":{"line":283,"column":32},"end":{"line":283,"column":33}},"loc":{"start":{"line":283,"column":39},"end":{"line":291,"column":23}},"line":283},"13":{"name":"(anonymous_13)","decl":{"start":{"line":285,"column":36},"end":{"line":285,"column":37}},"loc":{"start":{"line":285,"column":45},"end":{"line":290,"column":25}},"line":285},"14":{"name":"(anonymous_14)","decl":{"start":{"line":289,"column":48},"end":{"line":289,"column":49}},"loc":{"start":{"line":289,"column":56},"end":{"line":289,"column":70}},"line":289},"15":{"name":"(anonymous_15)","decl":{"start":{"line":302,"column":39},"end":{"line":302,"column":40}},"loc":{"start":{"line":303,"column":16},"end":{"line":311,"column":18}},"line":303},"16":{"name":"(anonymous_16)","decl":{"start":{"line":309,"column":28},"end":{"line":309,"column":29}},"loc":{"start":{"line":309,"column":34},"end":{"line":309,"column":80}},"line":309},"17":{"name":"(anonymous_17)","decl":{"start":{"line":320,"column":37},"end":{"line":320,"column":38}},"loc":{"start":{"line":321,"column":18},"end":{"line":330,"column":24}},"line":321},"18":{"name":"(anonymous_18)","decl":{"start":{"line":327,"column":32},"end":{"line":327,"column":33}},"loc":{"start":{"line":327,"column":38},"end":{"line":327,"column":84}},"line":327}},"branchMap":{"0":{"loc":{"start":{"line":64,"column":4},"end":{"line":64,"column":41}},"type":"if","locations":[{"start":{"line":64,"column":4},"end":{"line":64,"column":41}},{"start":{},"end":{}}],"line":64},"1":{"loc":{"start":{"line":65,"column":4},"end":{"line":65,"column":43}},"type":"if","locations":[{"start":{"line":65,"column":4},"end":{"line":65,"column":43}},{"start":{},"end":{}}],"line":65},"2":{"loc":{"start":{"line":66,"column":4},"end":{"line":66,"column":44}},"type":"if","locations":[{"start":{"line":66,"column":4},"end":{"line":66,"column":44}},{"start":{},"end":{}}],"line":66},"3":{"loc":{"start":{"line":71,"column":4},"end":{"line":87,"column":5}},"type":"if","locations":[{"start":{"line":71,"column":4},"end":{"line":87,"column":5}},{"start":{},"end":{}}],"line":71},"4":{"loc":{"start":{"line":71,"column":8},"end":{"line":71,"column":23}},"type":"binary-expr","locations":[{"start":{"line":71,"column":8},"end":{"line":71,"column":15}},{"start":{"line":71,"column":19},"end":{"line":71,"column":23}}],"line":71},"5":{"loc":{"start":{"line":73,"column":18},"end":{"line":73,"column":40}},"type":"binary-expr","locations":[{"start":{"line":73,"column":18},"end":{"line":73,"column":34}},{"start":{"line":73,"column":38},"end":{"line":73,"column":40}}],"line":73},"6":{"loc":{"start":{"line":74,"column":13},"end":{"line":74,"column":30}},"type":"binary-expr","locations":[{"start":{"line":74,"column":13},"end":{"line":74,"column":24}},{"start":{"line":74,"column":28},"end":{"line":74,"column":30}}],"line":74},"7":{"loc":{"start":{"line":75,"column":18},"end":{"line":75,"column":40}},"type":"binary-expr","locations":[{"start":{"line":75,"column":18},"end":{"line":75,"column":34}},{"start":{"line":75,"column":38},"end":{"line":75,"column":40}}],"line":75},"8":{"loc":{"start":{"line":76,"column":21},"end":{"line":76,"column":46}},"type":"binary-expr","locations":[{"start":{"line":76,"column":21},"end":{"line":76,"column":40}},{"start":{"line":76,"column":44},"end":{"line":76,"column":46}}],"line":76},"9":{"loc":{"start":{"line":77,"column":14},"end":{"line":77,"column":32}},"type":"binary-expr","locations":[{"start":{"line":77,"column":14},"end":{"line":77,"column":26}},{"start":{"line":77,"column":30},"end":{"line":77,"column":32}}],"line":77},"10":{"loc":{"start":{"line":78,"column":17},"end":{"line":78,"column":38}},"type":"binary-expr","locations":[{"start":{"line":78,"column":17},"end":{"line":78,"column":32}},{"start":{"line":78,"column":36},"end":{"line":78,"column":38}}],"line":78},"11":{"loc":{"start":{"line":79,"column":15},"end":{"line":79,"column":34}},"type":"binary-expr","locations":[{"start":{"line":79,"column":15},"end":{"line":79,"column":28}},{"start":{"line":79,"column":32},"end":{"line":79,"column":34}}],"line":79},"12":{"loc":{"start":{"line":80,"column":22},"end":{"line":80,"column":48}},"type":"binary-expr","locations":[{"start":{"line":80,"column":22},"end":{"line":80,"column":42}},{"start":{"line":80,"column":46},"end":{"line":80,"column":48}}],"line":80},"13":{"loc":{"start":{"line":81,"column":19},"end":{"line":81,"column":42}},"type":"binary-expr","locations":[{"start":{"line":81,"column":19},"end":{"line":81,"column":36}},{"start":{"line":81,"column":40},"end":{"line":81,"column":42}}],"line":81},"14":{"loc":{"start":{"line":82,"column":19},"end":{"line":82,"column":42}},"type":"binary-expr","locations":[{"start":{"line":82,"column":19},"end":{"line":82,"column":36}},{"start":{"line":82,"column":40},"end":{"line":82,"column":42}}],"line":82},"15":{"loc":{"start":{"line":83,"column":20},"end":{"line":83,"column":44}},"type":"binary-expr","locations":[{"start":{"line":83,"column":20},"end":{"line":83,"column":38}},{"start":{"line":83,"column":42},"end":{"line":83,"column":44}}],"line":83},"16":{"loc":{"start":{"line":84,"column":20},"end":{"line":84,"column":44}},"type":"binary-expr","locations":[{"start":{"line":84,"column":20},"end":{"line":84,"column":38}},{"start":{"line":84,"column":42},"end":{"line":84,"column":44}}],"line":84},"17":{"loc":{"start":{"line":85,"column":32},"end":{"line":85,"column":68}},"type":"binary-expr","locations":[{"start":{"line":85,"column":32},"end":{"line":85,"column":62}},{"start":{"line":85,"column":66},"end":{"line":85,"column":68}}],"line":85},"18":{"loc":{"start":{"line":100,"column":28},"end":{"line":100,"column":44}},"type":"binary-expr","locations":[{"start":{"line":100,"column":28},"end":{"line":100,"column":38}},{"start":{"line":100,"column":42},"end":{"line":100,"column":44}}],"line":100},"19":{"loc":{"start":{"line":101,"column":24},"end":{"line":103,"column":35}},"type":"cond-expr","locations":[{"start":{"line":102,"column":10},"end":{"line":102,"column":54}},{"start":{"line":103,"column":10},"end":{"line":103,"column":35}}],"line":101},"20":{"loc":{"start":{"line":122,"column":8},"end":{"line":124,"column":9}},"type":"if","locations":[{"start":{"line":122,"column":8},"end":{"line":124,"column":9}},{"start":{},"end":{}}],"line":122},"21":{"loc":{"start":{"line":123,"column":17},"end":{"line":123,"column":65}},"type":"binary-expr","locations":[{"start":{"line":123,"column":17},"end":{"line":123,"column":33}},{"start":{"line":123,"column":37},"end":{"line":123,"column":65}}],"line":123},"22":{"loc":{"start":{"line":128,"column":6},"end":{"line":132,"column":7}},"type":"if","locations":[{"start":{"line":128,"column":6},"end":{"line":132,"column":7}},{"start":{},"end":{}}],"line":128},"23":{"loc":{"start":{"line":134,"column":6},"end":{"line":138,"column":7}},"type":"if","locations":[{"start":{"line":134,"column":6},"end":{"line":138,"column":7}},{"start":{},"end":{}}],"line":134},"24":{"loc":{"start":{"line":140,"column":6},"end":{"line":144,"column":7}},"type":"if","locations":[{"start":{"line":140,"column":6},"end":{"line":144,"column":7}},{"start":{},"end":{}}],"line":140},"25":{"loc":{"start":{"line":149,"column":6},"end":{"line":160,"column":7}},"type":"if","locations":[{"start":{"line":149,"column":6},"end":{"line":160,"column":7}},{"start":{"line":158,"column":13},"end":{"line":160,"column":7}}],"line":149},"26":{"loc":{"start":{"line":169,"column":37},"end":{"line":169,"column":60}},"type":"binary-expr","locations":[{"start":{"line":169,"column":37},"end":{"line":169,"column":55}},{"start":{"line":169,"column":59},"end":{"line":169,"column":60}}],"line":169},"27":{"loc":{"start":{"line":178,"column":9},"end":{"line":183,"column":9}},"type":"binary-expr","locations":[{"start":{"line":178,"column":9},"end":{"line":178,"column":14}},{"start":{"line":179,"column":10},"end":{"line":182,"column":18}}],"line":178},"28":{"loc":{"start":{"line":185,"column":9},"end":{"line":190,"column":9}},"type":"binary-expr","locations":[{"start":{"line":185,"column":9},"end":{"line":185,"column":16}},{"start":{"line":186,"column":10},"end":{"line":189,"column":18}}],"line":185},"29":{"loc":{"start":{"line":287,"column":33},"end":{"line":289,"column":71}},"type":"cond-expr","locations":[{"start":{"line":288,"column":30},"end":{"line":288,"column":52}},{"start":{"line":289,"column":30},"end":{"line":289,"column":71}}],"line":287},"30":{"loc":{"start":{"line":409,"column":11},"end":{"line":416,"column":11}},"type":"cond-expr","locations":[{"start":{"line":410,"column":12},"end":{"line":413,"column":15}},{"start":{"line":415,"column":12},"end":{"line":415,"column":26}}],"line":409}},"s":{"0":0,"1":0,"2":0,"3":0,"4":0,"5":0,"6":0,"7":0,"8":0,"9":0,"10":0,"11":0,"12":0,"13":0,"14":0,"15":0,"16":0,"17":0,"18":0,"19":0,"20":0,"21":0,"22":0,"23":0,"24":0,"25":0,"26":0,"27":0,"28":0,"29":0,"30":0,"31":0,"32":0,"33":0,"34":0,"35":0,"36":0,"37":0,"38":0,"39":0,"40":0,"41":0,"42":0,"43":0,"44":0,"45":0,"46":0,"47":0,"48":0,"49":0,"50":0,"51":0,"52":0,"53":0,"54":0,"55":0,"56":0,"57":0,"58":0,"59":0,"60":0,"61":0,"62":0,"63":0,"64":0,"65":0,"66":0,"67":0,"68":0,"69":0,"70":0,"71":0,"72":0,"73":0,"74":0,"75":0,"76":0},"f":{"0":0,"1":0,"2":0,"3":0,"4":0,"5":0,"6":0,"7":0,"8":0,"9":0,"10":0,"11":0,"12":0,"13":0,"14":0,"15":0,"16":0,"17":0,"18":0},"b":{"0":[0,0],"1":[0,0],"2":[0,0],"3":[0,0],"4":[0,0],"5":[0,0],"6":[0,0],"7":[0,0],"8":[0,0],"9":[0,0],"10":[0,0],"11":[0,0],"12":[0,0],"13":[0,0],"14":[0,0],"15":[0,0],"16":[0,0],"17":[0,0],"18":[0,0],"19":[0,0],"20":[0,0],"21":[0,0],"22":[0,0],"23":[0,0],"24":[0,0],"25":[0,0],"26":[0,0],"27":[0,0],"28":[0,0],"29":[0,0],"30":[0,0]}}
,"C:\\backup buzzaz file\\buzzaz-react\\frontend\\src\\components\\EmailModal.js": {"path":"C:\\backup buzzaz file\\buzzaz-react\\frontend\\src\\components\\EmailModal.js","statementMap":{"0":{"start":{"line":4,"column":19},"end":{"line":181,"column":1}},"1":{"start":{"line":5,"column":34},"end":{"line":10,"column":4}},"2":{"start":{"line":11,"column":36},"end":{"line":11,"column":51}},"3":{"start":{"line":12,"column":28},"end":{"line":12,"column":40}},"4":{"start":{"line":13,"column":32},"end":{"line":13,"column":47}},"5":{"start":{"line":15,"column":23},"end":{"line":20,"column":3}},"6":{"start":{"line":16,"column":4},"end":{"line":19,"column":7}},"7":{"start":{"line":22,"column":23},"end":{"line":58,"column":3}},"8":{"start":{"line":23,"column":4},"end":{"line":23,"column":23}},"9":{"start":{"line":24,"column":4},"end":{"line":24,"column":23}},"10":{"start":{"line":25,"column":4},"end":{"line":25,"column":17}},"11":{"start":{"line":27,"column":4},"end":{"line":57,"column":5}},"12":{"start":{"line":28,"column":23},"end":{"line":40,"column":8}},"13":{"start":{"line":42,"column":6},"end":{"line":52,"column":7}},"14":{"start":{"line":43,"column":8},"end":{"line":43,"column":25}},"15":{"start":{"line":44,"column":8},"end":{"line":48,"column":17}},"16":{"start":{"line":45,"column":10},"end":{"line":45,"column":19}},"17":{"start":{"line":46,"column":10},"end":{"line":46,"column":28}},"18":{"start":{"line":47,"column":10},"end":{"line":47,"column":71}},"19":{"start":{"line":50,"column":26},"end":{"line":50,"column":47}},"20":{"start":{"line":51,"column":8},"end":{"line":51,"column":62}},"21":{"start":{"line":54,"column":6},"end":{"line":54,"column":51}},"22":{"start":{"line":56,"column":6},"end":{"line":56,"column":26}},"23":{"start":{"line":60,"column":2},"end":{"line":180,"column":4}}},"fnMap":{"0":{"name":"(anonymous_0)","decl":{"start":{"line":4,"column":19},"end":{"line":4,"column":20}},"loc":{"start":{"line":4,"column":53},"end":{"line":181,"column":1}},"line":4},"1":{"name":"(anonymous_1)","decl":{"start":{"line":15,"column":23},"end":{"line":15,"column":24}},"loc":{"start":{"line":15,"column":30},"end":{"line":20,"column":3}},"line":15},"2":{"name":"(anonymous_2)","decl":{"start":{"line":22,"column":23},"end":{"line":22,"column":24}},"loc":{"start":{"line":22,"column":36},"end":{"line":58,"column":3}},"line":22},"3":{"name":"(anonymous_3)","decl":{"start":{"line":44,"column":19},"end":{"line":44,"column":20}},"loc":{"start":{"line":44,"column":25},"end":{"line":48,"column":9}},"line":44}},"branchMap":{"0":{"loc":{"start":{"line":42,"column":6},"end":{"line":52,"column":7}},"type":"if","locations":[{"start":{"line":42,"column":6},"end":{"line":52,"column":7}},{"start":{"line":49,"column":13},"end":{"line":52,"column":7}}],"line":42},"1":{"loc":{"start":{"line":51,"column":17},"end":{"line":51,"column":60}},"type":"binary-expr","locations":[{"start":{"line":51,"column":17},"end":{"line":51,"column":34}},{"start":{"line":51,"column":38},"end":{"line":51,"column":60}}],"line":51},"2":{"loc":{"start":{"line":69,"column":9},"end":{"line":74,"column":9}},"type":"binary-expr","locations":[{"start":{"line":69,"column":9},"end":{"line":69,"column":14}},{"start":{"line":70,"column":10},"end":{"line":73,"column":18}}],"line":69},"3":{"loc":{"start":{"line":76,"column":9},"end":{"line":81,"column":9}},"type":"binary-expr","locations":[{"start":{"line":76,"column":9},"end":{"line":76,"column":16}},{"start":{"line":77,"column":10},"end":{"line":80,"column":18}}],"line":76},"4":{"loc":{"start":{"line":164,"column":15},"end":{"line":174,"column":15}},"type":"cond-expr","locations":[{"start":{"line":165,"column":16},"end":{"line":168,"column":19}},{"start":{"line":170,"column":16},"end":{"line":173,"column":19}}],"line":164}},"s":{"0":0,"1":0,"2":0,"3":0,"4":0,"5":0,"6":0,"7":0,"8":0,"9":0,"10":0,"11":0,"12":0,"13":0,"14":0,"15":0,"16":0,"17":0,"18":0,"19":0,"20":0,"21":0,"22":0,"23":0},"f":{"0":0,"1":0,"2":0,"3":0},"b":{"0":[0,0],"1":[0,0],"2":[0,0],"3":[0,0],"4":[0,0]}}
,"C:\\backup buzzaz file\\buzzaz-react\\frontend\\src\\components\\MultiSelect.js": {"path":"C:\\backup buzzaz file\\buzzaz-react\\frontend\\src\\components\\MultiSelect.js","statementMap":{"0":{"start":{"line":4,"column":20},"end":{"line":140,"column":1}},"1":{"start":{"line":13,"column":30},"end":{"line":13,"column":45}},"2":{"start":{"line":14,"column":38},"end":{"line":14,"column":50}},"3":{"start":{"line":15,"column":22},"end":{"line":15,"column":34}},"4":{"start":{"line":17,"column":2},"end":{"line":28,"column":9}},"5":{"start":{"line":18,"column":31},"end":{"line":22,"column":5}},"6":{"start":{"line":19,"column":6},"end":{"line":21,"column":7}},"7":{"start":{"line":20,"column":8},"end":{"line":20,"column":25}},"8":{"start":{"line":24,"column":4},"end":{"line":24,"column":63}},"9":{"start":{"line":25,"column":4},"end":{"line":27,"column":6}},"10":{"start":{"line":26,"column":6},"end":{"line":26,"column":68}},"11":{"start":{"line":30,"column":26},"end":{"line":32,"column":3}},"12":{"start":{"line":31,"column":4},"end":{"line":31,"column":59}},"13":{"start":{"line":34,"column":29},"end":{"line":39,"column":3}},"14":{"start":{"line":35,"column":21},"end":{"line":37,"column":26}},"15":{"start":{"line":36,"column":29},"end":{"line":36,"column":44}},"16":{"start":{"line":38,"column":4},"end":{"line":38,"column":23}},"17":{"start":{"line":41,"column":29},"end":{"line":44,"column":3}},"18":{"start":{"line":42,"column":21},"end":{"line":42,"column":66}},"19":{"start":{"line":42,"column":42},"end":{"line":42,"column":65}},"20":{"start":{"line":43,"column":4},"end":{"line":43,"column":23}},"21":{"start":{"line":46,"column":2},"end":{"line":139,"column":4}},"22":{"start":{"line":59,"column":23},"end":{"line":59,"column":54}},"23":{"start":{"line":65,"column":12},"end":{"line":82,"column":20}},"24":{"start":{"line":76,"column":20},"end":{"line":76,"column":40}},"25":{"start":{"line":77,"column":20},"end":{"line":77,"column":45}},"26":{"start":{"line":104,"column":31},"end":{"line":104,"column":60}},"27":{"start":{"line":114,"column":16},"end":{"line":132,"column":22}},"28":{"start":{"line":120,"column":33},"end":{"line":120,"column":59}},"29":{"start":{"line":121,"column":39},"end":{"line":121,"column":73}},"30":{"start":{"line":123,"column":20},"end":{"line":125,"column":21}},"31":{"start":{"line":124,"column":22},"end":{"line":124,"column":60}}},"fnMap":{"0":{"name":"(anonymous_0)","decl":{"start":{"line":4,"column":20},"end":{"line":4,"column":21}},"loc":{"start":{"line":12,"column":6},"end":{"line":140,"column":1}},"line":12},"1":{"name":"(anonymous_1)","decl":{"start":{"line":17,"column":12},"end":{"line":17,"column":13}},"loc":{"start":{"line":17,"column":18},"end":{"line":28,"column":3}},"line":17},"2":{"name":"(anonymous_2)","decl":{"start":{"line":18,"column":31},"end":{"line":18,"column":32}},"loc":{"start":{"line":18,"column":42},"end":{"line":22,"column":5}},"line":18},"3":{"name":"(anonymous_3)","decl":{"start":{"line":25,"column":11},"end":{"line":25,"column":12}},"loc":{"start":{"line":25,"column":17},"end":{"line":27,"column":5}},"line":25},"4":{"name":"(anonymous_4)","decl":{"start":{"line":30,"column":41},"end":{"line":30,"column":42}},"loc":{"start":{"line":31,"column":4},"end":{"line":31,"column":59}},"line":31},"5":{"name":"(anonymous_5)","decl":{"start":{"line":34,"column":29},"end":{"line":34,"column":30}},"loc":{"start":{"line":34,"column":41},"end":{"line":39,"column":3}},"line":34},"6":{"name":"(anonymous_6)","decl":{"start":{"line":36,"column":21},"end":{"line":36,"column":22}},"loc":{"start":{"line":36,"column":29},"end":{"line":36,"column":44}},"line":36},"7":{"name":"(anonymous_7)","decl":{"start":{"line":41,"column":29},"end":{"line":41,"column":30}},"loc":{"start":{"line":41,"column":49},"end":{"line":44,"column":3}},"line":41},"8":{"name":"(anonymous_8)","decl":{"start":{"line":42,"column":34},"end":{"line":42,"column":35}},"loc":{"start":{"line":42,"column":42},"end":{"line":42,"column":65}},"line":42},"9":{"name":"(anonymous_9)","decl":{"start":{"line":59,"column":17},"end":{"line":59,"column":18}},"loc":{"start":{"line":59,"column":23},"end":{"line":59,"column":54}},"line":59},"10":{"name":"(anonymous_10)","decl":{"start":{"line":64,"column":20},"end":{"line":64,"column":21}},"loc":{"start":{"line":65,"column":12},"end":{"line":82,"column":20}},"line":65},"11":{"name":"(anonymous_11)","decl":{"start":{"line":75,"column":27},"end":{"line":75,"column":28}},"loc":{"start":{"line":75,"column":34},"end":{"line":78,"column":19}},"line":75},"12":{"name":"(anonymous_12)","decl":{"start":{"line":104,"column":24},"end":{"line":104,"column":25}},"loc":{"start":{"line":104,"column":31},"end":{"line":104,"column":60}},"line":104},"13":{"name":"(anonymous_13)","decl":{"start":{"line":113,"column":34},"end":{"line":113,"column":35}},"loc":{"start":{"line":114,"column":16},"end":{"line":132,"column":22}},"line":114},"14":{"name":"(anonymous_14)","decl":{"start":{"line":120,"column":27},"end":{"line":120,"column":28}},"loc":{"start":{"line":120,"column":33},"end":{"line":120,"column":59}},"line":120},"15":{"name":"(anonymous_15)","decl":{"start":{"line":121,"column":32},"end":{"line":121,"column":33}},"loc":{"start":{"line":121,"column":39},"end":{"line":121,"column":73}},"line":121},"16":{"name":"(anonymous_16)","decl":{"start":{"line":122,"column":32},"end":{"line":122,"column":33}},"loc":{"start":{"line":122,"column":39},"end":{"line":126,"column":19}},"line":122}},"branchMap":{"0":{"loc":{"start":{"line":5,"column":2},"end":{"line":5,"column":14}},"type":"default-arg","locations":[{"start":{"line":5,"column":12},"end":{"line":5,"column":14}}],"line":5},"1":{"loc":{"start":{"line":6,"column":2},"end":{"line":6,"column":12}},"type":"default-arg","locations":[{"start":{"line":6,"column":10},"end":{"line":6,"column":12}}],"line":6},"2":{"loc":{"start":{"line":8,"column":2},"end":{"line":8,"column":35}},"type":"default-arg","locations":[{"start":{"line":8,"column":16},"end":{"line":8,"column":35}}],"line":8},"3":{"loc":{"start":{"line":10,"column":2},"end":{"line":10,"column":19}},"type":"default-arg","locations":[{"start":{"line":10,"column":14},"end":{"line":10,"column":19}}],"line":10},"4":{"loc":{"start":{"line":11,"column":2},"end":{"line":11,"column":18}},"type":"default-arg","locations":[{"start":{"line":11,"column":13},"end":{"line":11,"column":18}}],"line":11},"5":{"loc":{"start":{"line":19,"column":6},"end":{"line":21,"column":7}},"type":"if","locations":[{"start":{"line":19,"column":6},"end":{"line":21,"column":7}},{"start":{},"end":{}}],"line":19},"6":{"loc":{"start":{"line":19,"column":10},"end":{"line":19,"column":76}},"type":"binary-expr","locations":[{"start":{"line":19,"column":10},"end":{"line":19,"column":29}},{"start":{"line":19,"column":33},"end":{"line":19,"column":76}}],"line":19},"7":{"loc":{"start":{"line":35,"column":21},"end":{"line":37,"column":26}},"type":"cond-expr","locations":[{"start":{"line":36,"column":8},"end":{"line":36,"column":45}},{"start":{"line":37,"column":8},"end":{"line":37,"column":26}}],"line":35},"8":{"loc":{"start":{"line":48,"column":7},"end":{"line":48,"column":48}},"type":"binary-expr","locations":[{"start":{"line":48,"column":7},"end":{"line":48,"column":12}},{"start":{"line":48,"column":16},"end":{"line":48,"column":48}}],"line":48},"9":{"loc":{"start":{"line":52,"column":10},"end":{"line":52,"column":39}},"type":"cond-expr","locations":[{"start":{"line":52,"column":22},"end":{"line":52,"column":34}},{"start":{"line":52,"column":37},"end":{"line":52,"column":39}}],"line":52},"10":{"loc":{"start":{"line":53,"column":12},"end":{"line":53,"column":38}},"type":"cond-expr","locations":[{"start":{"line":53,"column":23},"end":{"line":53,"column":33}},{"start":{"line":53,"column":36},"end":{"line":53,"column":38}}],"line":53},"11":{"loc":{"start":{"line":56,"column":18},"end":{"line":56,"column":54}},"type":"cond-expr","locations":[{"start":{"line":56,"column":29},"end":{"line":56,"column":42}},{"start":{"line":56,"column":45},"end":{"line":56,"column":54}}],"line":56},"12":{"loc":{"start":{"line":57,"column":27},"end":{"line":57,"column":57}},"type":"cond-expr","locations":[{"start":{"line":57,"column":38},"end":{"line":57,"column":47}},{"start":{"line":57,"column":50},"end":{"line":57,"column":57}}],"line":57},"13":{"loc":{"start":{"line":59,"column":23},"end":{"line":59,"column":54}},"type":"binary-expr","locations":[{"start":{"line":59,"column":23},"end":{"line":59,"column":32}},{"start":{"line":59,"column":36},"end":{"line":59,"column":54}}],"line":59},"14":{"loc":{"start":{"line":61,"column":9},"end":{"line":84,"column":9}},"type":"cond-expr","locations":[{"start":{"line":62,"column":10},"end":{"line":62,"column":59}},{"start":{"line":64,"column":10},"end":{"line":83,"column":12}}],"line":61},"15":{"loc":{"start":{"line":72,"column":15},"end":{"line":81,"column":15}},"type":"binary-expr","locations":[{"start":{"line":72,"column":15},"end":{"line":72,"column":24}},{"start":{"line":73,"column":16},"end":{"line":80,"column":21}}],"line":72},"16":{"loc":{"start":{"line":86,"column":9},"end":{"line":91,"column":9}},"type":"binary-expr","locations":[{"start":{"line":86,"column":9},"end":{"line":86,"column":18}},{"start":{"line":87,"column":10},"end":{"line":90,"column":15}}],"line":86},"17":{"loc":{"start":{"line":88,"column":40},"end":{"line":88,"column":62}},"type":"cond-expr","locations":[{"start":{"line":88,"column":49},"end":{"line":88,"column":53}},{"start":{"line":88,"column":56},"end":{"line":88,"column":62}}],"line":88},"18":{"loc":{"start":{"line":94,"column":7},"end":{"line":137,"column":7}},"type":"binary-expr","locations":[{"start":{"line":94,"column":7},"end":{"line":94,"column":13}},{"start":{"line":94,"column":17},"end":{"line":94,"column":26}},{"start":{"line":95,"column":8},"end":{"line":136,"column":14}}],"line":94},"19":{"loc":{"start":{"line":110,"column":13},"end":{"line":134,"column":13}},"type":"cond-expr","locations":[{"start":{"line":111,"column":14},"end":{"line":111,"column":74}},{"start":{"line":113,"column":14},"end":{"line":133,"column":16}}],"line":110},"20":{"loc":{"start":{"line":117,"column":20},"end":{"line":117,"column":76}},"type":"cond-expr","locations":[{"start":{"line":117,"column":45},"end":{"line":117,"column":71}},{"start":{"line":117,"column":74},"end":{"line":117,"column":76}}],"line":117},"21":{"loc":{"start":{"line":123,"column":20},"end":{"line":125,"column":21}},"type":"if","locations":[{"start":{"line":123,"column":20},"end":{"line":125,"column":21}},{"start":{},"end":{}}],"line":123},"22":{"loc":{"start":{"line":129,"column":19},"end":{"line":131,"column":19}},"type":"binary-expr","locations":[{"start":{"line":129,"column":19},"end":{"line":129,"column":41}},{"start":{"line":130,"column":20},"end":{"line":130,"column":64}}],"line":129}},"s":{"0":0,"1":0,"2":0,"3":0,"4":0,"5":0,"6":0,"7":0,"8":0,"9":0,"10":0,"11":0,"12":0,"13":0,"14":0,"15":0,"16":0,"17":0,"18":0,"19":0,"20":0,"21":0,"22":0,"23":0,"24":0,"25":0,"26":0,"27":0,"28":0,"29":0,"30":0,"31":0},"f":{"0":0,"1":0,"2":0,"3":0,"4":0,"5":0,"6":0,"7":0,"8":0,"9":0,"10":0,"11":0,"12":0,"13":0,"14":0,"15":0,"16":0},"b":{"0":[0],"1":[0],"2":[0],"3":[0],"4":[0],"5":[0,0],"6":[0,0],"7":[0,0],"8":[0,0],"9":[0,0],"10":[0,0],"11":[0,0],"12":[0,0],"13":[0,0],"14":[0,0],"15":[0,0],"16":[0,0],"17":[0,0],"18":[0,0,0],"19":[0,0],"20":[0,0],"21":[0,0],"22":[0,0]}}
,"C:\\backup buzzaz file\\buzzaz-react\\frontend\\src\\components\\Navbar.js": {"path":"C:\\backup buzzaz file\\buzzaz-react\\frontend\\src\\components\\Navbar.js","statementMap":{"0":{"start":{"line":6,"column":15},"end":{"line":172,"column":1}},"1":{"start":{"line":7,"column":44},"end":{"line":7,"column":53}},"2":{"start":{"line":8,"column":19},"end":{"line":8,"column":32}},"3":{"start":{"line":9,"column":19},"end":{"line":9,"column":32}},"4":{"start":{"line":10,"column":38},"end":{"line":10,"column":53}},"5":{"start":{"line":13,"column":2},"end":{"line":15,"column":3}},"6":{"start":{"line":14,"column":4},"end":{"line":14,"column":16}},"7":{"start":{"line":17,"column":23},"end":{"line":24,"column":3}},"8":{"start":{"line":18,"column":4},"end":{"line":23,"column":5}},"9":{"start":{"line":19,"column":6},"end":{"line":19,"column":21}},"10":{"start":{"line":20,"column":6},"end":{"line":20,"column":25}},"11":{"start":{"line":22,"column":6},"end":{"line":22,"column":44}},"12":{"start":{"line":26,"column":19},"end":{"line":26,"column":55}},"13":{"start":{"line":26,"column":29},"end":{"line":26,"column":55}},"14":{"start":{"line":27,"column":2},"end":{"line":171,"column":4}},"15":{"start":{"line":43,"column":34},"end":{"line":43,"column":53}},"16":{"start":{"line":44,"column":34},"end":{"line":44,"column":54}}},"fnMap":{"0":{"name":"(anonymous_0)","decl":{"start":{"line":6,"column":15},"end":{"line":6,"column":16}},"loc":{"start":{"line":6,"column":21},"end":{"line":172,"column":1}},"line":6},"1":{"name":"(anonymous_1)","decl":{"start":{"line":17,"column":23},"end":{"line":17,"column":24}},"loc":{"start":{"line":17,"column":35},"end":{"line":24,"column":3}},"line":17},"2":{"name":"(anonymous_2)","decl":{"start":{"line":26,"column":19},"end":{"line":26,"column":20}},"loc":{"start":{"line":26,"column":29},"end":{"line":26,"column":55}},"line":26},"3":{"name":"(anonymous_3)","decl":{"start":{"line":43,"column":28},"end":{"line":43,"column":29}},"loc":{"start":{"line":43,"column":34},"end":{"line":43,"column":53}},"line":43},"4":{"name":"(anonymous_4)","decl":{"start":{"line":44,"column":28},"end":{"line":44,"column":29}},"loc":{"start":{"line":44,"column":34},"end":{"line":44,"column":54}},"line":44}},"branchMap":{"0":{"loc":{"start":{"line":13,"column":2},"end":{"line":15,"column":3}},"type":"if","locations":[{"start":{"line":13,"column":2},"end":{"line":15,"column":3}},{"start":{},"end":{}}],"line":13},"1":{"loc":{"start":{"line":38,"column":9},"end":{"line":65,"column":9}},"type":"binary-expr","locations":[{"start":{"line":38,"column":9},"end":{"line":38,"column":25}},{"start":{"line":39,"column":10},"end":{"line":64,"column":16}}],"line":38},"2":{"loc":{"start":{"line":53,"column":25},"end":{"line":53,"column":54}},"type":"cond-expr","locations":[{"start":{"line":53,"column":38},"end":{"line":53,"column":45}},{"start":{"line":53,"column":48},"end":{"line":53,"column":54}}],"line":53},"3":{"loc":{"start":{"line":69,"column":13},"end":{"line":86,"column":13}},"type":"binary-expr","locations":[{"start":{"line":69,"column":13},"end":{"line":69,"column":28}},{"start":{"line":69,"column":32},"end":{"line":69,"column":54}},{"start":{"line":70,"column":14},"end":{"line":85,"column":17}}],"line":69},"4":{"loc":{"start":{"line":74,"column":29},"end":{"line":74,"column":85}},"type":"cond-expr","locations":[{"start":{"line":74,"column":60},"end":{"line":74,"column":80}},{"start":{"line":74,"column":83},"end":{"line":74,"column":85}}],"line":74},"5":{"loc":{"start":{"line":81,"column":29},"end":{"line":81,"column":81}},"type":"cond-expr","locations":[{"start":{"line":81,"column":56},"end":{"line":81,"column":76}},{"start":{"line":81,"column":79},"end":{"line":81,"column":81}}],"line":81},"6":{"loc":{"start":{"line":88,"column":13},"end":{"line":105,"column":13}},"type":"binary-expr","locations":[{"start":{"line":88,"column":13},"end":{"line":88,"column":28}},{"start":{"line":88,"column":32},"end":{"line":88,"column":59}},{"start":{"line":89,"column":14},"end":{"line":104,"column":17}}],"line":88},"7":{"loc":{"start":{"line":93,"column":29},"end":{"line":93,"column":90}},"type":"cond-expr","locations":[{"start":{"line":93,"column":65},"end":{"line":93,"column":85}},{"start":{"line":93,"column":88},"end":{"line":93,"column":90}}],"line":93},"8":{"loc":{"start":{"line":100,"column":29},"end":{"line":100,"column":84}},"type":"cond-expr","locations":[{"start":{"line":100,"column":59},"end":{"line":100,"column":79}},{"start":{"line":100,"column":82},"end":{"line":100,"column":84}}],"line":100},"9":{"loc":{"start":{"line":107,"column":13},"end":{"line":124,"column":13}},"type":"binary-expr","locations":[{"start":{"line":107,"column":13},"end":{"line":107,"column":28}},{"start":{"line":107,"column":32},"end":{"line":107,"column":60}},{"start":{"line":108,"column":14},"end":{"line":123,"column":17}}],"line":107},"10":{"loc":{"start":{"line":112,"column":29},"end":{"line":112,"column":83}},"type":"cond-expr","locations":[{"start":{"line":112,"column":58},"end":{"line":112,"column":78}},{"start":{"line":112,"column":81},"end":{"line":112,"column":83}}],"line":112},"11":{"loc":{"start":{"line":119,"column":29},"end":{"line":119,"column":84}},"type":"cond-expr","locations":[{"start":{"line":119,"column":59},"end":{"line":119,"column":79}},{"start":{"line":119,"column":82},"end":{"line":119,"column":84}}],"line":119},"12":{"loc":{"start":{"line":127,"column":11},"end":{"line":166,"column":11}},"type":"binary-expr","locations":[{"start":{"line":127,"column":11},"end":{"line":127,"column":26}},{"start":{"line":128,"column":12},"end":{"line":165,"column":18}}],"line":127},"13":{"loc":{"start":{"line":133,"column":21},"end":{"line":133,"column":42}},"type":"binary-expr","locations":[{"start":{"line":133,"column":21},"end":{"line":133,"column":32}},{"start":{"line":133,"column":36},"end":{"line":133,"column":42}}],"line":133},"14":{"loc":{"start":{"line":144,"column":17},"end":{"line":149,"column":17}},"type":"binary-expr","locations":[{"start":{"line":144,"column":17},"end":{"line":144,"column":44}},{"start":{"line":145,"column":18},"end":{"line":148,"column":37}}],"line":144},"15":{"loc":{"start":{"line":151,"column":17},"end":{"line":156,"column":17}},"type":"binary-expr","locations":[{"start":{"line":151,"column":18},"end":{"line":151,"column":45}},{"start":{"line":151,"column":49},"end":{"line":151,"column":77}},{"start":{"line":152,"column":18},"end":{"line":155,"column":37}}],"line":151}},"s":{"0":0,"1":0,"2":0,"3":0,"4":0,"5":0,"6":0,"7":0,"8":0,"9":0,"10":0,"11":0,"12":0,"13":0,"14":0,"15":0,"16":0},"f":{"0":0,"1":0,"2":0,"3":0,"4":0},"b":{"0":[0,0],"1":[0,0],"2":[0,0],"3":[0,0,0],"4":[0,0],"5":[0,0],"6":[0,0,0],"7":[0,0],"8":[0,0],"9":[0,0,0],"10":[0,0],"11":[0,0],"12":[0,0],"13":[0,0],"14":[0,0],"15":[0,0,0]}}
,"C:\\backup buzzaz file\\buzzaz-react\\frontend\\src\\components\\ProtectedRoute.js": {"path":"C:\\backup buzzaz file\\buzzaz-react\\frontend\\src\\components\\ProtectedRoute.js","statementMap":{"0":{"start":{"line":7,"column":23},"end":{"line":118,"column":1}},"1":{"start":{"line":8,"column":47},"end":{"line":8,"column":56}},"2":{"start":{"line":9,"column":44},"end":{"line":9,"column":58}},"3":{"start":{"line":10,"column":48},"end":{"line":10,"column":62}},"4":{"start":{"line":11,"column":19},"end":{"line":11,"column":32}},"5":{"start":{"line":13,"column":29},"end":{"line":23,"column":48}},"6":{"start":{"line":14,"column":4},"end":{"line":21,"column":5}},"7":{"start":{"line":15,"column":6},"end":{"line":20,"column":7}},"8":{"start":{"line":16,"column":25},"end":{"line":16,"column":57}},"9":{"start":{"line":17,"column":8},"end":{"line":17,"column":40}},"10":{"start":{"line":19,"column":8},"end":{"line":19,"column":63}},"11":{"start":{"line":22,"column":4},"end":{"line":22,"column":30}},"12":{"start":{"line":25,"column":2},"end":{"line":29,"column":61}},"13":{"start":{"line":26,"column":4},"end":{"line":28,"column":5}},"14":{"start":{"line":27,"column":6},"end":{"line":27,"column":27}},"15":{"start":{"line":32,"column":2},"end":{"line":43,"column":27}},"16":{"start":{"line":33,"column":33},"end":{"line":39,"column":5}},"17":{"start":{"line":34,"column":6},"end":{"line":34,"column":74}},"18":{"start":{"line":36,"column":6},"end":{"line":38,"column":14}},"19":{"start":{"line":37,"column":8},"end":{"line":37,"column":29}},"20":{"start":{"line":41,"column":4},"end":{"line":41,"column":68}},"21":{"start":{"line":42,"column":4},"end":{"line":42,"column":84}},"22":{"start":{"line":42,"column":17},"end":{"line":42,"column":83}},"23":{"start":{"line":46,"column":2},"end":{"line":54,"column":3}},"24":{"start":{"line":47,"column":4},"end":{"line":53,"column":6}},"25":{"start":{"line":57,"column":2},"end":{"line":59,"column":3}},"26":{"start":{"line":58,"column":4},"end":{"line":58,"column":71}},"27":{"start":{"line":62,"column":2},"end":{"line":75,"column":3}},"28":{"start":{"line":64,"column":23},"end":{"line":64,"column":41}},"29":{"start":{"line":65,"column":4},"end":{"line":73,"column":5}},"30":{"start":{"line":66,"column":6},"end":{"line":66,"column":45}},"31":{"start":{"line":67,"column":11},"end":{"line":73,"column":5}},"32":{"start":{"line":68,"column":6},"end":{"line":68,"column":38}},"33":{"start":{"line":69,"column":11},"end":{"line":73,"column":5}},"34":{"start":{"line":70,"column":6},"end":{"line":70,"column":40}},"35":{"start":{"line":71,"column":11},"end":{"line":73,"column":5}},"36":{"start":{"line":72,"column":6},"end":{"line":72,"column":42}},"37":{"start":{"line":74,"column":4},"end":{"line":74,"column":50}},"38":{"start":{"line":78,"column":2},"end":{"line":95,"column":3}},"39":{"start":{"line":79,"column":24},"end":{"line":79,"column":41}},"40":{"start":{"line":82,"column":4},"end":{"line":89,"column":5}},"41":{"start":{"line":88,"column":6},"end":{"line":88,"column":58}},"42":{"start":{"line":92,"column":4},"end":{"line":94,"column":5}},"43":{"start":{"line":93,"column":6},"end":{"line":93,"column":61}},"44":{"start":{"line":98,"column":2},"end":{"line":115,"column":3}},"45":{"start":{"line":99,"column":24},"end":{"line":99,"column":41}},"46":{"start":{"line":102,"column":4},"end":{"line":109,"column":5}},"47":{"start":{"line":108,"column":6},"end":{"line":108,"column":51}},"48":{"start":{"line":112,"column":4},"end":{"line":114,"column":5}},"49":{"start":{"line":113,"column":6},"end":{"line":113,"column":54}},"50":{"start":{"line":117,"column":2},"end":{"line":117,"column":18}}},"fnMap":{"0":{"name":"(anonymous_0)","decl":{"start":{"line":7,"column":23},"end":{"line":7,"column":24}},"loc":{"start":{"line":7,"column":61},"end":{"line":118,"column":1}},"line":7},"1":{"name":"(anonymous_1)","decl":{"start":{"line":13,"column":41},"end":{"line":13,"column":42}},"loc":{"start":{"line":13,"column":53},"end":{"line":23,"column":3}},"line":13},"2":{"name":"(anonymous_2)","decl":{"start":{"line":25,"column":12},"end":{"line":25,"column":13}},"loc":{"start":{"line":25,"column":18},"end":{"line":29,"column":3}},"line":25},"3":{"name":"(anonymous_3)","decl":{"start":{"line":32,"column":12},"end":{"line":32,"column":13}},"loc":{"start":{"line":32,"column":18},"end":{"line":43,"column":3}},"line":32},"4":{"name":"(anonymous_4)","decl":{"start":{"line":33,"column":33},"end":{"line":33,"column":34}},"loc":{"start":{"line":33,"column":39},"end":{"line":39,"column":5}},"line":33},"5":{"name":"(anonymous_5)","decl":{"start":{"line":36,"column":17},"end":{"line":36,"column":18}},"loc":{"start":{"line":36,"column":23},"end":{"line":38,"column":7}},"line":36},"6":{"name":"(anonymous_6)","decl":{"start":{"line":42,"column":11},"end":{"line":42,"column":12}},"loc":{"start":{"line":42,"column":17},"end":{"line":42,"column":83}},"line":42}},"branchMap":{"0":{"loc":{"start":{"line":7,"column":36},"end":{"line":7,"column":54}},"type":"default-arg","locations":[{"start":{"line":7,"column":50},"end":{"line":7,"column":54}}],"line":7},"1":{"loc":{"start":{"line":14,"column":4},"end":{"line":21,"column":5}},"type":"if","locations":[{"start":{"line":14,"column":4},"end":{"line":21,"column":5}},{"start":{},"end":{}}],"line":14},"2":{"loc":{"start":{"line":14,"column":8},"end":{"line":14,"column":31}},"type":"binary-expr","locations":[{"start":{"line":14,"column":8},"end":{"line":14,"column":23}},{"start":{"line":14,"column":27},"end":{"line":14,"column":31}}],"line":14},"3":{"loc":{"start":{"line":26,"column":4},"end":{"line":28,"column":5}},"type":"if","locations":[{"start":{"line":26,"column":4},"end":{"line":28,"column":5}},{"start":{},"end":{}}],"line":26},"4":{"loc":{"start":{"line":46,"column":2},"end":{"line":54,"column":3}},"type":"if","locations":[{"start":{"line":46,"column":2},"end":{"line":54,"column":3}},{"start":{},"end":{}}],"line":46},"5":{"loc":{"start":{"line":46,"column":6},"end":{"line":46,"column":34}},"type":"binary-expr","locations":[{"start":{"line":46,"column":6},"end":{"line":46,"column":15}},{"start":{"line":46,"column":19},"end":{"line":46,"column":34}}],"line":46},"6":{"loc":{"start":{"line":57,"column":2},"end":{"line":59,"column":3}},"type":"if","locations":[{"start":{"line":57,"column":2},"end":{"line":59,"column":3}},{"start":{},"end":{}}],"line":57},"7":{"loc":{"start":{"line":62,"column":2},"end":{"line":75,"column":3}},"type":"if","locations":[{"start":{"line":62,"column":2},"end":{"line":75,"column":3}},{"start":{},"end":{}}],"line":62},"8":{"loc":{"start":{"line":62,"column":6},"end":{"line":62,"column":47}},"type":"binary-expr","locations":[{"start":{"line":62,"column":6},"end":{"line":62,"column":17}},{"start":{"line":62,"column":21},"end":{"line":62,"column":47}}],"line":62},"9":{"loc":{"start":{"line":65,"column":4},"end":{"line":73,"column":5}},"type":"if","locations":[{"start":{"line":65,"column":4},"end":{"line":73,"column":5}},{"start":{"line":67,"column":11},"end":{"line":73,"column":5}}],"line":65},"10":{"loc":{"start":{"line":67,"column":11},"end":{"line":73,"column":5}},"type":"if","locations":[{"start":{"line":67,"column":11},"end":{"line":73,"column":5}},{"start":{"line":69,"column":11},"end":{"line":73,"column":5}}],"line":67},"11":{"loc":{"start":{"line":69,"column":11},"end":{"line":73,"column":5}},"type":"if","locations":[{"start":{"line":69,"column":11},"end":{"line":73,"column":5}},{"start":{"line":71,"column":11},"end":{"line":73,"column":5}}],"line":69},"12":{"loc":{"start":{"line":71,"column":11},"end":{"line":73,"column":5}},"type":"if","locations":[{"start":{"line":71,"column":11},"end":{"line":73,"column":5}},{"start":{},"end":{}}],"line":71},"13":{"loc":{"start":{"line":78,"column":2},"end":{"line":95,"column":3}},"type":"if","locations":[{"start":{"line":78,"column":2},"end":{"line":95,"column":3}},{"start":{},"end":{}}],"line":78},"14":{"loc":{"start":{"line":78,"column":6},"end":{"line":78,"column":50}},"type":"binary-expr","locations":[{"start":{"line":78,"column":6},"end":{"line":78,"column":33}},{"start":{"line":78,"column":37},"end":{"line":78,"column":50}}],"line":78},"15":{"loc":{"start":{"line":82,"column":4},"end":{"line":89,"column":5}},"type":"if","locations":[{"start":{"line":82,"column":4},"end":{"line":89,"column":5}},{"start":{},"end":{}}],"line":82},"16":{"loc":{"start":{"line":83,"column":6},"end":{"line":86,"column":46}},"type":"binary-expr","locations":[{"start":{"line":83,"column":6},"end":{"line":83,"column":38}},{"start":{"line":84,"column":6},"end":{"line":84,"column":38}},{"start":{"line":86,"column":6},"end":{"line":86,"column":46}}],"line":83},"17":{"loc":{"start":{"line":92,"column":4},"end":{"line":94,"column":5}},"type":"if","locations":[{"start":{"line":92,"column":4},"end":{"line":94,"column":5}},{"start":{},"end":{}}],"line":92},"18":{"loc":{"start":{"line":92,"column":8},"end":{"line":92,"column":76}},"type":"binary-expr","locations":[{"start":{"line":92,"column":8},"end":{"line":92,"column":41}},{"start":{"line":92,"column":45},"end":{"line":92,"column":76}}],"line":92},"19":{"loc":{"start":{"line":98,"column":2},"end":{"line":115,"column":3}},"type":"if","locations":[{"start":{"line":98,"column":2},"end":{"line":115,"column":3}},{"start":{},"end":{}}],"line":98},"20":{"loc":{"start":{"line":98,"column":6},"end":{"line":98,"column":51}},"type":"binary-expr","locations":[{"start":{"line":98,"column":6},"end":{"line":98,"column":34}},{"start":{"line":98,"column":38},"end":{"line":98,"column":51}}],"line":98},"21":{"loc":{"start":{"line":102,"column":4},"end":{"line":109,"column":5}},"type":"if","locations":[{"start":{"line":102,"column":4},"end":{"line":109,"column":5}},{"start":{},"end":{}}],"line":102},"22":{"loc":{"start":{"line":103,"column":6},"end":{"line":106,"column":46}},"type":"binary-expr","locations":[{"start":{"line":103,"column":6},"end":{"line":103,"column":38}},{"start":{"line":104,"column":6},"end":{"line":104,"column":38}},{"start":{"line":106,"column":6},"end":{"line":106,"column":46}}],"line":103},"23":{"loc":{"start":{"line":112,"column":4},"end":{"line":114,"column":5}},"type":"if","locations":[{"start":{"line":112,"column":4},"end":{"line":114,"column":5}},{"start":{},"end":{}}],"line":112},"24":{"loc":{"start":{"line":112,"column":8},"end":{"line":112,"column":76}},"type":"binary-expr","locations":[{"start":{"line":112,"column":8},"end":{"line":112,"column":41}},{"start":{"line":112,"column":45},"end":{"line":112,"column":76}}],"line":112}},"s":{"0":0,"1":0,"2":0,"3":0,"4":0,"5":0,"6":0,"7":0,"8":0,"9":0,"10":0,"11":0,"12":0,"13":0,"14":0,"15":0,"16":0,"17":0,"18":0,"19":0,"20":0,"21":0,"22":0,"23":0,"24":0,"25":0,"26":0,"27":0,"28":0,"29":0,"30":0,"31":0,"32":0,"33":0,"34":0,"35":0,"36":0,"37":0,"38":0,"39":0,"40":0,"41":0,"42":0,"43":0,"44":0,"45":0,"46":0,"47":0,"48":0,"49":0,"50":0},"f":{"0":0,"1":0,"2":0,"3":0,"4":0,"5":0,"6":0},"b":{"0":[0],"1":[0,0],"2":[0,0],"3":[0,0],"4":[0,0],"5":[0,0],"6":[0,0],"7":[0,0],"8":[0,0],"9":[0,0],"10":[0,0],"11":[0,0],"12":[0,0],"13":[0,0],"14":[0,0],"15":[0,0],"16":[0,0,0],"17":[0,0],"18":[0,0],"19":[0,0],"20":[0,0],"21":[0,0],"22":[0,0,0],"23":[0,0],"24":[0,0]}}
,"C:\\backup buzzaz file\\buzzaz-react\\frontend\\src\\components\\Chat\\ChatInterface.js": {"path":"C:\\backup buzzaz file\\buzzaz-react\\frontend\\src\\components\\Chat\\ChatInterface.js","statementMap":{"0":{"start":{"line":6,"column":22},"end":{"line":64,"column":1}},"1":{"start":{"line":7,"column":62},"end":{"line":7,"column":76}},"2":{"start":{"line":9,"column":35},"end":{"line":11,"column":3}},"3":{"start":{"line":10,"column":4},"end":{"line":10,"column":46}},"4":{"start":{"line":13,"column":26},"end":{"line":15,"column":3}},"5":{"start":{"line":14,"column":4},"end":{"line":14,"column":36}},"6":{"start":{"line":17,"column":2},"end":{"line":63,"column":4}}},"fnMap":{"0":{"name":"(anonymous_0)","decl":{"start":{"line":6,"column":22},"end":{"line":6,"column":23}},"loc":{"start":{"line":6,"column":43},"end":{"line":64,"column":1}},"line":6},"1":{"name":"(anonymous_1)","decl":{"start":{"line":9,"column":35},"end":{"line":9,"column":36}},"loc":{"start":{"line":9,"column":55},"end":{"line":11,"column":3}},"line":9},"2":{"name":"(anonymous_2)","decl":{"start":{"line":13,"column":26},"end":{"line":13,"column":27}},"loc":{"start":{"line":13,"column":32},"end":{"line":15,"column":3}},"line":13}},"branchMap":{"0":{"loc":{"start":{"line":29,"column":11},"end":{"line":59,"column":11}},"type":"cond-expr","locations":[{"start":{"line":30,"column":12},"end":{"line":34,"column":14}},{"start":{"line":36,"column":12},"end":{"line":58,"column":19}}],"line":29}},"s":{"0":0,"1":0,"2":0,"3":0,"4":0,"5":0,"6":0},"f":{"0":0,"1":0,"2":0},"b":{"0":[0,0]}}
,"C:\\backup buzzaz file\\buzzaz-react\\frontend\\src\\components\\Chat\\ChatList.js": {"path":"C:\\backup buzzaz file\\buzzaz-react\\frontend\\src\\components\\Chat\\ChatList.js","statementMap":{"0":{"start":{"line":6,"column":17},"end":{"line":293,"column":1}},"1":{"start":{"line":7,"column":44},"end":{"line":7,"column":56}},"2":{"start":{"line":8,"column":32},"end":{"line":8,"column":46}},"3":{"start":{"line":9,"column":28},"end":{"line":9,"column":40}},"4":{"start":{"line":10,"column":50},"end":{"line":10,"column":65}},"5":{"start":{"line":11,"column":38},"end":{"line":11,"column":50}},"6":{"start":{"line":12,"column":46},"end":{"line":12,"column":58}},"7":{"start":{"line":13,"column":42},"end":{"line":13,"column":57}},"8":{"start":{"line":15,"column":2},"end":{"line":20,"column":9}},"9":{"start":{"line":16,"column":4},"end":{"line":16,"column":25}},"10":{"start":{"line":18,"column":21},"end":{"line":18,"column":59}},"11":{"start":{"line":19,"column":4},"end":{"line":19,"column":41}},"12":{"start":{"line":19,"column":17},"end":{"line":19,"column":40}},"13":{"start":{"line":22,"column":29},"end":{"line":33,"column":3}},"14":{"start":{"line":23,"column":4},"end":{"line":32,"column":5}},"15":{"start":{"line":24,"column":19},"end":{"line":24,"column":58}},"16":{"start":{"line":26,"column":6},"end":{"line":26,"column":43}},"17":{"start":{"line":27,"column":6},"end":{"line":27,"column":24}},"18":{"start":{"line":29,"column":6},"end":{"line":29,"column":60}},"19":{"start":{"line":30,"column":6},"end":{"line":30,"column":47}},"20":{"start":{"line":31,"column":6},"end":{"line":31,"column":24}},"21":{"start":{"line":35,"column":30},"end":{"line":64,"column":3}},"22":{"start":{"line":36,"column":4},"end":{"line":36,"column":26}},"23":{"start":{"line":37,"column":4},"end":{"line":63,"column":5}},"24":{"start":{"line":38,"column":21},"end":{"line":38,"column":23}},"25":{"start":{"line":41,"column":6},"end":{"line":45,"column":7}},"26":{"start":{"line":42,"column":8},"end":{"line":42,"column":38}},"27":{"start":{"line":43,"column":13},"end":{"line":45,"column":7}},"28":{"start":{"line":44,"column":8},"end":{"line":44,"column":34}},"29":{"start":{"line":47,"column":6},"end":{"line":57,"column":7}},"30":{"start":{"line":48,"column":25},"end":{"line":48,"column":48}},"31":{"start":{"line":51,"column":37},"end":{"line":51,"column":85}},"32":{"start":{"line":51,"column":67},"end":{"line":51,"column":84}},"33":{"start":{"line":52,"column":30},"end":{"line":54,"column":15}},"34":{"start":{"line":53,"column":10},"end":{"line":53,"column":80}},"35":{"start":{"line":56,"column":8},"end":{"line":56,"column":41}},"36":{"start":{"line":59,"column":6},"end":{"line":59,"column":62}},"37":{"start":{"line":60,"column":6},"end":{"line":60,"column":49}},"38":{"start":{"line":62,"column":6},"end":{"line":62,"column":29}},"39":{"start":{"line":66,"column":31},"end":{"line":88,"column":3}},"40":{"start":{"line":67,"column":4},"end":{"line":87,"column":5}},"41":{"start":{"line":68,"column":19},"end":{"line":68,"column":73}},"42":{"start":{"line":71,"column":30},"end":{"line":71,"column":47}},"43":{"start":{"line":72,"column":6},"end":{"line":78,"column":9}},"44":{"start":{"line":73,"column":25},"end":{"line":73,"column":74}},"45":{"start":{"line":73,"column":43},"end":{"line":73,"column":73}},"46":{"start":{"line":74,"column":8},"end":{"line":76,"column":9}},"47":{"start":{"line":75,"column":10},"end":{"line":75,"column":22}},"48":{"start":{"line":77,"column":8},"end":{"line":77,"column":42}},"49":{"start":{"line":81,"column":6},"end":{"line":81,"column":48}},"50":{"start":{"line":82,"column":6},"end":{"line":82,"column":33}},"51":{"start":{"line":83,"column":6},"end":{"line":83,"column":24}},"52":{"start":{"line":85,"column":6},"end":{"line":85,"column":59}},"53":{"start":{"line":86,"column":6},"end":{"line":86,"column":47}},"54":{"start":{"line":90,"column":32},"end":{"line":105,"column":3}},"55":{"start":{"line":91,"column":4},"end":{"line":91,"column":30}},"56":{"start":{"line":91,"column":20},"end":{"line":91,"column":30}},"57":{"start":{"line":93,"column":17},"end":{"line":93,"column":36}},"58":{"start":{"line":94,"column":16},"end":{"line":94,"column":26}},"59":{"start":{"line":95,"column":24},"end":{"line":95,"column":55}},"60":{"start":{"line":97,"column":4},"end":{"line":104,"column":5}},"61":{"start":{"line":98,"column":28},"end":{"line":98,"column":66}},"62":{"start":{"line":99,"column":6},"end":{"line":99,"column":70}},"63":{"start":{"line":100,"column":11},"end":{"line":104,"column":5}},"64":{"start":{"line":101,"column":6},"end":{"line":101,"column":47}},"65":{"start":{"line":103,"column":6},"end":{"line":103,"column":39}},"66":{"start":{"line":107,"column":30},"end":{"line":121,"column":3}},"67":{"start":{"line":109,"column":4},"end":{"line":111,"column":5}},"68":{"start":{"line":110,"column":6},"end":{"line":110,"column":18}},"69":{"start":{"line":113,"column":31},"end":{"line":113,"column":91}},"70":{"start":{"line":113,"column":68},"end":{"line":113,"column":90}},"71":{"start":{"line":116,"column":4},"end":{"line":118,"column":5}},"72":{"start":{"line":117,"column":6},"end":{"line":117,"column":18}},"73":{"start":{"line":120,"column":4},"end":{"line":120,"column":63}},"74":{"start":{"line":123,"column":24},"end":{"line":126,"column":3}},"75":{"start":{"line":124,"column":4},"end":{"line":125,"column":64}},"76":{"start":{"line":128,"column":2},"end":{"line":141,"column":3}},"77":{"start":{"line":129,"column":4},"end":{"line":140,"column":6}},"78":{"start":{"line":143,"column":2},"end":{"line":292,"column":4}},"79":{"start":{"line":155,"column":14},"end":{"line":155,"column":40}},"80":{"start":{"line":156,"column":14},"end":{"line":156,"column":36}},"81":{"start":{"line":178,"column":18},"end":{"line":178,"column":44}},"82":{"start":{"line":179,"column":18},"end":{"line":179,"column":40}},"83":{"start":{"line":188,"column":41},"end":{"line":188,"column":74}},"84":{"start":{"line":189,"column":35},"end":{"line":189,"column":77}},"85":{"start":{"line":191,"column":16},"end":{"line":226,"column":18}},"86":{"start":{"line":196,"column":35},"end":{"line":196,"column":72}},"87":{"start":{"line":234,"column":51},"end":{"line":234,"column":77}},"88":{"start":{"line":253,"column":35},"end":{"line":253,"column":64}},"89":{"start":{"line":270,"column":20},"end":{"line":283,"column":37}},"90":{"start":{"line":273,"column":37},"end":{"line":273,"column":66}}},"fnMap":{"0":{"name":"(anonymous_0)","decl":{"start":{"line":6,"column":17},"end":{"line":6,"column":18}},"loc":{"start":{"line":6,"column":84},"end":{"line":293,"column":1}},"line":6},"1":{"name":"(anonymous_1)","decl":{"start":{"line":15,"column":12},"end":{"line":15,"column":13}},"loc":{"start":{"line":15,"column":18},"end":{"line":20,"column":3}},"line":15},"2":{"name":"(anonymous_2)","decl":{"start":{"line":19,"column":11},"end":{"line":19,"column":12}},"loc":{"start":{"line":19,"column":17},"end":{"line":1
[...]
"2":{"name":"(anonymous_2)","decl":{"start":{"line":60,"column":23},"end":{"line":60,"column":24}},"loc":{"start":{"line":60,"column":30},"end":{"line":74,"column":3}},"line":60},"3":{"name":"(anonymous_3)","decl":{"start":{"line":62,"column":16},"end":{"line":62,"column":17}},"loc":{"start":{"line":62,"column":25},"end":{"line":65,"column":5}},"line":62},"4":{"name":"(anonymous_4)","decl":{"start":{"line":69,"column":16},"end":{"line":69,"column":17}},"loc":{"start":{"line":69,"column":25},"end":{"line":72,"column":7}},"line":69},"5":{"name":"(anonymous_5)","decl":{"start":{"line":76,"column":24},"end":{"line":76,"column":25}},"loc":{"start":{"line":76,"column":30},"end":{"line":123,"column":3}},"line":76},"6":{"name":"(anonymous_6)","decl":{"start":{"line":125,"column":26},"end":{"line":125,"column":27}},"loc":{"start":{"line":125,"column":32},"end":{"line":129,"column":3}},"line":125},"7":{"name":"(anonymous_7)","decl":{"start":{"line":131,"column":30},"end":{"line":131,"column":31}},"loc":{"start":{"line":131,"column":42},"end":{"line":172,"column":3}},"line":131},"8":{"name":"(anonymous_8)","decl":{"start":{"line":322,"column":45},"end":{"line":322,"column":46}},"loc":{"start":{"line":323,"column":28},"end":{"line":325,"column":37}},"line":323},"9":{"name":"(anonymous_9)","decl":{"start":{"line":343,"column":52},"end":{"line":343,"column":53}},"loc":{"start":{"line":344,"column":28},"end":{"line":346,"column":37}},"line":344},"10":{"name":"(anonymous_10)","decl":{"start":{"line":364,"column":47},"end":{"line":364,"column":48}},"loc":{"start":{"line":365,"column":28},"end":{"line":367,"column":37}},"line":365},"11":{"name":"(anonymous_11)","decl":{"start":{"line":446,"column":46},"end":{"line":446,"column":47}},"loc":{"start":{"line":446,"column":51},"end":{"line":446,"column":78}},"line":446},"12":{"name":"(anonymous_12)","decl":{"start":{"line":457,"column":53},"end":{"line":457,"column":54}},"loc":{"start":{"line":457,"column":58},"end":{"line":457,"column":92}},"line":457},"13":{"name":"(anonymous_13)","decl":{"start":{"line":465,"column":48},"end":{"line":465,"column":49}},"loc":{"start":{"line":465,"column":53},"end":{"line":465,"column":82}},"line":465},"14":{"name":"(anonymous_14)","decl":{"start":{"line":479,"column":31},"end":{"line":479,"column":32}},"loc":{"start":{"line":479,"column":37},"end":{"line":479,"column":54}},"line":479}},"branchMap":{"0":{"loc":{"start":{"line":55,"column":4},"end":{"line":57,"column":5}},"type":"if","locations":[{"start":{"line":55,"column":4},"end":{"line":57,"column":5}},{"start":{},"end":{}}],"line":55},"1":{"loc":{"start":{"line":68,"column":4},"end":{"line":73,"column":5}},"type":"if","locations":[{"start":{"line":68,"column":4},"end":{"line":73,"column":5}},{"start":{},"end":{}}],"line":68},"2":{"loc":{"start":{"line":79,"column":4},"end":{"line":81,"column":5}},"type":"if","locations":[{"start":{"line":79,"column":4},"end":{"line":81,"column":5}},{"start":{},"end":{}}],"line":79},"3":{"loc":{"start":{"line":83,"column":4},"end":{"line":87,"column":5}},"type":"if","locations":[{"start":{"line":83,"column":4},"end":{"line":87,"column":5}},{"start":{"line":85,"column":11},"end":{"line":87,"column":5}}],"line":83},"4":{"loc":{"start":{"line":85,"column":11},"end":{"line":87,"column":5}},"type":"if","locations":[{"start":{"line":85,"column":11},"end":{"line":87,"column":5}},{"start":{},"end":{}}],"line":85},"5":{"loc":{"start":{"line":89,"column":4},"end":{"line":91,"column":5}},"type":"if","locations":[{"start":{"line":89,"column":4},"end":{"line":91,"column":5}},{"start":{},"end":{}}],"line":89},"6":{"loc":{"start":{"line":93,"column":4},"end":{"line":95,"column":5}},"type":"if","locations":[{"start":{"line":93,"column":4},"end":{"line":95,"column":5}},{"start":{},"end":{}}],"line":93},"7":{"loc":{"start":{"line":97,"column":4},"end":{"line":99,"column":5}},"type":"if","locations":[{"start":{"line":97,"column":4},"end":{"line":99,"column":5}},{"start":{},"end":{}}],"line":97},"8":{"loc":{"start":{"line":101,"column":4},"end":{"line":103,"column":5}},"type":"if","locations":[{"start":{"line":101,"column":4},"end":{"line":103,"column":5}},{"start":{},"end":{}}],"line":101},"9":{"loc":{"start":{"line":105,"column":4},"end":{"line":107,"column":5}},"type":"if","locations":[{"start":{"line":105,"column":4},"end":{"line":107,"column":5}},{"start":{},"end":{}}],"line":105},"10":{"loc":{"start":{"line":109,"column":4},"end":{"line":111,"column":5}},"type":"if","locations":[{"start":{"line":109,"column":4},"end":{"line":111,"column":5}},{"start":{},"end":{}}],"line":109},"11":{"loc":{"start":{"line":113,"column":4},"end":{"line":115,"column":5}},"type":"if","locations":[{"start":{"line":113,"column":4},"end":{"line":115,"column":5}},{"start":{},"end":{}}],"line":113},"12":{"loc":{"start":{"line":117,"column":4},"end":{"line":119,"column":5}},"type":"if","locations":[{"start":{"line":117,"column":4},"end":{"line":119,"column":5}},{"start":{},"end":{}}],"line":117},"13":{"loc":{"start":{"line":126,"column":4},"end":{"line":128,"column":5}},"type":"if","locations":[{"start":{"line":126,"column":4},"end":{"line":128,"column":5}},{"start":{},"end":{}}],"line":126},"14":{"loc":{"start":{"line":168,"column":15},"end":{"line":168,"column":93}},"type":"binary-expr","locations":[{"start":{"line":168,"column":15},"end":{"line":168,"column":44}},{"start":{"line":168,"column":48},"end":{"line":168,"column":93}}],"line":168},"15":{"loc":{"start":{"line":174,"column":2},"end":{"line":184,"column":3}},"type":"if","locations":[{"start":{"line":174,"column":2},"end":{"line":184,"column":3}},{"start":{},"end":{}}],"line":174},"16":{"loc":{"start":{"line":174,"column":6},"end":{"line":174,"column":54}},"type":"binary-expr","locations":[{"start":{"line":174,"column":6},"end":{"line":174,"column":22}},{"start":{"line":174,"column":26},"end":{"line":174,"column":54}}],"line":174},"17":{"loc":{"start":{"line":201,"column":15},"end":{"line":201,"column":63}},"type":"binary-expr","locations":[{"start":{"line":201,"column":15},"end":{"line":201,"column":20}},{"start":{"line":201,"column":24},"end":{"line":201,"column":63}}],"line":201},"18":{"loc":{"start":{"line":203,"column":15},"end":{"line":399,"column":15}},"type":"binary-expr","locations":[{"start":{"line":203,"column":15},"end":{"line":203,"column":32}},{"start":{"line":204,"column":16},"end":{"line":398,"column":22}}],"line":203},"19":{"loc":{"start":{"line":401,"column":15},"end":{"line":499,"column":15}},"type":"binary-expr","locations":[{"start":{"line":401,"column":15},"end":{"line":401,"column":32}},{"start":{"line":402,"column":16},"end":{"line":498,"column":22}}],"line":401},"20":{"loc":{"start":{"line":488,"column":23},"end":{"line":495,"column":23}},"type":"cond-expr","locations":[{"start":{"line":489,"column":24},"end":{"line":492,"column":27}},{"start":{"line":494,"column":24},"end":{"line":494,"column":40}}],"line":488}},"s":{"0":0,"1":0,"2":0,"3":0,"4":0,"5":0,"6":0,"7":0,"8":0,"9":0,"10":0,"11":0,"12":0,"13":0,"14":0,"15":0,"16":0,"17":0,"18":0,"19":0,"20":0,"21":0,"22":0,"23":0,"24":0,"25":0,"26":0,"27":0,"28":0,"29":0,"30":0,"31":0,"32":0,"33":0,"34":0,"35":0,"36":0,"37":0,"38":0,"39":0,"40":0,"41":0,"42":0,"43":0,"44":0,"45":0,"46":0,"47":0,"48":0,"49":0,"50":0,"51":0,"52":0,"53":0,"54":0,"55":0,"56":0,"57":0,"58":0,"59":0,"60":0,"61":0,"62":0,"63":0,"64":0,"65":0,"66":0,"67":0,"68":0,"69":0,"70":0,"71":0,"72":0,"73":0,"74":0,"75":0,"76":0,"77":0,"78":0},"f":{"0":0,"1":0,"2":0,"3":0,"4":0,"5":0,"6":0,"7":0,"8":0,"9":0,"10":0,"11":0,"12":0,"13":0,"14":0},"b":{"0":[0,0],"1":[0,0],"2":[0,0],"3":[0,0],"4":[0,0],"5":[0,0],"6":[0,0],"7":[0,0],"8":[0,0],"9":[0,0],"10":[0,0],"11":[0,0],"12":[0,0],"13":[0,0],"14":[0,0],"15":[0,0],"16":[0,0],"17":[0,0],"18":[0,0],"19":[0,0],"20":[0,0]}}
,"C:\\backup buzzaz file\\buzzaz-react\\frontend\\src\\services\\api.js": {"path":"C:\\backup buzzaz file\\buzzaz-react\\frontend\\src\\services\\api.js","statementMap":{"0":{"start":{"line":4,"column":21},"end":{"line":4,"column":81}},"1":{"start":{"line":5,"column":21},"end":{"line":16,"column":4}},"2":{"start":{"line":6,"column":14},"end":{"line":6,"column":41}},"3":{"start":{"line":7,"column":2},"end":{"line":7,"column":47}},"4":{"start":{"line":7,"column":12},"end":{"line":7,"column":47}},"5":{"start":{"line":9,"column":23},"end":{"line":9,"column":44}},"6":{"start":{"line":10,"column":2},"end":{"line":13,"column":3}},"7":{"start":{"line":12,"column":4},"end":{"line":12,"column":54}},"8":{"start":{"line":15,"column":2},"end":{"line":15,"column":42}},"9":{"start":{"line":19,"column":12},"end":{"line":26,"column":2}},"10":{"start":{"line":29,"column":0},"end":{"line":40,"column":2}},"11":{"start":{"line":31,"column":18},"end":{"line":31,"column":47}},"12":{"start":{"line":32,"column":4},"end":{"line":34,"column":5}},"13":{"start":{"line":33,"column":6},"end":{"line":33,"column":55}},"14":{"start":{"line":35,"column":4},"end":{"line":35,"column":18}},"15":{"start":{"line":38,"column":4},"end":{"line":38,"column":33}},"16":{"start":{"line":43,"column":0},"end":{"line":54,"column":2}},"17":{"start":{"line":44,"column":16},"end":{"line":44,"column":24}},"18":{"start":{"line":46,"column":4},"end":{"line":51,"column":5}},"19":{"start":{"line":49,"column":6},"end":{"line":49,"column":39}},"20":{"start":{"line":50,"column":6},"end":{"line":50,"column":38}},"21":{"start":{"line":52,"column":4},"end":{"line":52,"column":33}},"22":{"start":{"line":57,"column":23},"end":{"line":63,"column":1}},"23":{"start":{"line":58,"column":26},"end":{"line":58,"column":62}},"24":{"start":{"line":59,"column":26},"end":{"line":59,"column":62}},"25":{"start":{"line":60,"column":16},"end":{"line":60,"column":40}},"26":{"start":{"line":61,"column":29},"end":{"line":61,"column":73}},"27":{"start":{"line":62,"column":30},"end":{"line":62,"column":71}},"28":{"start":{"line":66,"column":23},"end":{"line":71,"column":1}},"29":{"start":{"line":67,"column":20},"end":{"line":67,"column":39}},"30":{"start":{"line":68,"column":31},"end":{"line":68,"column":60}},"31":{"start":{"line":69,"column":26},"end":{"line":69,"column":57}},"32":{"start":{"line":70,"column":21},"end":{"line":70,"column":52}},"33":{"start":{"line":74,"column":29},"end":{"line":82,"column":1}},"34":{"start":{"line":75,"column":31},"end":{"line":75,"column":102}},"35":{"start":{"line":76,"column":32},"end":{"line":76,"column":101}},"36":{"start":{"line":77,"column":34},"end":{"line":77,"column":70}},"37":{"start":{"line":78,"column":22},"end":{"line":78,"column":50}},"38":{"start":{"line":79,"column":38},"end":{"line":79,"column":79}},"39":{"start":{"line":80,"column":27},"end":{"line":80,"column":84}},"40":{"start":{"line":81,"column":36},"end":{"line":81,"column":103}},"41":{"start":{"line":85,"column":30},"end":{"line":89,"column":1}},"42":{"start":{"line":86,"column":23},"end":{"line":86,"column":58}},"43":{"start":{"line":87,"column":20},"end":{"line":87,"column":51}},"44":{"start":{"line":88,"column":28},"end":{"line":88,"column":91}},"45":{"start":{"line":92,"column":28},"end":{"line":98,"column":1}},"46":{"start":{"line":93,"column":2},"end":{"line":97,"column":3}},"47":{"start":{"line":94,"column":4},"end":{"line":94,"column":41}},"48":{"start":{"line":96,"column":4},"end":{"line":96,"column":37}},"49":{"start":{"line":100,"column":28},"end":{"line":102,"column":1}},"50":{"start":{"line":101,"column":2},"end":{"line":101,"column":39}},"51":{"start":{"line":104,"column":23},"end":{"line":106,"column":1}},"52":{"start":{"line":105,"column":2},"end":{"line":105,"column":53}},"53":{"start":{"line":108,"column":23},"end":{"line":111,"column":1}},"54":{"start":{"line":109,"column":15},"end":{"line":109,"column":43}},"55":{"start":{"line":110,"column":2},"end":{"line":110,"column":40}},"56":{"start":{"line":113,"column":25},"end":{"line":116,"column":1}},"57":{"start":{"line":114,"column":2},"end":{"line":114,"column":35}},"58":{"start":{"line":115,"column":2},"end":{"line":115,"column":34}}},"fnMap":{"0":{"name":"(anonymous_0)","decl":{"start":{"line":5,"column":22},"end":{"line":5,"column":23}},"loc":{"start":{"line":5,"column":28},"end":{"line":16,"column":1}},"line":5},"1":{"name":"(anonymous_1)","decl":{"start":{"line":30,"column":2},"end":{"line":30,"column":3}},"loc":{"start":{"line":30,"column":14},"end":{"line":36,"column":3}},"line":30},"2":{"name":"(anonymous_2)","decl":{"start":{"line":37,"column":2},"end":{"line":37,"column":3}},"loc":{"start":{"line":37,"column":13},"end":{"line":39,"column":3}},"line":37},"3":{"name":"(anonymous_3)","decl":{"start":{"line":44,"column":2},"end":{"line":44,"column":3}},"loc":{"start":{"line":44,"column":16},"end":{"line":44,"column":24}},"line":44},"4":{"name":"(anonymous_4)","decl":{"start":{"line":45,"column":2},"end":{"line":45,"column":3}},"loc":{"start":{"line":45,"column":13},"end":{"line":53,"column":3}},"line":45},"5":{"name":"(anonymous_5)","decl":{"start":{"line":58,"column":12},"end":{"line":58,"column":13}},"loc":{"start":{"line":58,"column":26},"end":{"line":58,"column":62}},"line":58},"6":{"name":"(anonymous_6)","decl":{"start":{"line":59,"column":9},"end":{"line":59,"column":10}},"loc":{"start":{"line":59,"column":26},"end":{"line":59,"column":62}},"line":59},"7":{"name":"(anonymous_7)","decl":{"start":{"line":60,"column":10},"end":{"line":60,"column":11}},"loc":{"start":{"line":60,"column":16},"end":{"line":60,"column":40}},"line":60},"8":{"name":"(anonymous_8)","decl":{"start":{"line":61,"column":18},"end":{"line":61,"column":19}},"loc":{"start":{"line":61,"column":29},"end":{"line":61,"column":73}},"line":61},"9":{"name":"(anonymous_9)","decl":{"start":{"line":62,"column":17},"end":{"line":62,"column":18}},"loc":{"start":{"line":62,"column":30},"end":{"line":62,"column":71}},"line":62},"10":{"name":"(anonymous_10)","decl":{"start":{"line":67,"column":14},"end":{"line":67,"column":15}},"loc":{"start":{"line":67,"column":20},"end":{"line":67,"column":39}},"line":67},"11":{"name":"(anonymous_11)","decl":{"start":{"line":68,"column":17},"end":{"line":68,"column":18}},"loc":{"start":{"line":68,"column":31},"end":{"line":68,"column":60}},"line":68},"12":{"name":"(anonymous_12)","decl":{"start":{"line":69,"column":20},"end":{"line":69,"column":21}},"loc":{"start":{"line":69,"column":26},"end":{"line":69,"column":57}},"line":69},"13":{"name":"(anonymous_13)","decl":{"start":{"line":70,"column":11},"end":{"line":70,"column":12}},"loc":{"start":{"line":70,"column":21},"end":{"line":70,"column":52}},"line":70},"14":{"name":"(anonymous_14)","decl":{"start":{"line":75,"column":17},"end":{"line":75,"column":18}},"loc":{"start":{"line":75,"column":31},"end":{"line":75,"column":102}},"line":75},"15":{"name":"(anonymous_15)","decl":{"start":{"line":76,"column":18},"end":{"line":76,"column":19}},"loc":{"start":{"line":76,"column":32},"end":{"line":76,"column":101}},"line":76},"16":{"name":"(anonymous_16)","decl":{"start":{"line":77,"column":17},"end":{"line":77,"column":18}},"loc":{"start":{"line":77,"column":34},"end":{"line":77,"column":70}},"line":77},"17":{"name":"(anonymous_17)","decl":{"start":{"line":78,"column":14},"end":{"line":78,"column":15}},"loc":{"start":{"line":78,"column":22},"end":{"line":78,"column":50}},"line":78},"18":{"name":"(anonymous_18)","decl":{"start":{"line":79,"column":17},"end":{"line":79,"column":18}},"loc":{"start":{"line":79,"column":38},"end":{"line":79,"column":79}},"line":79},"19":{"name":"(anonymous_19)","decl":{"start":{"line":80,"column":12},"end":{"line":80,"column":13}},"loc":{"start":{"line":80,"column":27},"end":{"line":80,"column":84}},"line":80},"20":{"name":"(anonymous_20)","decl":{"start":{"line":81,"column":21},"end":{"line":81,"column":22}},"loc":{"start":{"line":81,"column":36},"end":{"line":81,"column":103}},"line":81},"21":{"name":"(anonymous_21)","decl":{"start":{"line":86,"column":11},"end":{"line":86,"column":12}},"loc":{"start":{"line":86,"column":23},"end":{"line":86,"column":58}},"line":86},"22":{"name":"(anonymous_22)","decl":{"start":{"line":87,"column":14},"end":{"line":87,"column":15}},"loc":{"start":{"line":87,"column":20},"end":{"line":87,"column":51}},"line":87},"23":{"name":"(anonymous_23)","decl":{"start":{"line":88,"column":10},"end":{"line":88,"column":11}},"loc":{"start":{"line":88,"column":28},"end":{"line":88,"column":91}},"line":88},"24":{"name":"(anonymous_24)","decl":{"start":{"line":92,"column":28},"end":{"line":92,"column":29}},"loc":{"start":{"line":92,"column":39},"end":{"line":98,"column":1}},"line":92},"25":{"name":"(anonymous_25)","decl":{"start":{"line":100,"column":28},"end":{"line":100,"column":29}},"loc":{"start":{"line":100,"column":34},"end":{"line":102,"column":1}},"line":100},"26":{"name":"(anonymous_26)","decl":{"start":{"line":104,"column":23},"end":{"line":104,"column":24}},"loc":{"start":{"line":104,"column":33},"end":{"line":106,"column":1}},"line":104},"27":{"name":"(anonymous_27)","decl":{"start":{"line":108,"column":23},"end":{"line":108,"column":24}},"loc":{"start":{"line":108,"column":29},"end":{"line":111,"column":1}},"line":108},"28":{"name":"(anonymous_28)","decl":{"start":{"line":113,"column":25},"end":{"line":113,"column":26}},"loc":{"start":{"line":113,"column":31},"end":{"line":116,"column":1}},"line":113}},"branchMap":{"0":{"loc":{"start":{"line":4,"column":21},"end":{"line":4,"column":81}},"type":"binary-expr","locations":[{"start":{"line":4,"column":21},"end":{"line":4,"column":50}},{"start":{"line":4,"column":54},"end":{"line":4,"column":81}}],"line":4},"1":{"loc":{"start":{"line":6,"column":15},"end":{"line":6,"column":33}},"type":"binary-expr","locations":[{"start":{"line":6,"column":15},"end":{"line":6,"column":27}},{"start":{"line":6,"column":31},"end":{"line":6,"column":33}}],"line":6},"2":{"loc":{"start":{"line":7,"column":2},"end":{"line":7,"column":47}},"type":"if","locations":[{"start":{"line":7,"column":2},"end":{"line":7,"column":47}},{"start":{},"end":{}}],"line":7},"3":{"loc":{"start":{"line":10,"column":2},"end":{"line":13,"column":3}},"type":"if","locations":[{"start":{"line":10,"column":2},"end":{"line":13,"column":3}},{"start":{},"end":{}}],"line":10},"4":{"loc":{"start":{"line":12,"column":11},"end":{"line":12,"column":53}},"type":"cond-expr","locations":[{"start":{"line":12,"column":31},"end":{"line":12,"column":47}},{"start":{"line":12,"column":50},"end":{"line":12,"column":53}}],"line":12},"5":{"loc":{"start":{"line":32,"column":4},"end":{"line":34,"column":5}},"type":"if","locations":[{"start":{"line":32,"column":4},"end":{"line":34,"column":5}},{"start":{},"end":{}}],"line":32},"6":{"loc":{"start":{"line":46,"column":4},"end":{"line":51,"column":5}},"type":"if","locations":[{"start":{"line":46,"column":4},"end":{"line":51,"column":5}},{"start":{},"end":{}}],"line":46},"7":{"loc":{"start":{"line":93,"column":2},"end":{"line":97,"column":3}},"type":"if","locations":[{"start":{"line":93,"column":2},"end":{"line":97,"column":3}},{"start":{"line":95,"column":9},"end":{"line":97,"column":3}}],"line":93},"8":{"loc":{"start":{"line":110,"column":9},"end":{"line":110,"column":39}},"type":"cond-expr","locations":[{"start":{"line":110,"column":16},"end":{"line":110,"column":32}},{"start":{"line":110,"column":35},"end":{"line":110,"column":39}}],"line":110}},"s":{"0":0,"1":0,"2":0,"3":0,"4":0,"5":0,"6":0,"7":0,"8":0,"9":0,"10":0,"11":0,"12":0,"13":0,"14":0,"15":0,"16":0,"17":0,"18":0,"19":0,"20":0,"21":0,"22":0,"23":0,"24":0,"25":0,"26":0,"27":0,"28":0,"29":0,"30":0,"31":0,"32":0,"33":0,"34":0,"35":0,"36":0,"37":0,"38":0,"39":0,"40":0,"41":0,"42":0,"43":0,"44":0,"45":0,"46":0,"47":0,"48":0,"49":0,"50":0,"51":0,"52":0,"53":0,"54":0,"55":0,"56":0,"57":0,"58":0},"f":{"0":0,"1":0,"2":0,"3":0,"4":0,"5":0,"6":0,"7":0,"8":0,"9":0,"10":0,"11":0,"12":0,"13":0,"14":0,"15":0,"16":0,"17":0,"18":0,"19":0,"20":0,"21":0,"22":0,"23":0,"24":0,"25":0,"26":0,"27":0,"28":0},"b":{"0":[0,0],"1":[0,0],"2":[0,0],"3":[0,0],"4":[0,0],"5":[0,0],"6":[0,0],"7":[0,0],"8":[0,0]}}
}
