TN:
SF:src\App.js
FN:27,AppContent
FN:146,App
FNF:2
FNH:0
FNDA:0,AppContent
FNDA:0,App
DA:28,0
DA:29,0
DA:30,0
DA:147,0
LF:4
LH:0
BRDA:33,0,0,0
BRDA:33,0,1,0
BRF:2
BRH:0
end_of_record
TN:
SF:src\index.js
FNF:0
FNH:0
DA:8,0
DA:9,0
DA:18,0
LF:3
LH:0
BRF:0
BRH:0
end_of_record
TN:
SF:src\reportWebVitals.js
FN:1,(anonymous_0)
FN:3,(anonymous_1)
FNF:2
FNH:0
FNDA:0,(anonymous_0)
FNDA:0,(anonymous_1)
DA:1,0
DA:2,0
DA:3,0
DA:4,0
DA:5,0
DA:6,0
DA:7,0
DA:8,0
LF:8
LH:0
BRDA:2,0,0,0
BRDA:2,0,1,0
BRDA:2,1,0,0
BRDA:2,1,1,0
BRF:4
BRH:0
end_of_record
TN:
SF:src\api\chatAPI.js
FN:15,(anonymous_0)
FN:22,(anonymous_1)
FN:29,(anonymous_2)
FN:30,(anonymous_3)
FN:42,(anonymous_4)
FN:52,(anonymous_5)
FN:62,(anonymous_6)
FN:72,(anonymous_7)
FN:84,(anonymous_8)
FNF:9
FNH:0
FNDA:0,(anonymous_0)
FNDA:0,(anonymous_1)
FNDA:0,(anonymous_2)
FNDA:0,(anonymous_3)
FNDA:0,(anonymous_4)
FNDA:0,(anonymous_5)
FNDA:0,(anonymous_6)
FNDA:0,(anonymous_7)
FNDA:0,(anonymous_8)
DA:3,0
DA:6,0
DA:14,0
DA:16,0
DA:17,0
DA:18,0
DA:20,0
DA:23,0
DA:28,0
DA:29,0
DA:31,0
DA:32,0
DA:33,0
DA:35,0
DA:40,0
DA:43,0
DA:44,0
DA:45,0
DA:47,0
DA:53,0
DA:54,0
DA:55,0
DA:57,0
DA:63,0
DA:64,0
DA:65,0
DA:67,0
DA:73,0
DA:74,0
DA:77,0
DA:79,0
DA:85,0
DA:86,0
DA:87,0
DA:89,0
LF:35
LH:0
BRDA:3,0,0,0
BRDA:3,0,1,0
BRDA:17,1,0,0
BRDA:17,1,1,0
BRDA:31,2,0,0
BRDA:31,2,1,0
BRDA:47,3,0,0
BRDA:47,3,1,0
BRDA:57,4,0,0
BRDA:57,4,1,0
BRDA:67,5,0,0
BRDA:67,5,1,0
BRDA:72,6,0,0
BRDA:72,7,0,0
BRDA:79,8,0,0
BRDA:79,8,1,0
BRDA:89,9,0,0
BRDA:89,9,1,0
BRF:18
BRH:0
end_of_record
TN:
SF:src\api\ugcAPI.js
FN:15,(anonymous_0)
FN:22,(anonymous_1)
FN:29,(anonymous_2)
FN:30,(anonymous_3)
FN:42,(anonymous_4)
FN:52,(anonymous_5)
FN:62,(anonymous_6)
FN:72,(anonymous_7)
FN:82,(anonymous_8)
FN:86,(anonymous_9)
FN:104,(anonymous_10)
FN:124,(anonymous_11)
FN:134,(anonymous_12)
FNF:13
FNH:0
FNDA:0,(anonymous_0)
FNDA:0,(anonymous_1)
FNDA:0,(anonymous_2)
FNDA:0,(anonymous_3)
FNDA:0,(anonymous_4)
FNDA:0,(anonymous_5)
FNDA:0,(anonymous_6)
FNDA:0,(anonymous_7)
FNDA:0,(anonymous_8)
FNDA:0,(anonymous_9)
FNDA:0,(anonymous_10)
FNDA:0,(anonymous_11)
FNDA:0,(anonymous_12)
DA:3,0
DA:6,0
DA:14,0
DA:16,0
DA:17,0
DA:18,0
DA:20,0
DA:23,0
DA:28,0
DA:29,0
DA:31,0
DA:32,0
DA:33,0
DA:35,0
DA:40,0
DA:43,0
DA:44,0
DA:45,0
DA:47,0
DA:53,0
DA:54,0
DA:55,0
DA:57,0
DA:63,0
DA:64,0
DA:65,0
DA:67,0
DA:73,0
DA:74,0
DA:75,0
DA:77,0
DA:83,0
DA:84,0
DA:86,0
DA:87,0
DA:88,0
DA:89,0
DA:91,0
DA:96,0
DA:97,0
DA:99,0
DA:105,0
DA:106,0
DA:108,0
DA:109,0
DA:112,0
DA:113,0
DA:116,0
DA:117,0
DA:120,0
DA:125,0
DA:135,0
LF:52
LH:0
BRDA:3,0,0,0
BRDA:3,0,1,0
BRDA:17,1,0,0
BRDA:17,1,1,0
BRDA:31,2,0,0
BRDA:31,2,1,0
BRDA:47,3,0,0
BRDA:47,3,1,0
BRDA:57,4,0,0
BRDA:57,4,1,0
BRDA:67,5,0,0
BRDA:67,5,1,0
BRDA:77,6,0,0
BRDA:77,6,1,0
BRDA:82,7,0,0
BRDA:87,8,0,0
BRDA:87,8,1,0
BRDA:87,9,0,0
BRDA:87,9,1,0
BRDA:87,9,2,0
BRDA:88,10,0,0
BRDA:88,10,1,0
BRDA:99,11,0,0
BRDA:99,11,1,0
BRDA:108,12,0,0
BRDA:108,12,1,0
BRDA:108,13,0,0
BRDA:108,13,1,0
BRDA:112,14,0,0
BRDA:112,14,1,0
BRDA:112,15,0,0
BRDA:112,15,1,0
BRDA:116,16,0,0
BRDA:116,16,1,0
BRF:34
BRH:0
end_of_record
TN:
SF:src\components\EditProfileForm.js
FN:6,(anonymous_0)
FN:63,(anonymous_1)
FN:70,(anonymous_2)
FN:90,(anonymous_3)
FN:92,(anonymous_4)
FN:98,(anonymous_5)
FN:99,(anonymous_6)
FN:102,(anonymous_7)
FN:112,(anonymous_8)
FN:121,(anonymous_9)
FN:154,(anonymous_10)
FN:276,(anonymous_11)
FN:283,(anonymous_12)
FN:285,(anonymous_13)
FN:289,(anonymous_14)
FN:302,(anonymous_15)
FN:309,(anonymous_16)
FN:320,(anonymous_17)
FN:327,(anonymous_18)
FNF:19
FNH:0
FNDA:0,(anonymous_0)
FNDA:0,(anonymous_1)
FNDA:0,(anonymous_2)
FNDA:0,(anonymous_3)
FNDA:0,(anonymous_4)
FNDA:0,(anonymous_5)
FNDA:0,(anonymous_6)
FNDA:0,(anonymous_7)
FNDA:0,(anonymous_8)
FNDA:0,(anonymous_9)
FNDA:0,(anonymous_10)
FNDA:0,(anonymous_11)
FNDA:0,(anonymous_12)
FNDA:0,(anonymous_13)
FNDA:0,(anonymous_14)
FNDA:0,(anonymous_15)
FNDA:0,(anonymous_16)
FNDA:0,(anonymous_17)
FNDA:0,(anonymous_18)
DA:6,0
DA:7,0
DA:8,0
DA:29,0
DA:30,0
DA:31,0
DA:34,0
DA:43,0
DA:49,0
DA:55,0
DA:63,0
DA:64,0
DA:65,0
DA:66,0
DA:67,0
DA:70,0
DA:71,0
DA:72,0
DA:90,0
DA:91,0
DA:92,0
DA:98,0
DA:99,0
DA:100,0
DA:101,0
DA:102,0
DA:105,0
DA:112,0
DA:113,0
DA:114,0
DA:115,0
DA:116,0
DA:118,0
DA:120,0
DA:121,0
DA:122,0
DA:123,0
DA:125,0
DA:128,0
DA:129,0
DA:130,0
DA:131,0
DA:134,0
DA:135,0
DA:136,0
DA:137,0
DA:140,0
DA:141,0
DA:142,0
DA:143,0
DA:147,0
DA:149,0
DA:150,0
DA:151,0
DA:154,0
DA:155,0
DA:156,0
DA:159,0
DA:162,0
DA:163,0
DA:165,0
DA:169,0
DA:170,0
DA:172,0
DA:277,0
DA:284,0
DA:285,0
DA:289,0
DA:303,0
DA:309,0
DA:321,0
DA:327,0
LF:72
LH:0
BRDA:64,0,0,0
BRDA:64,0,1,0
BRDA:65,1,0,0
BRDA:65,1,1,0
BRDA:66,2,0,0
BRDA:66,2,1,0
BRDA:71,3,0,0
BRDA:71,3,1,0
BRDA:71,4,0,0
BRDA:71,4,1,0
BRDA:73,5,0,0
BRDA:73,5,1,0
BRDA:74,6,0,0
BRDA:74,6,1,0
BRDA:75,7,0,0
BRDA:75,7,1,0
BRDA:76,8,0,0
BRDA:76,8,1,0
BRDA:77,9,0,0
BRDA:77,9,1,0
BRDA:78,10,0,0
BRDA:78,10,1,0
BRDA:79,11,0,0
BRDA:79,11,1,0
BRDA:80,12,0,0
BRDA:80,12,1,0
BRDA:81,13,0,0
BRDA:81,13,1,0
BRDA:82,14,0,0
BRDA:82,14,1,0
BRDA:83,15,0,0
BRDA:83,15,1,0
BRDA:84,16,0,0
BRDA:84,16,1,0
BRDA:85,17,0,0
BRDA:85,17,1,0
BRDA:100,18,0,0
BRDA:100,18,1,0
BRDA:101,19,0,0
BRDA:101,19,1,0
BRDA:122,20,0,0
BRDA:122,20,1,0
BRDA:123,21,0,0
BRDA:123,21,1,0
BRDA:128,22,0,0
BRDA:128,22,1,0
BRDA:134,23,0,0
BRDA:134,23,1,0
BRDA:140,24,0,0
BRDA:140,24,1,0
BRDA:149,25,0,0
BRDA:149,25,1,0
BRDA:169,26,0,0
BRDA:169,26,1,0
BRDA:178,27,0,0
BRDA:178,27,1,0
BRDA:185,28,0,0
BRDA:185,28,1,0
BRDA:287,29,0,0
BRDA:287,29,1,0
BRDA:409,30,0,0
BRDA:409,30,1,0
BRF:62
BRH:0
end_of_record
TN:
SF:src\components\EmailModal.js
FN:4,(anonymous_0)
FN:15,(anonymous_1)
FN:22,(anonymous_2)
FN:44,(anonymous_3)
FNF:4
FNH:0
FNDA:0,(anonymous_0)
FNDA:0,(anonymous_1)
FNDA:0,(anonymous_2)
FNDA:0,(anonymous_3)
DA:4,0
DA:5,0
DA:11,0
DA:12,0
DA:13,0
DA:15,0
DA:16,0
DA:22,0
DA:23,0
DA:24,0
DA:25,0
DA:27,0
DA:28,0
DA:42,0
DA:43,0
DA:44,0
DA:45,0
DA:46,0
DA:47,0
DA:50,0
DA:51,0
DA:54,0
DA:56,0
DA:60,0
LF:24
LH:0
BRDA:42,0,0,0
BRDA:42,0,1,0
BRDA:51,1,0,0
BRDA:51,1,1,0
BRDA:69,2,0,0
BRDA:69,2,1,0
BRDA:76,3,0,0
BRDA:76,3,1,0
BRDA:164,4,0,0
BRDA:164,4,1,0
BRF:10
BRH:0
end_of_record
TN:
SF:src\components\MultiSelect.js
FN:4,(anonymous_0)
FN:17,(anonymous_1)
FN:18,(anonymous_2)
FN:25,(anonymous_3)
FN:30,(anonymous_4)
FN:34,(anonymous_5)
FN:36,(anonymous_6)
FN:41,(anonymous_7)
FN:42,(anonymous_8)
FN:59,(anonymous_9)
FN:64,(anonymous_10)
FN:75,(anonymous_11)
FN:104,(anonymous_12)
FN:113,(anonymous_13)
FN:120,(anonymous_14)
FN:121,(anonymous_15)
FN:122,(anonymous_16)
FNF:17
FNH:0
FNDA:0,(anonymous_0)
FNDA:0,(anonymous_1)
FNDA:0,(anonymous_2)
FNDA:0,(anonymous_3)
FNDA:0,(anonymous_4)
FNDA:0,(anonymous_5)
FNDA:0,(anonymous_6)
FNDA:0,(anonymous_7)
FNDA:0,(anonymous_8)
FNDA:0,(anonymous_9)
FNDA:0,(anonymous_10)
FNDA:0,(anonymous_11)
FNDA:0,(anonymous_12)
FNDA:0,(anonymous_13)
FNDA:0,(anonymous_14)
FNDA:0,(anonymous_15)
FNDA:0,(anonymous_16)
DA:4,0
DA:13,0
DA:14,0
DA:15,0
DA:17,0
DA:18,0
DA:19,0
DA:20,0
DA:24,0
DA:25,0
DA:26,0
DA:30,0
DA:31,0
DA:34,0
DA:35,0
DA:36,0
DA:38,0
DA:41,0
DA:42,0
DA:43,0
DA:46,0
DA:59,0
DA:65,0
DA:76,0
DA:77,0
DA:104,0
DA:114,0
DA:120,0
DA:121,0
DA:123,0
DA:124,0
LF:31
LH:0
BRDA:5,0,0,0
BRDA:6,1,0,0
BRDA:8,2,0,0
BRDA:10,3,0,0
BRDA:11,4,0,0
BRDA:19,5,0,0
BRDA:19,5,1,0
BRDA:19,6,0,0
BRDA:19,6,1,0
BRDA:35,7,0,0
BRDA:35,7,1,0
BRDA:48,8,0,0
BRDA:48,8,1,0
BRDA:52,9,0,0
BRDA:52,9,1,0
BRDA:53,10,0,0
BRDA:53,10,1,0
BRDA:56,11,0,0
BRDA:56,11,1,0
BRDA:57,12,0,0
BRDA:57,12,1,0
BRDA:59,13,0,0
BRDA:59,13,1,0
BRDA:61,14,0,0
BRDA:61,14,1,0
BRDA:72,15,0,0
BRDA:72,15,1,0
BRDA:86,16,0,0
BRDA:86,16,1,0
BRDA:88,17,0,0
BRDA:88,17,1,0
BRDA:94,18,0,0
BRDA:94,18,1,0
BRDA:94,18,2,0
BRDA:110,19,0,0
BRDA:110,19,1,0
BRDA:117,20,0,0
BRDA:117,20,1,0
BRDA:123,21,0,0
BRDA:123,21,1,0
BRDA:129,22,0,0
BRDA:129,22,1,0
BRF:42
BRH:0
end_of_record
TN:
SF:src\components\Navbar.js
FN:6,(anonymous_0)
FN:17,(anonymous_1)
FN:26,(anonymous_2)
FN:43,(anonymous_3)
FN:44,(anonymous_4)
FNF:5
FNH:0
FNDA:0,(anonymous_0)
FNDA:0,(anonymous_1)
FNDA:0,(anonymous_2)
FNDA:0,(anonymous_3)
FNDA:0,(anonymous_4)
DA:6,0
DA:7,0
DA:8,0
DA:9,0
DA:10,0
DA:13,0
DA:14,0
DA:17,0
DA:18,0
DA:19,0
DA:20,0
DA:22,0
DA:26,0
DA:27,0
DA:43,0
DA:44,0
LF:16
LH:0
BRDA:13,0,0,0
BRDA:13,0,1,0
BRDA:38,1,0,0
BRDA:38,1,1,0
BRDA:53,2,0,0
BRDA:53,2,1,0
BRDA:69,3,0,0
BRDA:69,3,1,0
BRDA:69,3,2,0
BRDA:74,4,0,0
BRDA:74,4,1,0
BRDA:81,5,0,0
BRDA:81,5,1,0
BRDA:88,6,0,0
BRDA:88,6,1,0
BRDA:88,6,2,0
BRDA:93,7,0,0
BRDA:93,7,1,0
BRDA:100,8,0,0
BRDA:100,8,1,0
BRDA:107,9,0,0
BRDA:107,9,1,0
BRDA:107,9,2,0
BRDA:112,10,0,0
BRDA:112,10,1,0
BRDA:119,11,0,0
BRDA:119,11,1,0
BRDA:127,12,0,0
BRDA:127,12,1,0
BRDA:133,13,0,0
BRDA:133,13,1,0
BRDA:144,14,0,0
BRDA:144,14,1,0
BRDA:151,15,0,0
BRDA:151,15,1,0
BRDA:151,15,2,0
BRF:36
BRH:0
end_of_record
TN:
SF:src\components\ProtectedRoute.js
FN:7,(anonymous_0)
FN:13,(anonymous_1)
FN:25,(anonymous_2)
FN:32,(anonymous_3)
FN:33,(anonymous_4)
FN:36,(anonymous_5)
FN:42,(anonymous_6)
FNF:7
FNH:0
FNDA:0,(anonymous_0)
FNDA:0,(anonymous_1)
FNDA:0,(anonymous_2)
FNDA:0,(anonymous_3)
FNDA:0,(anonymous_4)
FNDA:0,(anonymous_5)
FNDA:0,(anonymous_6)
DA:7,0
DA:8,0
DA:9,0
DA:10,0
DA:11,0
DA:13,0
DA:14,0
DA:15,0
DA:16,0
DA:17,0
DA:19,0
DA:22,0
DA:25,0
DA:26,0
DA:27,0
DA:32,0
DA:33,0
DA:34,0
DA:36,0
DA:37,0
DA:41,0
DA:42,0
DA:46,0
DA:47,0
DA:57,0
DA:58,0
DA:62,0
DA:64,0
DA:65,0
DA:66,0
DA:67,0
DA:68,0
DA:69,0
DA:70,0
DA:71,0
DA:72,0
DA:74,0
DA:78,0
DA:79,0
DA:82,0
DA:88,0
DA:92,0
DA:93,0
DA:98,0
DA:99,0
DA:102,0
DA:108,0
DA:112,0
DA:113,0
DA:117,0
LF:50
LH:0
BRDA:7,0,0,0
BRDA:14,1,0,0
BRDA:14,1,1,0
BRDA:14,2,0,0
BRDA:14,2,1,0
BRDA:26,3,0,0
BRDA:26,3,1,0
BRDA:46,4,0,0
BRDA:46,4,1,0
BRDA:46,5,0,0
BRDA:46,5,1,0
BRDA:57,6,0,0
BRDA:57,6,1,0
BRDA:62,7,0,0
BRDA:62,7,1,0
BRDA:62,8,0,0
BRDA:62,8,1,0
BRDA:65,9,0,0
BRDA:65,9,1,0
BRDA:67,10,0,0
BRDA:67,10,1,0
BRDA:69,11,0,0
BRDA:69,11,1,0
BRDA:71,12,0,0
BRDA:71,12,1,0
BRDA:78,13,0,0
BRDA:78,13,1,0
BRDA:78,14,0,0
BRDA:78,14,1,0
BRDA:82,15,0,0
BRDA:82,15,1,0
BRDA:83,16,0,0
BRDA:83,16,1,0
BRDA:83,16,2,0
BRDA:92,17,0,0
BRDA:92,17,1,0
BRDA:92,18,0,0
BRDA:92,18,1,0
BRDA:98,19,0,0
BRDA:98,19,1,0
BRDA:98,20,0,0
BRDA:98,20,1,0
BRDA:102,21,0,0
BRDA:102,21,1,0
BRDA:103,22,0,0
BRDA:103,22,1,0
BRDA:103,22,2,0
BRDA:112,23,0,0
BRDA:112,23,1,0
BRDA:112,24,0,0
BRDA:112,24,1,0
BRF:51
BRH:0
end_of_record
TN:
SF:src\components\Chat\ChatInterface.js
FN:6,(anonymous_0)
FN:9,(anonymous_1)
FN:13,(anonymous_2)
FNF:3
FNH:0
FNDA:0,(anonymous_0)
FNDA:0,(anonymous_1)
FNDA:0,(anonymous_2)
DA:6,0
DA:7,0
DA:9,0
DA:10,0
DA:13,0
DA:14,0
DA:17,0
LF:7
LH:0
BRDA:29,0,0,0
BRDA:29,0,1,0
BRF:2
BRH:0
end_of_record
TN:
SF:src\components\Chat\ChatList.js
FN:6,(anonymous_0)
FN:15,(anonymous_1)
FN:19,(anonymous_2)
FN:22,(anonymous_3)
FN:35,(anonymous_4)
FN:51,(anonymous_5)
FN:52,(anonymous_6)
FN:66,(anonymous_7)
FN:72,(anonymous_8)
FN:73,(anonymous_9)
FN:90,(anonymous_10)
FN:107,(anonymous_11)
FN:113,(anonymous_12)
FN:123,(anonymous_13)
FN:154,(anonymous_14)
FN:177,(anonymous_15)
FN:187,(anonymous_16)
FN:196,(anonymous_17)
FN:234,(anonymous_18)
FN:253,(anonymous_19)
FN:269,(anonymous_20)
FN:273,(anonymous_21)
FNF:22
FNH:0
FNDA:0,(anonymous_0)
FNDA:0,(anonymous_1)
FNDA:0,(anonymous_2)
FNDA:0,(anonymous_3)
FNDA:0,(anonymous_4)
FNDA:0,(anonymous_5)
FNDA:0,(anonymous_6)
FNDA:0,(anonymous_7)
FNDA:0,(anonymous_8)
FNDA:0,(anonymous_9)
FNDA:0,(anonymous_10)
FNDA:0,(anonymous_11)
FNDA:0,(anonymous_12)
FNDA:0,(anonymous_13)
FNDA:0,(anonymous_14)
FNDA:0,(anonymous_15)
FNDA:0,(anonymous_16)
FNDA:0,(anonymous_17)
FNDA:0,(anonymous_18)
FNDA:0,(anonymous_19)
FNDA:0,(anonymous_20)
FNDA:0,(anonymous_21)
DA:6,0
DA:7,0
DA:8,0
DA:9,0
DA:10,0
DA:11,0
DA:12,0
DA:13,0
DA:15,0
DA:16,0
DA:18,0
DA:19,0
DA:22,0
DA:23,0
DA:24,0
DA:26,0
DA:27,0
DA:29,0
DA:30,0
DA:31,0
DA:35,0
DA:36,0
DA:37,0
DA:38,0
DA:41,0
DA:42,0
DA:43,0
DA:44,0
DA:47,0
DA:48,0
DA:51,0
DA:52,0
DA:53,0
DA:56,0
DA:59,0
DA:60,0
DA:62,0
DA:66,0
DA:67,0
DA:68,0
DA:71,0
DA:72,0
DA:73,0
DA:74,0
DA:75,0
DA:77,0
DA:81,0
DA:82,0
DA:83,0
DA:85,0
DA:86,0
DA:90,0
DA:91,0
DA:93,0
DA:94,0
DA:95,0
DA:97,0
DA:98,0
DA:99,0
DA:100,0
DA:101,0
DA:103,0
DA:107,0
DA:109,0
DA:110,0
DA:113,0
DA:116,0
DA:117,0
DA:120,0
DA:123,0
DA:124,0
DA:128,0
DA:129,0
DA:143,0
DA:155,0
DA:156,0
DA:178,0
DA:179,0
DA:188,0
DA:189,0
DA:191,0
DA:196,0
DA:234,0
DA:253,0
DA:270,0
DA:273,0
LF:86
LH:0
BRDA:41,0,0,0
BRDA:41,0,1,0
BRDA:43,1,0,0
BRDA:43,1,1,0
BRDA:47,2,0,0
BRDA:47,2,1,0
BRDA:52,3,0,0
BRDA:52,3,1,0
BRDA:53,4,0,0
BRDA:53,4,1,0
BRDA:74,5,0,0
BRDA:74,5,1,0
BRDA:91,6,0,0
BRDA:91,6,1,0
BRDA:97,7,0,0
BRDA:97,7,1,0
BRDA:99,8,0,0
BRDA:99,8,1,0
BRDA:100,9,0,0
BRDA:100,9,1,0
BRDA:109,10,0,0
BRDA:109,10,1,0
BRDA:109,11,0,0
BRDA:109,11,1,0
BRDA:109,11,2,0
BRDA:116,12,0,0
BRDA:116,12,1,0
BRDA:116,13,0,0
BRDA:116,13,1,0
BRDA:124,14,0,0
BRDA:124,14,1,0
BRDA:128,15,0,0
BRDA:128,15,1,0
BRDA:164,16,0,0
BRDA:164,16,1,0
BRDA:170,17,0,0
BRDA:170,17,1,0
BRDA:203,18,0,0
BRDA:203,18,1,0
BRDA:212,19,0,0
BRDA:212,19,1,0
BRDA:214,20,0,0
BRDA:214,20,1,0
BRDA:216,21,0,0
BRDA:216,21,1,0
BRDA:239,22,0,0
BRDA:239,22,1,0
BRDA:257,23,0,0
BRDA:257,23,1,0
BRDA:261,24,0,0
BRDA:261,24,1,0
BRDA:277,25,0,0
BRDA:277,25,1,0
BRDA:280,26,0,0
BRDA:280,26,1,0
BRF:55
BRH:0
end_of_record
TN:
SF:src\components\Chat\ChatWindow.js
FN:6,(anonymous_0)
FN:17,(anonymous_1)
FN:21,(anonymous_2)
FN:25,(anonymous_3)
FN:30,(anonymous_4)
FN:35,(anonymous_5)
FN:36,(anonymous_6)
FN:43,(anonymous_7)
FN:46,(anonymous_8)
FN:52,(anonymous_9)
FN:54,(anonymous_10)
FN:59,(anonymous_11)
FN:74,(anonymous_12)
FN:89,(anonymous_13)
FN:99,(anonymous_14)
FN:99,(anonymous_15)
FN:106,(anonymous_16)
FN:114,(anonymous_17)
FN:114,(anonymous_18)
FN:119,(anonymous_19)
FN:120,(anonymous_20)
FN:124,(anonymous_21)
FN:131,(anonymous_22)
FN:146,(anonymous_23)
FN:152,(anonymous_24)
FN:220,(anonymous_25)
FN:283,(anonymous_26)
FN:292,(anonymous_27)
FNF:28
FNH:0
FNDA:0,(anonymous_0)
FNDA:0,(anonymous_1)
FNDA:0,(anonymous_2)
FNDA:0,(anonymous_3)
FNDA:0,(anonymous_4)
FNDA:0,(anonymous_5)
FNDA:0,(anonymous_6)
FNDA:0,(anonymous_7)
FNDA:0,(anonymous_8)
FNDA:0,(anonymous_9)
FNDA:0,(anonymous_10)
FNDA:0,(anonymous_11)
FNDA:0,(anonymous_12)
FNDA:0,(anonymous_13)
FNDA:0,(anonymous_14)
FNDA:0,(anonymous_15)
FNDA:0,(anonymous_16)
FNDA:0,(anonymous_17)
FNDA:0,(anonymous_18)
FNDA:0,(anonymous_19)
FNDA:0,(anonymous_20)
FNDA:0,(anonymous_21)
FNDA:0,(anonymous_22)
FNDA:0,(anonymous_23)
FNDA:0,(anonymous_24)
FNDA:0,(anonymous_25)
FNDA:0,(anonymous_26)
FNDA:0,(anonymous_27)
DA:6,0
DA:7,0
DA:8,0
DA:9,0
DA:10,0
DA:11,0
DA:12,0
DA:13,0
DA:14,0
DA:15,0
DA:17,0
DA:18,0
DA:21,0
DA:22,0
DA:25,0
DA:26,0
DA:27,0
DA:29,0
DA:30,0
DA:35,0
DA:36,0
DA:37,0
DA:38,0
DA:42,0
DA:43,0
DA:46,0
DA:47,0
DA:48,0
DA:51,0
DA:52,0
DA:54,0
DA:57,0
DA:59,0
DA:60,0
DA:62,0
DA:65,0
DA:66,0
DA:68,0
DA:69,0
DA:70,0
DA:74,0
DA:75,0
DA:76,0
DA:79,0
DA:89,0
DA:90,0
DA:91,0
DA:92,0
DA:93,0
DA:95,0
DA:96,0
DA:99,0
DA:100,0
DA:104,0
DA:105,0
DA:106,0
DA:110,0
DA:111,0
DA:114,0
DA:115,0
DA:119,0
DA:120,0
DA:121,0
DA:124,0
DA:125,0
DA:131,0
DA:132,0
DA:133,0
DA:134,0
DA:135,0
DA:137,0
DA:138,0
DA:139,0
DA:140,0
DA:142,0
DA:146,0
DA:148,0
DA:149,0
DA:152,0
DA:155,0
DA:156,0
DA:159,0
DA:162,0
DA:164,0
DA:165,0
DA:179,0
DA:221,0
DA:222,0
DA:225,0
DA:283,0
DA:292,0
LF:91
LH:0
BRDA:26,0,0,0
BRDA:26,0,1,0
BRDA:37,1,0,0
BRDA:37,1,1,0
BRDA:37,2,0,0
BRDA:37,2,1,0
BRDA:57,3,0,0
BRDA:57,3,1,0
BRDA:76,4,0,0
BRDA:76,4,1,0
BRDA:82,5,0,0
BRDA:82,5,1,0
BRDA:100,6,0,0
BRDA:100,6,1,0
BRDA:104,7,0,0
BRDA:104,7,1,0
BRDA:137,8,0,0
BRDA:137,8,1,0
BRDA:139,9,0,0
BRDA:139,9,1,0
BRDA:148,10,0,0
BRDA:148,10,1,0
BRDA:148,11,0,0
BRDA:148,11,1,0
BRDA:148,11,2,0
BRDA:155,12,0,0
BRDA:155,12,1,0
BRDA:155,13,0,0
BRDA:155,13,1,0
BRDA:164,14,0,0
BRDA:164,14,1,0
BRDA:185,15,0,0
BRDA:185,15,1,0
BRDA:187,16,0,0
BRDA:187,16,1,0
BRDA:193,17,0,0
BRDA:193,17,1,0
BRDA:202,18,0,0
BRDA:202,18,1,0
BRDA:208,19,0,0
BRDA:208,19,1,0
BRDA:214,20,0,0
BRDA:214,20,1,0
BRDA:222,21,0,0
BRDA:222,21,1,0
BRDA:227,22,0,0
BRDA:227,22,1,0
BRDA:235,23,0,0
BRDA:235,23,1,0
BRDA:236,24,0,0
BRDA:236,24,1,0
BRDA:239,25,0,0
BRDA:239,25,1,0
BRDA:242,26,0,0
BRDA:242,26,1,0
BRDA:253,27,0,0
BRDA:253,27,1,0
BRDA:258,28,0,0
BRDA:258,28,1,0
BRDA:298,29,0,0
BRDA:298,29,1,0
BRF:61
BRH:0
end_of_record
TN:
SF:src\context\AuthContext.js
FN:14,(anonymous_0)
FN:44,(anonymous_1)
FN:48,(anonymous_2)
FN:49,(anonymous_3)
FN:89,(anonymous_4)
FN:113,(anonymous_5)
FN:136,(anonymous_6)
FN:144,(anonymous_7)
FN:149,(anonymous_8)
FN:155,(anonymous_9)
FN:171,(anonymous_10)
FNF:11
FNH:1
FNDA:0,(anonymous_0)
FNDA:0,(anonymous_1)
FNDA:0,(anonymous_2)
FNDA:0,(anonymous_3)
FNDA:0,(anonymous_4)
FNDA:0,(anonymous_5)
FNDA:0,(anonymous_6)
FNDA:0,(anonymous_7)
FNDA:0,(anonymous_8)
FNDA:0,(anonymous_9)
FNDA:44,(anonymous_10)
DA:4,2
DA:6,2
DA:14,2
DA:15,0
DA:17,0
DA:19,0
DA:21,0
DA:30,0
DA:35,0
DA:40,0
DA:44,2
DA:45,0
DA:48,0
DA:49,0
DA:50,0
DA:51,0
DA:53,0
DA:54,0
DA:55,0
DA:57,0
DA:58,0
DA:60,0
DA:61,0
DA:66,0
DA:67,0
DA:69,0
DA:70,0
DA:74,0
DA:75,0
DA:82,0
DA:86,0
DA:89,0
DA:90,0
DA:91,0
DA:92,0
DA:94,0
DA:95,0
DA:97,0
DA:98,0
DA:100,0
DA:105,0
DA:107,0
DA:108,0
DA:109,0
DA:113,0
DA:114,0
DA:115,0
DA:116,0
DA:118,0
DA:119,0
DA:121,0
DA:122,0
DA:124,0
DA:129,0
DA:131,0
DA:132,0
DA:133,0
DA:135,0
DA:136,0
DA:139,0
DA:140,0
DA:144,0
DA:145,0
DA:146,0
DA:149,0
DA:150,0
DA:151,0
DA:152,0
DA:155,0
DA:156,0
DA:159,0
DA:168,0
DA:171,2
DA:172,44
DA:173,44
DA:174,0
DA:176,44
LF:77
LH:8
BRDA:15,0,0,0
BRDA:15,0,1,0
BRDA:15,0,2,0
BRDA:15,0,3,0
BRDA:15,0,4,0
BRDA:15,0,5,0
BRDA:53,1,0,0
BRDA:53,1,1,0
BRDA:53,2,0,0
BRDA:53,2,1,0
BRDA:58,3,0,0
BRDA:58,3,1,0
BRDA:67,4,0,0
BRDA:67,4,1,0
BRDA:107,5,0,0
BRDA:107,5,1,0
BRDA:132,6,0,0
BRDA:132,6,1,0
BRDA:133,7,0,0
BRDA:133,7,1,0
BRDA:136,8,0,0
BRDA:136,8,1,0
BRDA:136,8,2,0
BRDA:136,9,0,0
BRDA:136,9,1,0
BRDA:173,10,0,0
BRDA:173,10,1,44
BRF:27
BRH:1
end_of_record
TN:
SF:src\pages\AdminDashboard.js
FN:7,(anonymous_0)
FN:35,(anonymous_1)
FN:40,(anonymous_2)
FN:50,(anonymous_3)
FN:71,(anonymous_4)
FN:72,(anonymous_5)
FN:76,(anonymous_6)
FN:81,(anonymous_7)
FN:100,(anonymous_8)
FN:104,(anonymous_9)
FN:108,(anonymous_10)
FN:119,(anonymous_11)
FN:130,(anonymous_12)
FN:136,(anonymous_13)
FN:141,(anonymous_14)
FN:150,(anonymous_15)
FN:154,(anonymous_16)
FN:158,(anonymous_17)
FN:161,(anonymous_18)
FN:167,(anonymous_19)
FN:180,(anonymous_20)
FN:184,(anonymous_21)
FN:188,(anonymous_22)
FN:197,(anonymous_23)
FN:201,(anonymous_24)
FN:205,(anonymous_25)
FN:222,(anonymous_26)
FN:233,(anonymous_27)
FN:237,(anonymous_28)
FN:242,(anonymous_29)
FN:246,(anonymous_30)
FN:254,(anonymous_31)
FN:262,(anonymous_32)
FN:323,(anonymous_33)
FN:330,(anonymous_34)
FN:341,(anonymous_35)
FN:348,(anonymous_36)
FN:449,(anonymous_37)
FN:457,(anonymous_38)
FN:479,(anonymous_39)
FN:482,(anonymous_40)
FN:482,(anonymous_41)
FN:485,(anonymous_42)
FN:485,(anonymous_43)
FN:488,(anonymous_44)
FN:488,(anonymous_45)
FN:491,(anonymous_46)
FN:513,(anonymous_47)
FN:528,(anonymous_48)
FN:544,(anonymous_49)
FN:585,(anonymous_50)
FN:618,(anonymous_51)
FN:625,(anonymous_52)
FN:632,(anonymous_53)
FN:639,(anonymous_54)
FN:647,(anonymous_55)
FN:655,(anonymous_56)
FN:679,(anonymous_57)
FN:712,(anonymous_58)
FN:719,(anonymous_59)
FN:733,(anonymous_60)
FN:743,(anonymous_61)
FN:754,(anonymous_62)
FN:769,(anonymous_63)
FN:778,(anonymous_64)
FN:788,(anonymous_65)
FN:802,(anonymous_66)
FN:811,(anonymous_67)
FN:818,(anonymous_68)
FN:828,(anonymous_69)
FN:849,(anonymous_70)
FNF:71
FNH:0
FNDA:0,(anonymous_0)
FNDA:0,(anonymous_1)
FNDA:0,(anonymous_2)
FNDA:0,(anonymous_3)
FNDA:0,(anonymous_4)
FNDA:0,(anonymous_5)
FNDA:0,(anonymous_6)
FNDA:0,(anonymous_7)
FNDA:0,(anonymous_8)
FNDA:0,(anonymous_9)
FNDA:0,(anonymous_10)
FNDA:0,(anonymous_11)
FNDA:0,(anonymous_12)
FNDA:0,(anonymous_13)
FNDA:0,(anonymous_14)
FNDA:0,(anonymous_15)
FNDA:0,(anonymous_16)
FNDA:0,(anonymous_17)
FNDA:0,(anonymous_18)
FNDA:0,(anonymous_19)
FNDA:0,(anonymous_20)
FNDA:0,(anonymous_21)
FNDA:0,(anonymous_22)
FNDA:0,(anonymous_23)
FNDA:0,(anonymous_24)
FNDA:0,(anonymous_25)
FNDA:0,(anonymous_26)
FNDA:0,(anonymous_27)
FNDA:0,(anonymous_28)
FNDA:0,(anonymous_29)
FNDA:0,(anonymous_30)
FNDA:0,(anonymous_31)
FNDA:0,(anonymous_32)
FNDA:0,(anonymous_33)
FNDA:0,(anonymous_34)
FNDA:0,(anonymous_35)
FNDA:0,(anonymous_36)
FNDA:0,(anonymous_37)
FNDA:0,(anonymous_38)
FNDA:0,(anonymous_39)
FNDA:0,(anonymous_40)
FNDA:0,(anonymous_41)
FNDA:0,(anonymous_42)
FNDA:0,(anonymous_43)
FNDA:0,(anonymous_44)
FNDA:0,(anonymous_45)
FNDA:0,(anonymous_46)
FNDA:0,(anonymous_47)
FNDA:0,(anonymous_48)
FNDA:0,(anonymous_49)
FNDA:0,(anonymous_50)
FNDA:0,(anonymous_51)
FNDA:0,(anonymous_52)
FNDA:0,(anonymous_53)
FNDA:0,(anonymous_54)
FNDA:0,(anonymous_55)
FNDA:0,(anonymous_56)
FNDA:0,(anonymous_57)
FNDA:0,(anonymous_58)
FNDA:0,(anonymous_59)
FNDA:0,(anonymous_60)
FNDA:0,(anonymous_61)
FNDA:0,(anonymous_62)
FNDA:0,(anonymous_63)
FNDA:0,(anonymous_64)
FNDA:0,(anonymous_65)
FNDA:0,(anonymous_66)
FNDA:0,(anonymous_67)
FNDA:0,(anonymous_68)
FNDA:0,(anonymous_69)
FNDA:0,(anonymous_70)
DA:7,0
DA:8,0
DA:9,0
DA:10,0
DA:11,0
DA:12,0
DA:13,0
DA:16,0
DA:21,0
DA:22,0
DA:25,0
DA:26,0
DA:27,0
DA:28,0
DA:29,0
DA:30,0
DA:31,0
DA:33,0
DA:35,0
DA:36,0
DA:37,0
DA:40,0
DA:41,0
DA:42,0
DA:43,0
DA:45,0
DA:46,0
DA:50,0
DA:51,0
DA:52,0
DA:53,0
DA:59,0
DA:61,0
DA:62,0
DA:64,0
DA:65,0
DA:67,0
DA:71,0
DA:72,0
DA:73,0
DA:76,0
DA:77,0
DA:78,0
DA:81,0
DA:82,0
DA:83,0
DA:84,0
DA:86,0
DA:87,0
DA:88,0
DA:89,0
DA:90,0
DA:91,0
DA:94,0
DA:96,0
DA:97,0
DA:98,0
DA:100,0
DA:102,0
DA:103,0
DA:104,0
DA:108,0
DA:109,0
DA:110,0
DA:111,0
DA:112,0
DA:114,0
DA:115,0
DA:119,0
DA:120,0
DA:121,0
DA:127,0
DA:130,0
DA:131,0
DA:132,0
DA:133,0
DA:136,0
DA:137,0
DA:138,0
DA:141,0
DA:142,0
DA:143,0
DA:145,0
DA:146,0
DA:147,0
DA:148,0
DA:150,0
DA:152,0
DA:153,0
DA:154,0
DA:158,0
DA:159,0
DA:160,0
DA:161,0
DA:162,0
DA:165,0
DA:166,0
DA:167,0
DA:168,0
DA:171,0
DA:172,0
DA:176,0
DA:177,0
DA:178,0
DA:180,0
DA:182,0
DA:183,0
DA:184,0
DA:188,0
DA:189,0
DA:190,0
DA:192,0
DA:193,0
DA:194,0
DA:195,0
DA:197,0
DA:199,0
DA:200,0
DA:201,0
DA:205,0
DA:206,0
DA:208,0
DA:209,0
DA:210,0
DA:211,0
DA:213,0
DA:214,0
DA:217,0
DA:218,0
DA:222,0
DA:229,0
DA:233,0
DA:237,0
DA:242,0
DA:246,0
DA:254,0
DA:255,0
DA:262,0
DA:263,0
DA:264,0
DA:265,0
DA:266,0
DA:267,0
DA:268,0
DA:273,0
DA:274,0
DA:275,0
DA:276,0
DA:278,0
DA:285,0
DA:292,0
DA:293,0
DA:295,0
DA:296,0
DA:307,0
DA:323,0
DA:330,0
DA:341,0
DA:348,0
DA:450,0
DA:458,0
DA:479,0
DA:482,0
DA:485,0
DA:488,0
DA:491,0
DA:513,0
DA:528,0
DA:544,0
DA:586,0
DA:618,0
DA:625,0
DA:632,0
DA:639,0
DA:647,0
DA:655,0
DA:679,0
DA:712,0
DA:719,0
DA:733,0
DA:743,0
DA:754,0
DA:769,0
DA:778,0
DA:788,0
DA:802,0
DA:811,0
DA:818,0
DA:828,0
DA:849,0
LF:190
LH:0
BRDA:86,0,0,0
BRDA:86,0,1,0
BRDA:89,1,0,0
BRDA:89,1,1,0
BRDA:122,2,0,0
BRDA:122,2,1,0
BRDA:123,3,0,0
BRDA:123,3,1,0
BRDA:124,4,0,0
BRDA:124,4,1,0
BRDA:125,5,0,0
BRDA:125,5,1,0
BRDA:159,6,0,0
BRDA:159,6,1,0
BRDA:165,7,0,0
BRDA:165,7,1,0
BRDA:206,8,0,0
BRDA:206,8,1,0
BRDA:206,9,0,0
BRDA:206,9,1,0
BRDA:213,10,0,0
BRDA:213,10,1,0
BRDA:263,11,0,0
BRDA:263,11,1,0
BRDA:263,11,2,0
BRDA:263,11,3,0
BRDA:263,11,4,0
BRDA:273,12,0,0
BRDA:273,12,1,0
BRDA:274,13,0,0
BRDA:274,13,1,0
BRDA:275,14,0,0
BRDA:275,14,1,0
BRDA:276,15,0,0
BRDA:276,15,1,0
BRDA:286,16,0,0
BRDA:286,16,1,0
BRDA:287,17,0,0
BRDA:287,17,1,0
BRDA:288,18,0,0
BRDA:288,18,1,0
BRDA:289,19,0,0
BRDA:289,19,1,0
BRDA:292,20,0,0
BRDA:292,20,1,0
BRDA:293,21,0,0
BRDA:293,21,1,0
BRDA:295,22,0,0
BRDA:295,22,1,0
BRDA:295,23,0,0
BRDA:295,23,1,0
BRDA:322,24,0,0
BRDA:322,24,1,0
BRDA:329,25,0,0
BRDA:329,25,1,0
BRDA:339,26,0,0
BRDA:339,26,1,0
BRDA:346,27,0,0
BRDA:346,27,1,0
BRDA:355,28,0,0
BRDA:355,28,1,0
BRDA:502,29,0,0
BRDA:502,29,1,0
BRDA:561,30,0,0
BRDA:561,30,1,0
BRDA:564,31,0,0
BRDA:564,31,1,0
BRDA:568,32,0,0
BRDA:568,32,1,0
BRDA:589,33,0,0
BRDA:589,33,1,0
BRDA:599,34,0,0
BRDA:599,34,1,0
BRDA:600,35,0,0
BRDA:600,35,1,0
BRDA:604,36,0,0
BRDA:604,36,1,0
BRDA:605,37,0,0
BRDA:605,37,1,0
BRDA:606,38,0,0
BRDA:606,38,1,0
BRDA:638,39,0,0
BRDA:638,39,1,0
BRDA:641,40,0,0
BRDA:641,40,1,0
BRDA:643,41,0,0
BRDA:643,41,1,0
BRDA:646,42,0,0
BRDA:646,42,1,0
BRDA:649,43,0,0
BRDA:649,43,1,0
BRDA:684,44,0,0
BRDA:684,44,1,0
BRDA:688,45,0,0
BRDA:688,45,1,0
BRDA:691,46,0,0
BRDA:691,46,1,0
BRDA:696,47,0,0
BRDA:696,47,1,0
BRDA:698,48,0,0
BRDA:698,48,1,0
BRDA:699,49,0,0
BRDA:699,49,1,0
BRDA:700,50,0,0
BRDA:700,50,1,0
BRDA:724,51,0,0
BRDA:724,51,1,0
BRDA:793,52,0,0
BRDA:793,52,1,0
BRDA:833,53,0,0
BRDA:833,53,1,0
BRF:111
BRH:0
end_of_record
TN:
SF:src\pages\AdminDashboard2.js
FN:6,(anonymous_0)
FN:34,(anonymous_1)
FN:39,(anonymous_2)
FN:49,(anonymous_3)
FN:70,(anonymous_4)
FN:71,(anonymous_5)
FN:75,(anonymous_6)
FN:80,(anonymous_7)
FN:99,(anonymous_8)
FN:103,(anonymous_9)
FN:107,(anonymous_10)
FN:118,(anonymous_11)
FN:129,(anonymous_12)
FN:135,(anonymous_13)
FN:140,(anonymous_14)
FN:149,(anonymous_15)
FN:153,(anonymous_16)
FN:157,(anonymous_17)
FN:160,(anonymous_18)
FN:166,(anonymous_19)
FN:179,(anonymous_20)
FN:183,(anonymous_21)
FN:187,(anonymous_22)
FN:196,(anonymous_23)
FN:200,(anonymous_24)
FN:204,(anonymous_25)
FN:221,(anonymous_26)
FN:232,(anonymous_27)
FN:236,(anonymous_28)
FN:241,(anonymous_29)
FN:245,(anonymous_30)
FN:253,(anonymous_31)
FN:261,(anonymous_32)
FN:299,(anonymous_33)
FN:306,(anonymous_34)
FN:317,(anonymous_35)
FN:324,(anonymous_36)
FN:415,(anonymous_37)
FN:430,(anonymous_38)
FN:446,(anonymous_39)
FN:487,(anonymous_40)
FN:520,(anonymous_41)
FN:527,(anonymous_42)
FN:534,(anonymous_43)
FN:541,(anonymous_44)
FN:549,(anonymous_45)
FN:557,(anonymous_46)
FN:581,(anonymous_47)
FN:614,(anonymous_48)
FN:621,(anonymous_49)
FN:635,(anonymous_50)
FN:645,(anonymous_51)
FN:656,(anonymous_52)
FN:671,(anonymous_53)
FN:680,(anonymous_54)
FN:690,(anonymous_55)
FN:704,(anonymous_56)
FN:713,(anonymous_57)
FN:720,(anonymous_58)
FN:730,(anonymous_59)
FN:751,(anonymous_60)
FNF:61
FNH:0
FNDA:0,(anonymous_0)
FNDA:0,(anonymous_1)
FNDA:0,(anonymous_2)
FNDA:0,(anonymous_3)
FNDA:0,(anonymous_4)
FNDA:0,(anonymous_5)
FNDA:0,(anonymous_6)
FNDA:0,(anonymous_7)
FNDA:0,(anonymous_8)
FNDA:0,(anonymous_9)
FNDA:0,(anonymous_10)
FNDA:0,(anonymous_11)
FNDA:0,(anonymous_12)
FNDA:0,(anonymous_13)
FNDA:0,(anonymous_14)
FNDA:0,(anonymous_15)
FNDA:0,(anonymous_16)
FNDA:0,(anonymous_17)
FNDA:0,(anonymous_18)
FNDA:0,(anonymous_19)
FNDA:0,(anonymous_20)
FNDA:0,(anonymous_21)
FNDA:0,(anonymous_22)
FNDA:0,(anonymous_23)
FNDA:0,(anonymous_24)
FNDA:0,(anonymous_25)
FNDA:0,(anonymous_26)
FNDA:0,(anonymous_27)
FNDA:0,(anonymous_28)
FNDA:0,(anonymous_29)
FNDA:0,(anonymous_30)
FNDA:0,(anonymous_31)
FNDA:0,(anonymous_32)
FNDA:0,(anonymous_33)
FNDA:0,(anonymous_34)
FNDA:0,(anonymous_35)
FNDA:0,(anonymous_36)
FNDA:0,(anonymous_37)
FNDA:0,(anonymous_38)
FNDA:0,(anonymous_39)
FNDA:0,(anonymous_40)
FNDA:0,(anonymous_41)
FNDA:0,(anonymous_42)
FNDA:0,(anonymous_43)
FNDA:0,(anonymous_44)
FNDA:0,(anonymous_45)
FNDA:0,(anonymous_46)
FNDA:0,(anonymous_47)
FNDA:0,(anonymous_48)
FNDA:0,(anonymous_49)
FNDA:0,(anonymous_50)
FNDA:0,(anonymous_51)
FNDA:0,(anonymous_52)
FNDA:0,(anonymous_53)
FNDA:0,(anonymous_54)
FNDA:0,(anonymous_55)
FNDA:0,(anonymous_56)
FNDA:0,(anonymous_57)
FNDA:0,(anonymous_58)
FNDA:0,(anonymous_59)
FNDA:0,(anonymous_60)
DA:6,0
DA:7,0
DA:8,0
DA:9,0
DA:10,0
DA:11,0
DA:12,0
DA:15,0
DA:20,0
DA:21,0
DA:24,0
DA:25,0
DA:26,0
DA:27,0
DA:28,0
DA:29,0
DA:30,0
DA:32,0
DA:34,0
DA:35,0
DA:36,0
DA:39,0
DA:40,0
DA:41,0
DA:42,0
DA:44,0
DA:45,0
DA:49,0
DA:50,0
DA:51,0
DA:52,0
DA:58,0
DA:60,0
DA:61,0
DA:63,0
DA:64,0
DA:66,0
DA:70,0
DA:71,0
DA:72,0
DA:75,0
DA:76,0
DA:77,0
DA:80,0
DA:81,0
DA:82,0
DA:83,0
DA:85,0
DA:86,0
DA:87,0
DA:88,0
DA:89,0
DA:90,0
DA:93,0
DA:95,0
DA:96,0
DA:97,0
DA:99,0
DA:101,0
DA:102,0
DA:103,0
DA:107,0
DA:108,0
DA:109,0
DA:110,0
DA:111,0
DA:113,0
DA:114,0
DA:118,0
DA:119,0
DA:120,0
DA:126,0
DA:129,0
DA:130,0
DA:131,0
DA:132,0
DA:135,0
DA:136,0
DA:137,0
DA:140,0
DA:141,0
DA:142,0
DA:144,0
DA:145,0
DA:146,0
DA:147,0
DA:149,0
DA:151,0
DA:152,0
DA:153,0
DA:157,0
DA:158,0
DA:159,0
DA:160,0
DA:161,0
DA:164,0
DA:165,0
DA:166,0
DA:167,0
DA:170,0
DA:171,0
DA:175,0
DA:176,0
DA:177,0
DA:179,0
DA:181,0
DA:182,0
DA:183,0
DA:187,0
DA:188,0
DA:189,0
DA:191,0
DA:192,0
DA:193,0
DA:194,0
DA:196,0
DA:198,0
DA:199,0
DA:200,0
DA:204,0
DA:205,0
DA:207,0
DA:208,0
DA:209,0
DA:210,0
DA:212,0
DA:213,0
DA:216,0
DA:217,0
DA:221,0
DA:228,0
DA:232,0
DA:236,0
DA:241,0
DA:245,0
DA:253,0
DA:254,0
DA:261,0
DA:262,0
DA:263,0
DA:264,0
DA:265,0
DA:266,0
DA:267,0
DA:271,0
DA:272,0
DA:283,0
DA:299,0
DA:306,0
DA:317,0
DA:324,0
DA:415,0
DA:430,0
DA:446,0
DA:488,0
DA:520,0
DA:527,0
DA:534,0
DA:541,0
DA:549,0
DA:557,0
DA:581,0
DA:614,0
DA:621,0
DA:635,0
DA:645,0
DA:656,0
DA:671,0
DA:680,0
DA:690,0
DA:704,0
DA:713,0
DA:720,0
DA:730,0
DA:751,0
LF:175
LH:0
BRDA:85,0,0,0
BRDA:85,0,1,0
BRDA:88,1,0,0
BRDA:88,1,1,0
BRDA:121,2,0,0
BRDA:121,2,1,0
BRDA:122,3,0,0
BRDA:122,3,1,0
BRDA:123,4,0,0
BRDA:123,4,1,0
BRDA:124,5,0,0
BRDA:124,5,1,0
BRDA:158,6,0,0
BRDA:158,6,1,0
BRDA:164,7,0,0
BRDA:164,7,1,0
BRDA:205,8,0,0
BRDA:205,8,1,0
BRDA:205,9,0,0
BRDA:205,9,1,0
BRDA:212,10,0,0
BRDA:212,10,1,0
BRDA:262,11,0,0
BRDA:262,11,1,0
BRDA:262,11,2,0
BRDA:262,11,3,0
BRDA:262,11,4,0
BRDA:271,12,0,0
BRDA:271,12,1,0
BRDA:271,13,0,0
BRDA:271,13,1,0
BRDA:298,14,0,0
BRDA:298,14,1,0
BRDA:305,15,0,0
BRDA:305,15,1,0
BRDA:315,16,0,0
BRDA:315,16,1,0
BRDA:322,17,0,0
BRDA:322,17,1,0
BRDA:331,18,0,0
BRDA:331,18,1,0
BRDA:336,19,0,0
BRDA:336,19,1,0
BRDA:344,20,0,0
BRDA:344,20,1,0
BRDA:352,21,0,0
BRDA:352,21,1,0
BRDA:360,22,0,0
BRDA:360,22,1,0
BRDA:376,23,0,0
BRDA:376,23,1,0
BRDA:382,24,0,0
BRDA:382,24,1,0
BRDA:388,25,0,0
BRDA:388,25,1,0
BRDA:394,26,0,0
BRDA:394,26,1,0
BRDA:404,27,0,0
BRDA:404,27,1,0
BRDA:463,28,0,0
BRDA:463,28,1,0
BRDA:466,29,0,0
BRDA:466,29,1,0
BRDA:470,30,0,0
BRDA:470,30,1,0
BRDA:491,31,0,0
BRDA:491,31,1,0
BRDA:501,32,0,0
BRDA:501,32,1,0
BRDA:502,33,0,0
BRDA:502,33,1,0
BRDA:506,34,0,0
BRDA:506,34,1,0
BRDA:507,35,0,0
BRDA:507,35,1,0
BRDA:508,36,0,0
BRDA:508,36,1,0
BRDA:540,37,0,0
BRDA:540,37,1,0
BRDA:543,38,0,0
BRDA:543,38,1,0
BRDA:545,39,0,0
BRDA:545,39,1,0
BRDA:548,40,0,0
BRDA:548,40,1,0
BRDA:551,41,0,0
BRDA:551,41,1,0
BRDA:586,42,0,0
BRDA:586,42,1,0
BRDA:590,43,0,0
BRDA:590,43,1,0
BRDA:593,44,0,0
BRDA:593,44,1,0
BRDA:598,45,0,0
BRDA:598,45,1,0
BRDA:600,46,0,0
BRDA:600,46,1,0
BRDA:601,47,0,0
BRDA:601,47,1,0
BRDA:602,48,0,0
BRDA:602,48,1,0
BRDA:626,49,0,0
BRDA:626,49,1,0
BRDA:695,50,0,0
BRDA:695,50,1,0
BRDA:735,51,0,0
BRDA:735,51,1,0
BRF:107
BRH:0
end_of_record
TN:
SF:src\pages\BrandDashboard.js
FN:10,(anonymous_0)
FN:37,(anonymous_1)
FN:42,(anonymous_2)
FN:46,(anonymous_3)
FN:58,(anonymous_4)
FN:67,(anonymous_5)
FN:73,(anonymous_6)
FN:82,(anonymous_7)
FN:83,(anonymous_8)
FN:90,(anonymous_9)
FN:97,(anonymous_10)
FN:104,(anonymous_11)
FN:111,(anonymous_12)
FN:120,(anonymous_13)
FN:121,(anonymous_14)
FN:127,(anonymous_15)
FN:138,(anonymous_16)
FN:187,(anonymous_17)
FN:202,(anonymous_18)
FN:219,(anonymous_19)
FN:228,(anonymous_20)
FN:229,(anonymous_21)
FN:231,(anonymous_22)
FN:232,(anonymous_23)
FN:309,(anonymous_24)
FN:323,(anonymous_25)
FN:337,(anonymous_26)
FN:345,(anonymous_27)
FN:358,(anonymous_28)
FN:367,(anonymous_29)
FN:401,(anonymous_30)
FN:412,(anonymous_31)
FN:435,(anonymous_32)
FN:471,(anonymous_33)
FN:480,(anonymous_34)
FNF:35
FNH:0
FNDA:0,(anonymous_0)
FNDA:0,(anonymous_1)
FNDA:0,(anonymous_2)
FNDA:0,(anonymous_3)
FNDA:0,(anonymous_4)
FNDA:0,(anonymous_5)
FNDA:0,(anonymous_6)
FNDA:0,(anonymous_7)
FNDA:0,(anonymous_8)
FNDA:0,(anonymous_9)
FNDA:0,(anonymous_10)
FNDA:0,(anonymous_11)
FNDA:0,(anonymous_12)
FNDA:0,(anonymous_13)
FNDA:0,(anonymous_14)
FNDA:0,(anonymous_15)
FNDA:0,(anonymous_16)
FNDA:0,(anonymous_17)
FNDA:0,(anonymous_18)
FNDA:0,(anonymous_19)
FNDA:0,(anonymous_20)
FNDA:0,(anonymous_21)
FNDA:0,(anonymous_22)
FNDA:0,(anonymous_23)
FNDA:0,(anonymous_24)
FNDA:0,(anonymous_25)
FNDA:0,(anonymous_26)
FNDA:0,(anonymous_27)
FNDA:0,(anonymous_28)
FNDA:0,(anonymous_29)
FNDA:0,(anonymous_30)
FNDA:0,(anonymous_31)
FNDA:0,(anonymous_32)
FNDA:0,(anonymous_33)
FNDA:0,(anonymous_34)
DA:10,0
DA:11,0
DA:12,0
DA:13,0
DA:14,0
DA:15,0
DA:20,0
DA:21,0
DA:23,0
DA:32,0
DA:33,0
DA:35,0
DA:37,0
DA:38,0
DA:39,0
DA:42,0
DA:43,0
DA:46,0
DA:47,0
DA:48,0
DA:49,0
DA:51,0
DA:52,0
DA:54,0
DA:58,0
DA:59,0
DA:60,0
DA:61,0
DA:63,0
DA:67,0
DA:68,0
DA:71,0
DA:72,0
DA:73,0
DA:74,0
DA:81,0
DA:82,0
DA:83,0
DA:88,0
DA:89,0
DA:90,0
DA:91,0
DA:95,0
DA:96,0
DA:97,0
DA:98,0
DA:103,0
DA:104,0
DA:105,0
DA:110,0
DA:111,0
DA:112,0
DA:116,0
DA:117,0
DA:120,0
DA:121,0
DA:127,0
DA:128,0
DA:138,0
DA:139,0
DA:140,0
DA:143,0
DA:144,0
DA:145,0
DA:149,0
DA:150,0
DA:151,0
DA:152,0
DA:153,0
DA:156,0
DA:157,0
DA:158,0
DA:161,0
DA:163,0
DA:164,0
DA:165,0
DA:166,0
DA:169,0
DA:171,0
DA:172,0
DA:173,0
DA:175,0
DA:176,0
DA:178,0
DA:179,0
DA:180,0
DA:182,0
DA:187,0
DA:188,0
DA:189,0
DA:190,0
DA:191,0
DA:193,0
DA:197,0
DA:198,0
DA:199,0
DA:200,0
DA:202,0
DA:203,0
DA:205,0
DA:206,0
DA:207,0
DA:208,0
DA:210,0
DA:211,0
DA:214,0
DA:215,0
DA:219,0
DA:226,0
DA:228,0
DA:229,0
DA:231,0
DA:232,0
DA:237,0
DA:238,0
DA:249,0
DA:309,0
DA:323,0
DA:337,0
DA:345,0
DA:358,0
DA:367,0
DA:402,0
DA:413,0
DA:414,0
DA:436,0
DA:471,0
DA:480,0
LF:128
LH:0
BRDA:49,0,0,0
BRDA:49,0,1,0
BRDA:71,1,0,0
BRDA:71,1,1,0
BRDA:74,2,0,0
BRDA:74,2,1,0
BRDA:74,2,2,0
BRDA:81,3,0,0
BRDA:81,3,1,0
BRDA:81,4,0,0
BRDA:81,4,1,0
BRDA:88,5,0,0
BRDA:88,5,1,0
BRDA:91,6,0,0
BRDA:91,6,1,0
BRDA:95,7,0,0
BRDA:95,7,1,0
BRDA:98,8,0,0
BRDA:98,8,1,0
BRDA:103,9,0,0
BRDA:103,9,1,0
BRDA:110,10,0,0
BRDA:110,10,1,0
BRDA:143,11,0,0
BRDA:143,11,1,0
BRDA:150,12,0,0
BRDA:150,12,1,0
BRDA:161,13,0,0
BRDA:161,13,1,0
BRDA:161,13,2,0
BRDA:163,14,0,0
BRDA:163,14,1,0
BRDA:178,15,0,0
BRDA:178,15,1,0
BRDA:182,16,0,0
BRDA:182,16,1,0
BRDA:182,16,2,0
BRDA:188,17,0,0
BRDA:188,17,1,0
BRDA:190,18,0,0
BRDA:190,18,1,0
BRDA:193,19,0,0
BRDA:193,19,1,0
BRDA:203,20,0,0
BRDA:203,20,1,0
BRDA:210,21,0,0
BRDA:210,21,1,0
BRDA:237,22,0,0
BRDA:237,22,1,0
BRDA:264,23,0,0
BRDA:264,23,1,0
BRDA:388,24,0,0
BRDA:388,24,1,0
BRDA:406,25,0,0
BRDA:406,25,1,0
BRDA:423,26,0,0
BRDA:423,26,1,0
BRDA:440,27,0,0
BRDA:440,27,1,0
BRDA:456,28,0,0
BRDA:456,28,1,0
BRF:61
BRH:0
end_of_record
TN:
SF:src\pages\BrowseUGCCreators.js
FN:9,(anonymous_0)
FN:44,(anonymous_1)
FN:52,(anonymous_2)
FN:56,(anonymous_3)
FN:68,(anonymous_4)
FN:74,(anonymous_5)
FN:83,(anonymous_6)
FN:84,(anonymous_7)
FN:90,(anonymous_8)
FN:91,(anonymous_9)
FN:98,(anonymous_10)
FN:105,(anonymous_11)
FN:112,(anonymous_12)
FN:119,(anonymous_13)
FN:128,(anonymous_14)
FN:129,(anonymous_15)
FN:135,(anonymous_16)
FN:147,(anonymous_17)
FN:156,(anonymous_18)
FN:171,(anonymous_19)
FN:188,(anonymous_20)
FN:197,(anonymous_21)
FN:198,(anonymous_22)
FN:200,(anonymous_23)
FN:201,(anonymous_24)
FN:227,(anonymous_25)
FN:234,(anonymous_26)
FN:241,(anonymous_27)
FN:266,(anonymous_28)
FN:280,(anonymous_29)
FN:291,(anonymous_30)
FN:305,(anonymous_31)
FN:313,(anonymous_32)
FN:326,(anonymous_33)
FN:335,(anonymous_34)
FN:369,(anonymous_35)
FN:386,(anonymous_36)
FN:399,(anonymous_37)
FN:436,(anonymous_38)
FNF:39
FNH:0
FNDA:0,(anonymous_0)
FNDA:0,(anonymous_1)
FNDA:0,(anonymous_2)
FNDA:0,(anonymous_3)
FNDA:0,(anonymous_4)
FNDA:0,(anonymous_5)
FNDA:0,(anonymous_6)
FNDA:0,(anonymous_7)
FNDA:0,(anonymous_8)
FNDA:0,(anonymous_9)
FNDA:0,(anonymous_10)
FNDA:0,(anonymous_11)
FNDA:0,(anonymous_12)
FNDA:0,(anonymous_13)
FNDA:0,(anonymous_14)
FNDA:0,(anonymous_15)
FNDA:0,(anonymous_16)
FNDA:0,(anonymous_17)
FNDA:0,(anonymous_18)
FNDA:0,(anonymous_19)
FNDA:0,(anonymous_20)
FNDA:0,(anonymous_21)
FNDA:0,(anonymous_22)
FNDA:0,(anonymous_23)
FNDA:0,(anonymous_24)
FNDA:0,(anonymous_25)
FNDA:0,(anonymous_26)
FNDA:0,(anonymous_27)
FNDA:0,(anonymous_28)
FNDA:0,(anonymous_29)
FNDA:0,(anonymous_30)
FNDA:0,(anonymous_31)
FNDA:0,(anonymous_32)
FNDA:0,(anonymous_33)
FNDA:0,(anonymous_34)
FNDA:0,(anonymous_35)
FNDA:0,(anonymous_36)
FNDA:0,(anonymous_37)
FNDA:0,(anonymous_38)
DA:9,0
DA:10,0
DA:11,0
DA:12,0
DA:13,0
DA:14,0
DA:16,0
DA:26,0
DA:27,0
DA:29,0
DA:30,0
DA:33,0
DA:39,0
DA:44,0
DA:45,0
DA:46,0
DA:47,0
DA:49,0
DA:52,0
DA:53,0
DA:56,0
DA:57,0
DA:58,0
DA:59,0
DA:61,0
DA:62,0
DA:64,0
DA:68,0
DA:69,0
DA:72,0
DA:73,0
DA:74,0
DA:75,0
DA:82,0
DA:83,0
DA:84,0
DA:89,0
DA:90,0
DA:91,0
DA:96,0
DA:97,0
DA:98,0
DA:99,0
DA:103,0
DA:104,0
DA:105,0
DA:106,0
DA:111,0
DA:112,0
DA:113,0
DA:118,0
DA:119,0
DA:120,0
DA:124,0
DA:125,0
DA:128,0
DA:129,0
DA:135,0
DA:136,0
DA:147,0
DA:148,0
DA:149,0
DA:150,0
DA:152,0
DA:153,0
DA:156,0
DA:157,0
DA:160,0
DA:161,0
DA:166,0
DA:167,0
DA:168,0
DA:169,0
DA:171,0
DA:172,0
DA:174,0
DA:175,0
DA:176,0
DA:177,0
DA:179,0
DA:180,0
DA:183,0
DA:184,0
DA:188,0
DA:195,0
DA:197,0
DA:198,0
DA:200,0
DA:201,0
DA:206,0
DA:207,0
DA:218,0
DA:227,0
DA:234,0
DA:241,0
DA:266,0
DA:280,0
DA:291,0
DA:305,0
DA:313,0
DA:326,0
DA:335,0
DA:370,0
DA:387,0
DA:400,0
DA:436,0
LF:106
LH:0
BRDA:45,0,0,0
BRDA:45,0,1,0
BRDA:59,1,0,0
BRDA:59,1,1,0
BRDA:72,2,0,0
BRDA:72,2,1,0
BRDA:75,3,0,0
BRDA:75,3,1,0
BRDA:75,3,2,0
BRDA:82,4,0,0
BRDA:82,4,1,0
BRDA:82,5,0,0
BRDA:82,5,1,0
BRDA:89,6,0,0
BRDA:89,6,1,0
BRDA:89,7,0,0
BRDA:89,7,1,0
BRDA:96,8,0,0
BRDA:96,8,1,0
BRDA:103,9,0,0
BRDA:103,9,1,0
BRDA:111,10,0,0
BRDA:111,10,1,0
BRDA:118,11,0,0
BRDA:118,11,1,0
BRDA:161,12,0,0
BRDA:161,12,1,0
BRDA:172,13,0,0
BRDA:172,13,1,0
BRDA:179,14,0,0
BRDA:179,14,1,0
BRDA:206,15,0,0
BRDA:206,15,1,0
BRDA:233,16,0,0
BRDA:233,16,1,0
BRDA:240,17,0,0
BRDA:240,17,1,0
BRDA:356,18,0,0
BRDA:356,18,1,0
BRDA:391,19,0,0
BRDA:391,19,1,0
BRDA:404,20,0,0
BRDA:404,20,1,0
BRDA:426,21,0,0
BRDA:426,21,1,0
BRF:45
BRH:0
end_of_record
TN:
SF:src\pages\ConnectSocial.js
FN:11,(anonymous_0)
FN:24,(anonymous_1)
FN:30,(anonymous_2)
FN:57,(anonymous_3)
FN:75,(anonymous_4)
FN:163,(anonymous_5)
FN:247,(anonymous_6)
FN:256,(anonymous_7)
FN:262,(anonymous_8)
FN:281,(anonymous_9)
FN:315,(anonymous_10)
FN:349,(anonymous_11)
FNF:12
FNH:4
FNDA:33,(anonymous_0)
FNDA:12,(anonymous_1)
FNDA:0,(anonymous_2)
FNDA:0,(anonymous_3)
FNDA:0,(anonymous_4)
FNDA:8,(anonymous_5)
FNDA:0,(anonymous_6)
FNDA:0,(anonymous_7)
FNDA:0,(anonymous_8)
FNDA:0,(anonymous_9)
FNDA:0,(anonymous_10)
FNDA:8,(anonymous_11)
DA:9,1
DA:11,1
DA:12,33
DA:13,33
DA:15,33
DA:16,33
DA:17,33
DA:18,33
DA:19,33
DA:20,33
DA:21,33
DA:22,33
DA:24,33
DA:25,12
DA:30,33
DA:31,0
DA:32,0
DA:33,0
DA:34,0
DA:35,0
DA:38,0
DA:39,0
DA:40,0
DA:42,0
DA:43,0
DA:44,0
DA:45,0
DA:46,0
DA:48,0
DA:51,0
DA:53,0
DA:57,33
DA:58,0
DA:60,0
DA:61,0
DA:62,0
DA:66,0
DA:67,0
DA:68,0
DA:72,0
DA:75,33
DA:76,0
DA:77,0
DA:78,0
DA:79,0
DA:80,0
DA:83,0
DA:84,0
DA:85,0
DA:86,0
DA:87,0
DA:88,0
DA:90,0
DA:91,0
DA:92,0
DA:93,0
DA:94,0
DA:95,0
DA:96,0
DA:97,0
DA:99,0
DA:102,0
DA:103,0
DA:104,0
DA:105,0
DA:106,0
DA:107,0
DA:108,0
DA:110,0
DA:114,0
DA:120,0
DA:121,0
DA:122,0
DA:123,0
DA:125,0
DA:126,0
DA:127,0
DA:128,0
DA:129,0
DA:130,0
DA:131,0
DA:132,0
DA:134,0
DA:135,0
DA:136,0
DA:138,0
DA:139,0
DA:140,0
DA:141,0
DA:142,0
DA:143,0
DA:144,0
DA:145,0
DA:147,0
DA:148,0
DA:149,0
DA:152,0
DA:154,0
DA:156,0
DA:157,0
DA:159,0
DA:163,33
DA:164,8
DA:165,8
DA:166,8
DA:167,1
DA:168,1
DA:171,7
DA:172,7
DA:174,7
DA:175,7
DA:176,7
DA:177,7
DA:179,7
DA:180,5
DA:181,5
DA:183,5
DA:184,4
DA:186,4
DA:188,3
DA:192,3
DA:193,3
DA:194,3
DA:195,3
DA:197,1
DA:200,1
DA:201,1
DA:202,1
DA:204,2
DA:205,1
DA:206,1
DA:207,1
DA:210,1
DA:211,1
DA:212,1
DA:213,1
DA:215,0
DA:216,0
DA:217,0
DA:220,1
DA:222,6
DA:224,1
DA:225,1
DA:227,7
DA:231,33
DA:232,1
DA:243,32
DA:247,0
DA:256,0
DA:262,0
DA:281,0
DA:315,0
DA:349,8
LF:153
LH:61
BRDA:9,0,0,1
BRDA:9,0,1,1
BRDA:25,1,0,1
BRDA:25,1,1,11
BRDA:33,2,0,0
BRDA:33,2,1,0
BRDA:39,3,0,0
BRDA:39,3,1,0
BRDA:43,4,0,0
BRDA:43,4,1,0
BRDA:51,5,0,0
BRDA:51,5,1,0
BRDA:61,6,0,0
BRDA:61,6,1,0
BRDA:67,7,0,0
BRDA:67,7,1,0
BRDA:78,8,0,0
BRDA:78,8,1,0
BRDA:90,9,0,0
BRDA:90,9,1,0
BRDA:93,10,0,0
BRDA:93,10,1,0
BRDA:96,11,0,0
BRDA:96,11,1,0
BRDA:104,12,0,0
BRDA:104,12,1,0
BRDA:107,13,0,0
BRDA:107,13,1,0
BRDA:125,14,0,0
BRDA:125,14,1,0
BRDA:138,15,0,0
BRDA:138,15,1,0
BRDA:156,16,0,0
BRDA:156,16,1,0
BRDA:156,16,2,0
BRDA:166,17,0,1
BRDA:166,17,1,7
BRDA:179,18,0,5
BRDA:179,18,1,2
BRDA:186,19,0,3
BRDA:186,19,1,1
BRDA:204,20,0,1
BRDA:204,20,1,1
BRDA:224,21,0,1
BRDA:224,21,1,0
BRDA:224,21,2,0
BRDA:231,22,0,1
BRDA:231,22,1,32
BRDA:255,23,0,32
BRDA:255,23,1,3
BRDA:261,24,0,32
BRDA:261,24,1,4
BRDA:286,25,0,0
BRDA:286,25,1,32
BRDA:320,26,0,0
BRDA:320,26,1,32
BRDA:362,27,0,6
BRDA:362,27,1,26
BRF:58
BRH:23
end_of_record
TN:
SF:src\pages\ContentCreatorRoleSelect.js
FN:7,(anonymous_0)
FN:16,(anonymous_1)
FN:54,(anonymous_2)
FN:119,(anonymous_3)
FN:123,(anonymous_4)
FN:124,(anonymous_5)
FN:125,(anonymous_6)
FN:145,(anonymous_7)
FNF:8
FNH:0
FNDA:0,(anonymous_0)
FNDA:0,(anonymous_1)
FNDA:0,(anonymous_2)
FNDA:0,(anonymous_3)
FNDA:0,(anonymous_4)
FNDA:0,(anonymous_5)
FNDA:0,(anonymous_6)
FNDA:0,(anonymous_7)
DA:7,0
DA:8,0
DA:9,0
DA:10,0
DA:11,0
DA:12,0
DA:13,0
DA:16,0
DA:17,0
DA:18,0
DA:19,0
DA:20,0
DA:21,0
DA:22,0
DA:23,0
DA:24,0
DA:25,0
DA:26,0
DA:27,0
DA:29,0
DA:30,0
DA:35,0
DA:54,0
DA:55,0
DA:56,0
DA:59,0
DA:60,0
DA:61,0
DA:62,0
DA:65,0
DA:66,0
DA:68,0
DA:69,0
DA:70,0
DA:71,0
DA:72,0
DA:74,0
DA:75,0
DA:77,0
DA:81,0
DA:120,0
DA:123,0
DA:124,0
DA:125,0
DA:145,0
LF:45
LH:0
BRDA:17,0,0,0
BRDA:17,0,1,0
BRDA:18,1,0,0
BRDA:18,1,1,0
BRDA:21,2,0,0
BRDA:21,2,1,0
BRDA:24,3,0,0
BRDA:24,3,1,0
BRDA:27,4,0,0
BRDA:27,4,1,0
BRDA:59,5,0,0
BRDA:59,5,1,0
BRDA:68,6,0,0
BRDA:68,6,1,0
BRDA:69,7,0,0
BRDA:69,7,1,0
BRDA:71,8,0,0
BRDA:71,8,1,0
BRDA:74,9,0,0
BRDA:74,9,1,0
BRDA:86,10,0,0
BRDA:86,10,1,0
BRDA:107,11,0,0
BRDA:107,11,1,0
BRDA:122,12,0,0
BRDA:122,12,1,0
BRDA:126,13,0,0
BRDA:126,13,1,0
BRDA:134,14,0,0
BRDA:134,14,1,0
BRDA:144,15,0,0
BRDA:144,15,1,0
BRDA:148,16,0,0
BRDA:148,16,1,0
BRDA:148,17,0,0
BRDA:148,17,1,0
BRF:36
BRH:0
end_of_record
TN:
SF:src\pages\ForgotPassword.js
FN:6,(anonymous_0)
FN:13,(anonymous_1)
FN:62,(anonymous_2)
FNF:3
FNH:0
FNDA:0,(anonymous_0)
FNDA:0,(anonymous_1)
FNDA:0,(anonymous_2)
DA:6,0
DA:7,0
DA:8,0
DA:9,0
DA:10,0
DA:11,0
DA:13,0
DA:14,0
DA:15,0
DA:16,0
DA:17,0
DA:19,0
DA:20,0
DA:21,0
DA:24,0
DA:25,0
DA:26,0
DA:27,0
DA:28,0
DA:29,0
DA:32,0
DA:33,0
DA:35,0
DA:39,0
DA:62,0
LF:25
LH:0
BRDA:19,0,0,0
BRDA:19,0,1,0
BRDA:27,1,0,0
BRDA:27,1,1,0
BRDA:28,2,0,0
BRDA:28,2,1,0
BRDA:32,3,0,0
BRDA:32,3,1,0
BRDA:48,4,0,0
BRDA:48,4,1,0
BRDA:49,5,0,0
BRDA:49,5,1,0
BRDA:50,6,0,0
BRDA:50,6,1,0
BRDA:69,7,0,0
BRDA:69,7,1,0
BRF:16
BRH:0
end_of_record
TN:
SF:src\pages\HomePage.js
FN:7,(anonymous_0)
FN:13,(anonymous_1)
FN:43,(anonymous_2)
FN:60,(anonymous_3)
FN:61,(anonymous_4)
FN:86,(anonymous_5)
FN:87,(anonymous_6)
FN:233,(anonymous_7)
FN:284,(anonymous_8)
FN:335,(anonymous_9)
FN:420,(anonymous_10)
FN:506,(anonymous_11)
FN:537,(anonymous_12)
FN:580,(anonymous_13)
FN:710,(anonymous_14)
FN:713,(anonymous_15)
FN:768,(anonymous_16)
FN:831,(anonymous_17)
FN:885,(anonymous_18)
FN:893,(anonymous_19)
FN:901,(anonymous_20)
FN:909,(anonymous_21)
FN:917,(anonymous_22)
FN:925,(anonymous_23)
FNF:24
FNH:0
FNDA:0,(anonymous_0)
FNDA:0,(anonymous_1)
FNDA:0,(anonymous_2)
FNDA:0,(anonymous_3)
FNDA:0,(anonymous_4)
FNDA:0,(anonymous_5)
FNDA:0,(anonymous_6)
FNDA:0,(anonymous_7)
FNDA:0,(anonymous_8)
FNDA:0,(anonymous_9)
FNDA:0,(anonymous_10)
FNDA:0,(anonymous_11)
FNDA:0,(anonymous_12)
FNDA:0,(anonymous_13)
FNDA:0,(anonymous_14)
FNDA:0,(anonymous_15)
FNDA:0,(anonymous_16)
FNDA:0,(anonymous_17)
FNDA:0,(anonymous_18)
FNDA:0,(anonymous_19)
FNDA:0,(anonymous_20)
FNDA:0,(anonymous_21)
FNDA:0,(anonymous_22)
FNDA:0,(anonymous_23)
DA:7,0
DA:8,0
DA:9,0
DA:10,0
DA:11,0
DA:13,0
DA:14,0
DA:15,0
DA:16,0
DA:18,0
DA:21,0
DA:44,0
DA:60,0
DA:61,0
DA:86,0
DA:87,0
DA:234,0
DA:285,0
DA:336,0
DA:421,0
DA:507,0
DA:538,0
DA:580,0
DA:711,0
DA:714,0
DA:769,0
DA:770,0
DA:771,0
DA:772,0
DA:773,0
DA:774,0
DA:776,0
DA:777,0
DA:778,0
DA:780,0
DA:781,0
DA:782,0
DA:783,0
DA:784,0
DA:785,0
DA:786,0
DA:805,0
DA:807,0
DA:815,0
DA:818,0
DA:832,0
DA:886,0
DA:894,0
DA:902,0
DA:910,0
DA:918,0
DA:926,0
LF:52
LH:0
BRDA:55,0,0,0
BRDA:55,0,1,0
BRDA:70,1,0,0
BRDA:70,1,1,0
BRDA:98,2,0,0
BRDA:98,2,1,0
BRDA:105,3,0,0
BRDA:105,3,1,0
BRDA:107,4,0,0
BRDA:107,4,1,0
BRDA:113,5,0,0
BRDA:113,5,1,0
BRDA:119,6,0,0
BRDA:119,6,1,0
BRDA:784,7,0,0
BRDA:784,7,1,0
BRDA:785,8,0,0
BRDA:785,8,1,0
BRDA:796,9,0,0
BRDA:796,9,1,0
BRDA:797,10,0,0
BRDA:797,10,1,0
BRDA:798,11,0,0
BRDA:798,11,1,0
BRDA:798,12,0,0
BRDA:798,12,1,0
BRDA:799,13,0,0
BRDA:799,13,1,0
BRDA:802,14,0,0
BRDA:802,14,1,0
BRDA:805,15,0,0
BRDA:805,15,1,0
BRDA:815,16,0,0
BRDA:815,16,1,0
BRF:34
BRH:0
end_of_record
TN:
SF:src\pages\InfluencerDashboard-backup.js
FN:9,(anonymous_0)
FN:36,(anonymous_1)
FN:46,(anonymous_2)
FN:47,(anonymous_3)
FN:106,(anonymous_4)
FN:183,(anonymous_5)
FN:192,(anonymous_6)
FN:260,(anonymous_7)
FN:286,(anonymous_8)
FN:312,(anonymous_9)
FN:317,(anonymous_10)
FN:323,(anonymous_11)
FN:369,(anonymous_12)
FN:370,(anonymous_13)
FN:399,(anonymous_14)
FN:400,(anonymous_15)
FN:412,(anonymous_16)
FN:413,(anonymous_17)
FN:425,(anonymous_18)
FN:426,(anonymous_19)
FN:438,(anonymous_20)
FN:439,(anonymous_21)
FN:468,(anonymous_22)
FN:469,(anonymous_23)
FN:479,(anonymous_24)
FN:487,(anonymous_25)
FN:492,(anonymous_26)
FN:493,(anonymous_27)
FN:513,(anonymous_28)
FN:538,(anonymous_29)
FN:548,(anonymous_30)
FN:558,(anonymous_31)
FN:570,(anonymous_32)
FN:602,(anonymous_33)
FN:606,(anonymous_34)
FN:638,(anonymous_35)
FN:642,(anonymous_36)
FN:674,(anonymous_37)
FN:678,(anonymous_38)
FN:710,(anonymous_39)
FN:714,(anonymous_40)
FN:744,(anonymous_41)
FN:749,(anonymous_42)
FN:750,(anonymous_43)
FN:772,(anonymous_44)
FN:777,(anonymous_45)
FN:778,(anonymous_46)
FN:798,(anonymous_47)
FN:809,(anonymous_48)
FN:858,(anonymous_49)
FN:862,(anonymous_50)
FN:894,(anonymous_51)
FN:898,(anonymous_52)
FN:930,(anonymous_53)
FN:934,(anonymous_54)
FN:970,(anonymous_55)
FN:974,(anonymous_56)
FN:1006,(anonymous_57)
FN:1010,(anonymous_58)
FN:1042,(anonymous_59)
FN:1046,(anonymous_60)
FN:1079,(anonymous_61)
FN:1084,(anonymous_62)
FN:1085,(anonymous_63)
FN:1107,(anonymous_64)
FN:1112,(anonymous_65)
FN:1113,(anonymous_66)
FN:1133,(anonymous_67)
FN:1159,(anonymous_68)
FN:1163,(anonymous_69)
FN:1195,(anonymous_70)
FN:1199,(anonymous_71)
FN:1231,(anonymous_72)
FN:1235,(anonymous_73)
FN:1270,(anonymous_74)
FN:1293,(anonymous_75)
FN:1294,(anonymous_76)
FN:1315,(anonymous_77)
FN:1322,(anonymous_78)
FN:1323,(anonymous_79)
FN:1372,(anonymous_80)
FN:1373,(anonymous_81)
FN:1403,(anonymous_82)
FN:1408,(anonymous_83)
FN:1469,(anonymous_84)
FN:1473,(anonymous_85)
FN:1491,(anonymous_86)
FN:1530,(anonymous_87)
FN:1547,(anonymous_88)
FN:1566,(anonymous_89)
FN:1584,(anonymous_90)
FN:1652,(anonymous_91)
FNF:92
FNH:0
FNDA:0,(anonymous_0)
FNDA:0,(anonymous_1)
FNDA:0,(anonymous_2)
FNDA:0,(anonymous_3)
FNDA:0,(anonymous_4)
FNDA:0,(anonymous_5)
FNDA:0,(anonymous_6)
FNDA:0,(anonymous_7)
FNDA:0,(anonymous_8)
FNDA:0,(anonymous_9)
FNDA:0,(anonymous_10)
FNDA:0,(anonymous_11)
FNDA:0,(anonymous_12)
FNDA:0,(anonymous_13)
FNDA:0,(anonymous_14)
FNDA:0,(anonymous_15)
FNDA:0,(anonymous_16)
FNDA:0,(anonymous_17)
FNDA:0,(anonymous_18)
FNDA:0,(anonymous_19)
FNDA:0,(anonymous_20)
FNDA:0,(anonymous_21)
FNDA:0,(anonymous_22)
FNDA:0,(anonymous_23)
FNDA:0,(anonymous_24)
FNDA:0,(anonymous_25)
FNDA:0,(anonymous_26)
FNDA:0,(anonymous_27)
FNDA:0,(anonymous_28)
FNDA:0,(anonymous_29)
FNDA:0,(anonymous_30)
FNDA:0,(anonymous_31)
FNDA:0,(anonymous_32)
FNDA:0,(anonymous_33)
FNDA:0,(anonymous_34)
FNDA:0,(anonymous_35)
FNDA:0,(anonymous_36)
FNDA:0,(anonymous_37)
FNDA:0,(anonymous_38)
FNDA:0,(anonymous_39)
FNDA:0,(anonymous_40)
FNDA:0,(anonymous_41)
FNDA:0,(anonymous_42)
FNDA:0,(anonymous_43)
FNDA:0,(anonymous_44)
FNDA:0,(anonymous_45)
FNDA:0,(anonymous_46)
FNDA:0,(anonymous_47)
FNDA:0,(anonymous_48)
FNDA:0,(anonymous_49)
FNDA:0,(anonymous_50)
FNDA:0,(anonymous_51)
FNDA:0,(anonymous_52)
FNDA:0,(anonymous_53)
FNDA:0,(anonymous_54)
FNDA:0,(anonymous_55)
FNDA:0,(anonymous_56)
FNDA:0,(anonymous_57)
FNDA:0,(anonymous_58)
FNDA:0,(anonymous_59)
FNDA:0,(anonymous_60)
FNDA:0,(anonymous_61)
FNDA:0,(anonymous_62)
FNDA:0,(anonymous_63)
FNDA:0,(anonymous_64)
FNDA:0,(anonymous_65)
FNDA:0,(anonymous_66)
FNDA:0,(anonymous_67)
FNDA:0,(anonymous_68)
FNDA:0,(anonymous_69)
FNDA:0,(anonymous_70)
FNDA:0,(anonymous_71)
FNDA:0,(anonymous_72)
FNDA:0,(anonymous_73)
FNDA:0,(anonymous_74)
FNDA:0,(anonymous_75)
FNDA:0,(anonymous_76)
FNDA:0,(anonymous_77)
FNDA:0,(anonymous_78)
FNDA:0,(anonymous_79)
FNDA:0,(anonymous_80)
FNDA:0,(anonymous_81)
FNDA:0,(anonymous_82)
FNDA:0,(anonymous_83)
FNDA:0,(anonymous_84)
FNDA:0,(anonymous_85)
FNDA:0,(anonymous_86)
FNDA:0,(anonymous_87)
FNDA:0,(anonymous_88)
FNDA:0,(anonymous_89)
FNDA:0,(anonymous_90)
FNDA:0,(anonymous_91)
DA:9,0
DA:10,0
DA:11,0
DA:12,0
DA:13,0
DA:14,0
DA:15,0
DA:16,0
DA:17,0
DA:18,0
DA:19,0
DA:20,0
DA:21,0
DA:22,0
DA:23,0
DA:26,0
DA:27,0
DA:28,0
DA:29,0
DA:30,0
DA:31,0
DA:33,0
DA:34,0
DA:36,0
DA:37,0
DA:38,0
DA:39,0
DA:40,0
DA:41,0
DA:42,0
DA:46,0
DA:47,0
DA:48,0
DA:49,0
DA:51,0
DA:52,0
DA:53,0
DA:56,0
DA:57,0
DA:59,0
DA:60,0
DA:61,0
DA:62,0
DA:64,0
DA:65,0
DA:67,0
DA:68,0
DA:70,0
DA:71,0
DA:72,0
DA:73,0
DA:75,0
DA:86,0
DA:87,0
DA:89,0
DA:90,0
DA:93,0
DA:94,0
DA:96,0
DA:97,0
DA:101,0
DA:106,0
DA:107,0
DA:108,0
DA:111,0
DA:112,0
DA:113,0
DA:114,0
DA:115,0
DA:116,0
DA:117,0
DA:118,0
DA:121,0
DA:122,0
DA:123,0
DA:124,0
DA:125,0
DA:127,0
DA:128,0
DA:129,0
DA:130,0
DA:131,0
DA:132,0
DA:133,0
DA:136,0
DA:137,0
DA:138,0
DA:139,0
DA:140,0
DA:141,0
DA:142,0
DA:145,0
DA:146,0
DA:147,0
DA:148,0
DA:149,0
DA:150,0
DA:152,0
DA:155,0
DA:166,0
DA:167,0
DA:168,0
DA:169,0
DA:170,0
DA:171,0
DA:172,0
DA:174,0
DA:176,0
DA:177,0
DA:179,0
DA:183,0
DA:184,0
DA:185,0
DA:186,0
DA:188,0
DA:192,0
DA:193,0
DA:194,0
DA:195,0
DA:196,0
DA:199,0
DA:200,0
DA:202,0
DA:203,0
DA:204,0
DA:205,0
DA:208,0
DA:209,0
DA:211,0
DA:212,0
DA:215,0
DA:223,0
DA:224,0
DA:225,0
DA:227,0
DA:228,0
DA:231,0
DA:232,0
DA:233,0
DA:235,0
DA:236,0
DA:239,0
DA:240,0
DA:241,0
DA:243,0
DA:244,0
DA:248,0
DA:249,0
DA:260,0
DA:261,0
DA:264,0
DA:286,0
DA:287,0
DA:290,0
DA:293,0
DA:296,0
DA:299,0
DA:300,0
DA:301,0
DA:304,0
DA:305,0
DA:306,0
DA:309,0
DA:312,0
DA:313,0
DA:314,0
DA:317,0
DA:318,0
DA:323,0
DA:324,0
DA:325,0
DA:329,0
DA:351,0
DA:357,0
DA:369,0
DA:370,0
DA:399,0
DA:400,0
DA:412,0
DA:413,0
DA:425,0
DA:426,0
DA:438,0
DA:439,0
DA:468,0
DA:469,0
DA:479,0
DA:487,0
DA:492,0
DA:493,0
DA:514,0
DA:538,0
DA:548,0
DA:558,0
DA:571,0
DA:572,0
DA:573,0
DA:574,0
DA:575,0
DA:576,0
DA:577,0
DA:578,0
DA:579,0
DA:580,0
DA:581,0
DA:582,0
DA:583,0
DA:584,0
DA:603,0
DA:604,0
DA:607,0
DA:608,0
DA:639,0
DA:640,0
DA:643,0
DA:644,0
DA:675,0
DA:676,0
DA:679,0
DA:680,0
DA:711,0
DA:712,0
DA:715,0
DA:716,0
DA:744,0
DA:749,0
DA:750,0
DA:772,0
DA:777,0
DA:778,0
DA:798,0
DA:810,0
DA:811,0
DA:812,0
DA:813,0
DA:814,0
DA:815,0
DA:816,0
DA:859,0
DA:860,0
DA:863,0
DA:864,0
DA:895,0
DA:896,0
DA:899,0
DA:900,0
DA:931,0
DA:932,0
DA:935,0
DA:936,0
DA:971,0
DA:972,0
DA:975,0
DA:976,0
DA:1007,0
DA:1008,0
DA:1011,0
DA:1012,0
DA:1043,0
DA:1044,0
DA:1047,0
DA:1048,0
DA:1079,0
DA:1084,0
DA:1085,0
DA:1107,0
DA:1112,0
DA:1113,0
DA:1133,0
DA:1160,0
DA:1161,0
DA:1164,0
DA:1165,0
DA:1196,0
DA:1197,0
DA:1200,0
DA:1201,0
DA:1232,0
DA:1233,0
DA:1236,0
DA:1237,0
DA:1270,0
DA:1293,0
DA:1294,0
DA:1316,0
DA:1322,0
DA:1323,0
DA:1372,0
DA:1373,0
DA:1404,0
DA:1408,0
DA:1470,0
DA:1471,0
DA:1474,0
DA:1475,0
DA:1491,0
DA:1530,0
DA:1547,0
DA:1566,0
DA:1584,0
DA:1652,0
LF:301
LH:0
BRDA:18,0,0,0
BRDA:18,0,1,0
BRDA:51,1,0,0
BRDA:51,1,1,0
BRDA:70,2,0,0
BRDA:70,2,1,0
BRDA:72,3,0,0
BRDA:72,3,1,0
BRDA:76,4,0,0
BRDA:76,4,1,0
BRDA:78,5,0,0
BRDA:78,5,1,0
BRDA:79,6,0,0
BRDA:79,6,1,0
BRDA:80,7,0,0
BRDA:80,7,1,0
BRDA:81,8,0,0
BRDA:81,8,1,0
BRDA:82,9,0,0
BRDA:82,9,1,0
BRDA:83,10,0,0
BRDA:83,10,1,0
BRDA:158,11,0,0
BRDA:158,11,1,0
BRDA:158,11,2,0
BRDA:159,12,0,0
BRDA:159,12,1,0
BRDA:159,12,2,0
BRDA:160,13,0,0
BRDA:160,13,1,0
BRDA:160,13,2,0
BRDA:161,14,0,0
BRDA:161,14,1,0
BRDA:161,14,2,0
BRDA:186,15,0,0
BRDA:186,15,1,0
BRDA:193,16,0,0
BRDA:193,16,1,0
BRDA:200,17,0,0
BRDA:200,17,1,0
BRDA:211,18,0,0
BRDA:211,18,1,0
BRDA:220,19,0,0
BRDA:220,19,1,0
BRDA:248,20,0,0
BRDA:248,20,1,0
BRDA:261,21,0,0
BRDA:261,21,1,0
BRDA:274,22,0,0
BRDA:274,22,1,0
BRDA:275,23,0,0
BRDA:275,23,1,0
BRDA:276,24,0,0
BRDA:276,24,1,0
BRDA:279,25,0,0
BRDA:279,25,1,0
BRDA:280,26,0,0
BRDA:280,26,1,0
BRDA:281,27,0,0
BRDA:281,27,1,0
BRDA:282,28,0,0
BRDA:282,28,1,0
BRDA:299,29,0,0
BRDA:299,29,1,0
BRDA:300,30,0,0
BRDA:300,30,1,0
BRDA:300,30,2,0
BRDA:301,31,0,0
BRDA:301,31,1,0
BRDA:301,31,2,0
BRDA:304,32,0,0
BRDA:304,32,1,0
BRDA:304,32,2,0
BRDA:304,32,3,0
BRDA:305,33,0,0
BRDA:305,33,1,0
BRDA:306,34,0,0
BRDA:306,34,1,0
BRDA:309,35,0,0
BRDA:309,35,1,0
BRDA:324,36,0,0
BRDA:324,36,1,0
BRDA:324,37,0,0
BRDA:324,37,1,0
BRDA:344,38,0,0
BRDA:344,38,1,0
BRDA:345,39,0,0
BRDA:345,39,1,0
BRDA:346,40,0,0
BRDA:346,40,1,0
BRDA:347,41,0,0
BRDA:347,41,1,0
BRDA:453,42,0,0
BRDA:453,42,1,0
BRDA:465,43,0,0
BRDA:465,43,1,0
BRDA:466,44,0,0
BRDA:466,44,1,0
BRDA:481,45,0,0
BRDA:481,45,1,0
BRDA:510,46,0,0
BRDA:510,46,1,0
BRDA:516,47,0,0
BRDA:516,47,1,0
BRDA:517,48,0,0
BRDA:517,48,1,0
BRDA:534,49,0,0
BRDA:534,49,1,0
BRDA:544,50,0,0
BRDA:544,50,1,0
BRDA:554,51,0,0
BRDA:554,51,1,0
BRDA:578,52,0,0
BRDA:578,52,1,0
BRDA:579,53,0,0
BRDA:579,53,1,0
BRDA:580,54,0,0
BRDA:580,54,1,0
BRDA:581,55,0,0
BRDA:581,55,1,0
BRDA:581,55,2,0
BRDA:582,56,0,0
BRDA:582,56,1,0
BRDA:582,56,2,0
BRDA:582,56,3,0
BRDA:587,57,0,0
BRDA:587,57,1,0
BRDA:587,58,0,0
BRDA:587,58,1,0
BRDA:587,58,2,0
BRDA:587,58,3,0
BRDA:623,59,0,0
BRDA:623,59,1,0
BRDA:659,60,0,0
BRDA:659,60,1,0
BRDA:695,61,0,0
BRDA:695,61,1,0
BRDA:731,62,0,0
BRDA:731,62,1,0
BRDA:739,63,0,0
BRDA:739,63,1,0
BRDA:819,64,0,0
BRDA:819,64,1,0
BRDA:822,65,0,0
BRDA:822,65,1,0
BRDA:822,65,2,0
BRDA:825,66,0,0
BRDA:825,66,1,0
BRDA:835,67,0,0
BRDA:835,67,1,0
BRDA:839,68,0,0
BRDA:839,68,1,0
BRDA:846,69,0,0
BRDA:846,69,1,0
BRDA:951,70,0,0
BRDA:951,70,1,0
BRDA:1074,71,0,0
BRDA:1074,71,1,0
BRDA:1144,72,0,0
BRDA:1144,72,1,0
BRDA:1180,73,0,0
BRDA:1180,73,1,0
BRDA:1216,74,0,0
BRDA:1216,74,1,0
BRDA:1252,75,0,0
BRDA:1252,75,1,0
BRDA:1290,76,0,0
BRDA:1290,76,1,0
BRDA:1291,77,0,0
BRDA:1291,77,1,0
BRDA:1314,78,0,0
BRDA:1314,78,1,0
BRDA:1325,79,0,0
BRDA:1325,79,1,0
BRDA:1326,80,0,0
BRDA:1326,80,1,0
BRDA:1329,81,0,0
BRDA:1329,81,1,0
BRDA:1329,82,0,0
BRDA:1329,82,1,0
BRDA:1335,83,0,0
BRDA:1335,83,1,0
BRDA:1338,84,0,0
BRDA:1338,84,1,0
BRDA:1340,85,0,0
BRDA:1340,85,1,0
BRDA:1369,86,0,0
BRDA:1369,86,1,0
BRDA:1370,87,0,0
BRDA:1370,87,1,0
BRDA:1507,88,0,0
BRDA:1507,88,1,0
BRDA:1508,89,0,0
BRDA:1508,89,1,0
BRDA:1509,90,0,0
BRDA:1509,90,1,0
BRDA:1515,91,0,0
BRDA:1515,91,1,0
BRDA:1516,92,0,0
BRDA:1516,92,1,0
BRDA:1517,93,0,0
BRDA:1517,93,1,0
BRDA:1533,94,0,0
BRDA:1533,94,1,0
BRDA:1557,95,0,0
BRDA:1557,95,1,0
BRDA:1575,96,0,0
BRDA:1575,96,1,0
BRF:208
BRH:0
end_of_record
TN:
SF:src\pages\InfluencerDashboard-old.js
FN:12,(anonymous_0)
FN:56,(anonymous_1)
FN:62,(anonymous_2)
FN:92,(anonymous_3)
FN:100,(anonymous_4)
FN:109,(anonymous_5)
FN:118,(anonymous_6)
FN:120,(anonymous_7)
FN:121,(anonymous_8)
FN:132,(anonymous_9)
FN:133,(anonymous_10)
FN:151,(anonymous_11)
FN:167,(anonymous_12)
FN:168,(anonymous_13)
FN:174,(anonymous_14)
FN:178,(anonymous_15)
FN:183,(anonymous_16)
FN:189,(anonymous_17)
FN:213,(anonymous_18)
FN:222,(anonymous_19)
FN:241,(anonymous_20)
FN:261,(anonymous_21)
FN:262,(anonymous_22)
FN:375,(anonymous_23)
FN:486,(anonymous_24)
FN:497,(anonymous_25)
FN:530,(anonymous_26)
FN:541,(anonymous_27)
FN:556,(anonymous_28)
FN:566,(anonymous_29)
FN:575,(anonymous_30)
FN:584,(anonymous_31)
FN:593,(anonymous_32)
FN:676,(anonymous_33)
FN:677,(anonymous_34)
FN:690,(anonymous_35)
FNF:36
FNH:0
FNDA:0,(anonymous_0)
FNDA:0,(anonymous_1)
FNDA:0,(anonymous_2)
FNDA:0,(anonymous_3)
FNDA:0,(anonymous_4)
FNDA:0,(anonymous_5)
FNDA:0,(anonymous_6)
FNDA:0,(anonymous_7)
FNDA:0,(anonymous_8)
FNDA:0,(anonymous_9)
FNDA:0,(anonymous_10)
FNDA:0,(anonymous_11)
FNDA:0,(anonymous_12)
FNDA:0,(anonymous_13)
FNDA:0,(anonymous_14)
FNDA:0,(anonymous_15)
FNDA:0,(anonymous_16)
FNDA:0,(anonymous_17)
FNDA:0,(anonymous_18)
FNDA:0,(anonymous_19)
FNDA:0,(anonymous_20)
FNDA:0,(anonymous_21)
FNDA:0,(anonymous_22)
FNDA:0,(anonymous_23)
FNDA:0,(anonymous_24)
FNDA:0,(anonymous_25)
FNDA:0,(anonymous_26)
FNDA:0,(anonymous_27)
FNDA:0,(anonymous_28)
FNDA:0,(anonymous_29)
FNDA:0,(anonymous_30)
FNDA:0,(anonymous_31)
FNDA:0,(anonymous_32)
FNDA:0,(anonymous_33)
FNDA:0,(anonymous_34)
FNDA:0,(anonymous_35)
DA:10,0
DA:12,0
DA:13,0
DA:14,0
DA:15,0
DA:16,0
DA:17,0
DA:18,0
DA:19,0
DA:21,0
DA:22,0
DA:23,0
DA:24,0
DA:25,0
DA:26,0
DA:28,0
DA:30,0
DA:31,0
DA:32,0
DA:34,0
DA:36,0
DA:37,0
DA:45,0
DA:51,0
DA:56,0
DA:57,0
DA:58,0
DA:62,0
DA:63,0
DA:64,0
DA:65,0
DA:66,0
DA:67,0
DA:70,0
DA:71,0
DA:72,0
DA:73,0
DA:74,0
DA:82,0
DA:85,0
DA:87,0
DA:92,0
DA:93,0
DA:95,0
DA:96,0
DA:97,0
DA:100,0
DA:101,0
DA:102,0
DA:103,0
DA:106,0
DA:107,0
DA:108,0
DA:109,0
DA:110,0
DA:111,0
DA:112,0
DA:113,0
DA:114,0
DA:116,0
DA:117,0
DA:118,0
DA:119,0
DA:120,0
DA:121,0
DA:122,0
DA:123,0
DA:125,0
DA:127,0
DA:128,0
DA:129,0
DA:131,0
DA:132,0
DA:133,0
DA:138,0
DA:139,0
DA:141,0
DA:142,0
DA:145,0
DA:146,0
DA:151,0
DA:152,0
DA:153,0
DA:154,0
DA:160,0
DA:162,0
DA:167,0
DA:168,0
DA:169,0
DA:170,0
DA:174,0
DA:178,0
DA:179,0
DA:183,0
DA:184,0
DA:185,0
DA:189,0
DA:190,0
DA:191,0
DA:193,0
DA:197,0
DA:198,0
DA:206,0
DA:207,0
DA:209,0
DA:213,0
DA:214,0
DA:215,0
DA:216,0
DA:218,0
DA:222,0
DA:223,0
DA:224,0
DA:225,0
DA:227,0
DA:228,0
DA:229,0
DA:230,0
DA:231,0
DA:233,0
DA:234,0
DA:236,0
DA:241,0
DA:242,0
DA:243,0
DA:244,0
DA:246,0
DA:247,0
DA:248,0
DA:249,0
DA:250,0
DA:251,0
DA:252,0
DA:254,0
DA:255,0
DA:257,0
DA:261,0
DA:262,0
DA:271,0
DA:272,0
DA:283,0
DA:284,0
DA:294,0
DA:296,0
DA:304,0
DA:376,0
DA:377,0
DA:486,0
DA:497,0
DA:531,0
DA:542,0
DA:556,0
DA:566,0
DA:575,0
DA:584,0
DA:593,0
DA:676,0
DA:677,0
DA:691,0
LF:159
LH:0
BRDA:10,0,0,0
BRDA:10,0,1,0
BRDA:63,1,0,0
BRDA:63,1,1,0
BRDA:71,2,0,0
BRDA:71,2,1,0
BRDA:73,3,0,0
BRDA:73,3,1,0
BRDA:75,4,0,0
BRDA:75,4,1,0
BRDA:77,5,0,0
BRDA:77,5,1,0
BRDA:78,6,0,0
BRDA:78,6,1,0
BRDA:79,7,0,0
BRDA:79,7,1,0
BRDA:93,8,0,0
BRDA:93,8,1,0
BRDA:108,9,0,0
BRDA:108,9,1,0
BRDA:109,10,0,0
BRDA:109,10,1,0
BRDA:110,11,0,0
BRDA:110,11,1,0
BRDA:111,12,0,0
BRDA:111,12,1,0
BRDA:112,13,0,0
BRDA:112,13,1,0
BRDA:113,14,0,0
BRDA:113,14,1,0
BRDA:114,15,0,0
BRDA:114,15,1,0
BRDA:117,16,0,0
BRDA:117,16,1,0
BRDA:120,17,0,0
BRDA:120,17,1,0
BRDA:120,18,0,0
BRDA:120,18,1,0
BRDA:121,19,0,0
BRDA:121,19,1,0
BRDA:121,20,0,0
BRDA:121,20,1,0
BRDA:125,21,0,0
BRDA:125,21,1,0
BRDA:131,22,0,0
BRDA:131,22,1,0
BRDA:138,23,0,0
BRDA:138,23,1,0
BRDA:142,24,0,0
BRDA:142,24,1,0
BRDA:169,25,0,0
BRDA:169,25,1,0
BRDA:184,26,0,0
BRDA:184,26,1,0
BRDA:199,27,0,0
BRDA:199,27,1,0
BRDA:200,28,0,0
BRDA:200,28,1,0
BRDA:201,29,0,0
BRDA:201,29,1,0
BRDA:202,30,0,0
BRDA:202,30,1,0
BRDA:203,31,0,0
BRDA:203,31,1,0
BRDA:234,32,0,0
BRDA:234,32,1,0
BRDA:242,33,0,0
BRDA:242,33,1,0
BRDA:255,34,0,0
BRDA:255,34,1,0
BRDA:271,35,0,0
BRDA:271,35,1,0
BRDA:283,36,0,0
BRDA:283,36,1,0
BRDA:296,37,0,0
BRDA:296,37,1,0
BRDA:319,38,0,0
BRDA:319,38,1,0
BRDA:326,39,0,0
BRDA:326,39,1,0
BRDA:369,40,0,0
BRDA:369,40,1,0
BRDA:386,41,0,0
BRDA:386,41,1,0
BRDA:395,42,0,0
BRDA:395,42,1,0
BRDA:403,43,0,0
BRDA:403,43,1,0
BRDA:413,44,0,0
BRDA:413,44,1,0
BRDA:426,45,0,0
BRDA:426,45,1,0
BRDA:437,46,0,0
BRDA:437,46,1,0
BRDA:443,47,0,0
BRDA:443,47,1,0
BRDA:449,48,0,0
BRDA:449,48,1,0
BRDA:461,49,0,0
BRDA:461,49,1,0
BRDA:482,50,0,0
BRDA:482,50,1,0
BRDA:507,51,0,0
BRDA:507,51,1,0
BRDA:520,52,0,0
BRDA:520,52,1,0
BRDA:618,53,0,0
BRDA:618,53,1,0
BRDA:619,54,0,0
BRDA:619,54,1,0
BRDA:621,55,0,0
BRDA:621,55,1,0
BRDA:639,56,0,0
BRDA:639,56,1,0
BRDA:648,57,0,0
BRDA:648,57,1,0
BRDA:657,58,0,0
BRDA:657,58,1,0
BRDA:665,59,0,0
BRDA:665,59,1,0
BRDA:668,60,0,0
BRDA:668,60,1,0
BRDA:670,61,0,0
BRDA:670,61,1,0
BRDA:677,62,0,0
BRDA:677,62,1,0
BRDA:677,63,0,0
BRDA:677,63,1,0
BRDA:700,64,0,0
BRDA:700,64,1,0
BRDA:701,65,0,0
BRDA:701,65,1,0
BRDA:715,66,0,0
BRDA:715,66,1,0
BRDA:728,67,0,0
BRDA:728,67,1,0
BRDA:729,68,0,0
BRDA:729,68,1,0
BRDA:731,69,0,0
BRDA:731,69,1,0
BRDA:739,70,0,0
BRDA:739,70,1,0
BRDA:748,71,0,0
BRDA:748,71,1,0
BRDA:751,72,0,0
BRDA:751,72,1,0
BRDA:761,73,0,0
BRDA:761,73,1,0
BRDA:764,74,0,0
BRDA:764,74,1,0
BRDA:774,75,0,0
BRDA:774,75,1,0
BRDA:777,76,0,0
BRDA:777,76,1,0
BRDA:795,77,0,0
BRDA:795,77,1,0
BRDA:801,78,0,0
BRDA:801,78,1,0
BRDA:808,79,0,0
BRDA:808,79,1,0
BRDA:817,80,0,0
BRDA:817,80,1,0
BRDA:820,81,0,0
BRDA:820,81,1,0
BRDA:830,82,0,0
BRDA:830,82,1,0
BRDA:833,83,0,0
BRDA:833,83,1,0
BRDA:843,84,0,0
BRDA:843,84,1,0
BRDA:846,85,0,0
BRDA:846,85,1,0
BRF:172
BRH:0
end_of_record
TN:
SF:src\pages\InfluencerDashboard.js
FN:9,(anonymous_0)
FN:36,(anonymous_1)
FN:46,(anonymous_2)
FN:47,(anonymous_3)
FN:106,(anonymous_4)
FN:183,(anonymous_5)
FN:192,(anonymous_6)
FN:260,(anonymous_7)
FN:286,(anonymous_8)
FN:312,(anonymous_9)
FN:317,(anonymous_10)
FN:323,(anonymous_11)
FN:369,(anonymous_12)
FN:370,(anonymous_13)
FN:399,(anonymous_14)
FN:400,(anonymous_15)
FN:412,(anonymous_16)
FN:413,(anonymous_17)
FN:425,(anonymous_18)
FN:426,(anonymous_19)
FN:438,(anonymous_20)
FN:439,(anonymous_21)
FN:468,(anonymous_22)
FN:469,(anonymous_23)
FN:479,(anonymous_24)
FN:487,(anonymous_25)
FN:492,(anonymous_26)
FN:493,(anonymous_27)
FN:513,(anonymous_28)
FN:538,(anonymous_29)
FN:548,(anonymous_30)
FN:558,(anonymous_31)
FN:570,(anonymous_32)
FN:602,(anonymous_33)
FN:606,(anonymous_34)
FN:638,(anonymous_35)
FN:642,(anonymous_36)
FN:674,(anonymous_37)
FN:678,(anonymous_38)
FN:710,(anonymous_39)
FN:714,(anonymous_40)
FN:744,(anonymous_41)
FN:749,(anonymous_42)
FN:750,(anonymous_43)
FN:772,(anonymous_44)
FN:777,(anonymous_45)
FN:778,(anonymous_46)
FN:798,(anonymous_47)
FN:809,(anonymous_48)
FN:858,(anonymous_49)
FN:862,(anonymous_50)
FN:894,(anonymous_51)
FN:898,(anonymous_52)
FN:930,(anonymous_53)
FN:934,(anonymous_54)
FN:970,(anonymous_55)
FN:974,(anonymous_56)
FN:1006,(anonymous_57)
FN:1010,(anonymous_58)
FN:1042,(anonymous_59)
FN:1046,(anonymous_60)
FN:1079,(anonymous_61)
FN:1084,(anonymous_62)
FN:1085,(anonymous_63)
FN:1107,(anonymous_64)
FN:1112,(anonymous_65)
FN:1113,(anonymous_66)
FN:1133,(anonymous_67)
FN:1159,(anonymous_68)
FN:1163,(anonymous_69)
FN:1195,(anonymous_70)
FN:1199,(anonymous_71)
FN:1231,(anonymous_72)
FN:1235,(anonymous_73)
FN:1270,(anonymous_74)
FN:1293,(anonymous_75)
FN:1294,(anonymous_76)
FN:1315,(anonymous_77)
FN:1322,(anonymous_78)
FN:1323,(anonymous_79)
FN:1372,(anonymous_80)
FN:1373,(anonymous_81)
FN:1403,(anonymous_82)
FN:1408,(anonymous_83)
FN:1469,(anonymous_84)
FN:1473,(anonymous_85)
FN:1491,(anonymous_86)
FN:1530,(anonymous_87)
FN:1547,(anonymous_88)
FN:1566,(anonymous_89)
FN:1584,(anonymous_90)
FN:1652,(anonymous_91)
FNF:92
FNH:11
FNDA:12,(anonymous_0)
FNDA:5,(anonymous_1)
FNDA:5,(anonymous_2)
FNDA:5,(anonymous_3)
FNDA:5,(anonymous_4)
FNDA:5,(anonymous_5)
FNDA:0,(anonymous_6)
FNDA:6,(anonymous_7)
FNDA:52,(anonymous_8)
FNDA:0,(anonymous_9)
FNDA:0,(anonymous_10)
FNDA:0,(anonymous_11)
FNDA:0,(anonymous_12)
FNDA:0,(anonymous_13)
FNDA:0,(anonymous_14)
FNDA:0,(anonymous_15)
FNDA:0,(anonymous_16)
FNDA:0,(anonymous_17)
FNDA:0,(anonymous_18)
FNDA:0,(anonymous_19)
FNDA:0,(anonymous_20)
FNDA:0,(anonymous_21)
FNDA:0,(anonymous_22)
FNDA:0,(anonymous_23)
FNDA:0,(anonymous_24)
FNDA:0,(anonymous_25)
FNDA:0,(anonymous_26)
FNDA:0,(anonymous_27)
FNDA:0,(anonymous_28)
FNDA:0,(anonymous_29)
FNDA:0,(anonymous_30)
FNDA:0,(anonymous_31)
FNDA:6,(anonymous_32)
FNDA:0,(anonymous_33)
FNDA:0,(anonymous_34)
FNDA:0,(anonymous_35)
FNDA:0,(anonymous_36)
FNDA:0,(anonymous_37)
FNDA:0,(anonymous_38)
FNDA:0,(anonymous_39)
FNDA:0,(anonymous_40)
FNDA:0,(anonymous_41)
FNDA:0,(anonymous_42)
FNDA:0,(anonymous_43)
FNDA:0,(anonymous_44)
FNDA:0,(anonymous_45)
FNDA:0,(anonymous_46)
FNDA:0,(anonymous_47)
FNDA:6,(anonymous_48)
FNDA:0,(anonymous_49)
FNDA:0,(anonymous_50)
FNDA:0,(anonymous_51)
FNDA:0,(anonymous_52)
FNDA:0,(anonymous_53)
FNDA:0,(anonymous_54)
FNDA:0,(anonymous_55)
FNDA:0,(anonymous_56)
FNDA:0,(anonymous_57)
FNDA:0,(anonymous_58)
FNDA:0,(anonymous_59)
FNDA:0,(anonymous_60)
FNDA:0,(anonymous_61)
FNDA:0,(anonymous_62)
FNDA:0,(anonymous_63)
FNDA:0,(anonymous_64)
FNDA:0,(anonymous_65)
FNDA:0,(anonymous_66)
FNDA:0,(anonymous_67)
FNDA:0,(anonymous_68)
FNDA:0,(anonymous_69)
FNDA:0,(anonymous_70)
FNDA:0,(anonymous_71)
FNDA:0,(anonymous_72)
FNDA:0,(anonymous_73)
FNDA:0,(anonymous_74)
FNDA:0,(anonymous_75)
FNDA:0,(anonymous_76)
FNDA:0,(anonymous_77)
FNDA:0,(anonymous_78)
FNDA:0,(anonymous_79)
FNDA:0,(anonymous_80)
FNDA:0,(anonymous_81)
FNDA:18,(anonymous_82)
FNDA:0,(anonymous_83)
FNDA:0,(anonymous_84)
FNDA:0,(anonymous_85)
FNDA:0,(anonymous_86)
FNDA:0,(anonymous_87)
FNDA:0,(anonymous_88)
FNDA:0,(anonymous_89)
FNDA:0,(anonymous_90)
FNDA:0,(anonymous_91)
DA:9,1
DA:10,12
DA:11,11
DA:12,11
DA:13,11
DA:14,11
DA:15,11
DA:16,11
DA:17,11
DA:18,11
DA:19,11
DA:20,11
DA:21,11
DA:22,11
DA:23,11
DA:26,11
DA:27,11
DA:28,11
DA:29,11
DA:30,11
DA:31,11
DA:33,11
DA:34,11
DA:36,11
DA:37,5
DA:38,5
DA:39,5
DA:40,5
DA:41,5
DA:42,5
DA:46,11
DA:47,5
DA:48,5
DA:49,5
DA:51,5
DA:52,5
DA:53,5
DA:56,0
DA:57,0
DA:59,0
DA:60,0
DA:61,0
DA:62,0
DA:64,0
DA:65,0
DA:67,0
DA:68,0
DA:70,0
DA:71,0
DA:72,0
DA:73,0
DA:75,0
DA:86,0
DA:87,0
DA:89,0
DA:90,0
DA:93,0
DA:94,0
DA:96,0
DA:97,0
DA:101,5
DA:106,11
DA:107,5
DA:108,5
DA:111,5
DA:112,5
DA:113,5
DA:114,5
DA:115,5
DA:116,5
DA:117,5
DA:118,5
DA:121,5
DA:122,5
DA:123,5
DA:124,5
DA:125,5
DA:127,5
DA:128,4
DA:129,4
DA:130,4
DA:131,4
DA:132,4
DA:133,4
DA:136,4
DA:137,4
DA:138,4
DA:139,4
DA:140,4
DA:141,4
DA:142,4
DA:145,4
DA:146,4
DA:147,4
DA:148,4
DA:149,4
DA:150,4
DA:152,4
DA:155,4
DA:166,4
DA:167,4
DA:168,4
DA:169,4
DA:170,4
DA:171,4
DA:172,4
DA:174,4
DA:176,1
DA:177,1
DA:179,5
DA:183,11
DA:184,5
DA:185,5
DA:186,5
DA:188,5
DA:192,11
DA:193,0
DA:194,0
DA:195,0
DA:196,0
DA:199,0
DA:200,0
DA:202,0
DA:203,0
DA:204,0
DA:205,0
DA:208,0
DA:209,0
DA:211,0
DA:212,0
DA:215,0
DA:223,0
DA:224,0
DA:225,0
DA:227,0
DA:228,0
DA:231,0
DA:232,0
DA:233,0
DA:235,0
DA:236,0
DA:239,0
DA:240,0
DA:241,0
DA:243,0
DA:244,0
DA:248,11
DA:249,5
DA:260,6
DA:261,6
DA:264,4
DA:286,52
DA:287,4
DA:290,4
DA:293,4
DA:296,6
DA:299,6
DA:300,6
DA:301,6
DA:304,6
DA:305,6
DA:306,6
DA:309,6
DA:312,6
DA:313,0
DA:314,0
DA:317,6
DA:318,0
DA:323,6
DA:324,0
DA:325,0
DA:329,6
DA:351,6
DA:357,6
DA:369,0
DA:370,0
DA:399,0
DA:400,0
DA:412,0
DA:413,0
DA:425,0
DA:426,0
DA:438,0
DA:439,0
DA:468,0
DA:469,0
DA:479,0
DA:487,0
DA:492,0
DA:493,0
DA:514,0
DA:538,0
DA:548,0
DA:558,0
DA:571,6
DA:572,6
DA:573,6
DA:574,6
DA:575,6
DA:576,6
DA:577,6
DA:578,6
DA:579,6
DA:580,6
DA:581,6
DA:582,6
DA:583,6
DA:584,6
DA:603,0
DA:604,0
DA:607,0
DA:608,0
DA:639,0
DA:640,0
DA:643,0
DA:644,0
DA:675,0
DA:676,0
DA:679,0
DA:680,0
DA:711,0
DA:712,0
DA:715,0
DA:716,0
DA:744,0
DA:749,0
DA:750,0
DA:772,0
DA:777,0
DA:778,0
DA:798,0
DA:810,6
DA:811,6
DA:812,6
DA:813,6
DA:814,6
DA:815,6
DA:816,6
DA:859,0
DA:860,0
DA:863,0
DA:864,0
DA:895,0
DA:896,0
DA:899,0
DA:900,0
DA:931,0
DA:932,0
DA:935,0
DA:936,0
DA:971,0
DA:972,0
DA:975,0
DA:976,0
DA:1007,0
DA:1008,0
DA:1011,0
DA:1012,0
DA:1043,0
DA:1044,0
DA:1047,0
DA:1048,0
DA:1079,0
DA:1084,0
DA:1085,0
DA:1107,0
DA:1112,0
DA:1113,0
DA:1133,0
DA:1160,0
DA:1161,0
DA:1164,0
DA:1165,0
DA:1196,0
DA:1197,0
DA:1200,0
DA:1201,0
DA:1232,0
DA:1233,0
DA:1236,0
DA:1237,0
DA:1270,0
DA:1293,0
DA:1294,0
DA:1316,0
DA:1322,0
DA:1323,0
DA:1372,0
DA:1373,0
DA:1404,18
DA:1408,0
DA:1470,0
DA:1471,0
DA:1474,0
DA:1475,0
DA:1491,0
DA:1530,0
DA:1547,0
DA:1566,0
DA:1584,0
DA:1652,0
LF:301
LH:138
BRDA:18,0,0,11
BRDA:18,0,1,11
BRDA:51,1,0,5
BRDA:51,1,1,0
BRDA:70,2,0,0
BRDA:70,2,1,0
BRDA:72,3,0,0
BRDA:72,3,1,0
BRDA:76,4,0,0
BRDA:76,4,1,0
BRDA:78,5,0,0
BRDA:78,5,1,0
BRDA:79,6,0,0
BRDA:79,6,1,0
BRDA:80,7,0,0
BRDA:80,7,1,0
BRDA:81,8,0,0
BRDA:81,8,1,0
BRDA:82,9,0,0
BRDA:82,9,1,0
BRDA:83,10,0,0
BRDA:83,10,1,0
BRDA:158,11,0,4
BRDA:158,11,1,2
BRDA:158,11,2,2
BRDA:159,12,0,4
BRDA:159,12,1,2
BRDA:159,12,2,2
BRDA:160,13,0,4
BRDA:160,13,1,2
BRDA:160,13,2,2
BRDA:161,14,0,4
BRDA:161,14,1,4
BRDA:161,14,2,4
BRDA:186,15,0,5
BRDA:186,15,1,0
BRDA:193,16,0,0
BRDA:193,16,1,0
BRDA:200,17,0,0
BRDA:200,17,1,0
BRDA:211,18,0,0
BRDA:211,18,1,0
BRDA:220,19,0,0
BRDA:220,19,1,0
BRDA:248,20,0,5
BRDA:248,20,1,6
BRDA:261,21,0,2
BRDA:261,21,1,4
BRDA:274,22,0,4
BRDA:274,22,1,0
BRDA:275,23,0,4
BRDA:275,23,1,0
BRDA:276,24,0,4
BRDA:276,24,1,0
BRDA:279,25,0,4
BRDA:279,25,1,0
BRDA:280,26,0,4
BRDA:280,26,1,0
BRDA:281,27,0,4
BRDA:281,27,1,0
BRDA:282,28,0,4
BRDA:282,28,1,0
BRDA:299,29,0,0
BRDA:299,29,1,6
BRDA:300,30,0,6
BRDA:300,30,1,6
BRDA:300,30,2,6
BRDA:301,31,0,6
BRDA:301,31,1,6
BRDA:301,31,2,6
BRDA:304,32,0,6
BRDA:304,32,1,6
BRDA:304,32,2,6
BRDA:304,32,3,6
BRDA:305,33,0,6
BRDA:305,33,1,6
BRDA:306,34,0,6
BRDA:306,34,1,6
BRDA:309,35,0,6
BRDA:309,35,1,6
BRDA:324,36,0,0
BRDA:324,36,1,0
BRDA:324,37,0,0
BRDA:324,37,1,0
BRDA:344,38,0,6
BRDA:344,38,1,0
BRDA:345,39,0,6
BRDA:345,39,1,0
BRDA:346,40,0,6
BRDA:346,40,1,0
BRDA:347,41,0,6
BRDA:347,41,1,0
BRDA:453,42,0,6
BRDA:453,42,1,6
BRDA:465,43,0,0
BRDA:465,43,1,6
BRDA:466,44,0,0
BRDA:466,44,1,6
BRDA:481,45,0,0
BRDA:481,45,1,6
BRDA:510,46,0,6
BRDA:510,46,1,0
BRDA:516,47,0,0
BRDA:516,47,1,0
BRDA:517,48,0,0
BRDA:517,48,1,0
BRDA:534,49,0,6
BRDA:534,49,1,0
BRDA:544,50,0,0
BRDA:544,50,1,6
BRDA:554,51,0,0
BRDA:554,51,1,6
BRDA:578,52,0,6
BRDA:578,52,1,6
BRDA:579,53,0,6
BRDA:579,53,1,6
BRDA:580,54,0,6
BRDA:580,54,1,6
BRDA:581,55,0,6
BRDA:581,55,1,6
BRDA:581,55,2,6
BRDA:582,56,0,6
BRDA:582,56,1,0
BRDA:582,56,2,0
BRDA:582,56,3,0
BRDA:587,57,0,0
BRDA:587,57,1,6
BRDA:587,58,0,6
BRDA:587,58,1,0
BRDA:587,58,2,0
BRDA:587,58,3,0
BRDA:623,59,0,0
BRDA:623,59,1,0
BRDA:659,60,0,0
BRDA:659,60,1,0
BRDA:695,61,0,0
BRDA:695,61,1,0
BRDA:731,62,0,0
BRDA:731,62,1,0
BRDA:739,63,0,0
BRDA:739,63,1,0
BRDA:819,64,0,0
BRDA:819,64,1,6
BRDA:822,65,0,0
BRDA:822,65,1,0
BRDA:822,65,2,0
BRDA:825,66,0,0
BRDA:825,66,1,0
BRDA:835,67,0,0
BRDA:835,67,1,0
BRDA:839,68,0,0
BRDA:839,68,1,0
BRDA:846,69,0,0
BRDA:846,69,1,0
BRDA:951,70,0,0
BRDA:951,70,1,0
BRDA:1074,71,0,0
BRDA:1074,71,1,0
BRDA:1144,72,0,0
BRDA:1144,72,1,6
BRDA:1180,73,0,0
BRDA:1180,73,1,0
BRDA:1216,74,0,0
BRDA:1216,74,1,0
BRDA:1252,75,0,0
BRDA:1252,75,1,0
BRDA:1290,76,0,0
BRDA:1290,76,1,6
BRDA:1291,77,0,0
BRDA:1291,77,1,6
BRDA:1314,78,0,0
BRDA:1314,78,1,6
BRDA:1325,79,0,0
BRDA:1325,79,1,0
BRDA:1326,80,0,0
BRDA:1326,80,1,0
BRDA:1329,81,0,0
BRDA:1329,81,1,0
BRDA:1329,82,0,0
BRDA:1329,82,1,0
BRDA:1335,83,0,0
BRDA:1335,83,1,0
BRDA:1338,84,0,0
BRDA:1338,84,1,0
BRDA:1340,85,0,0
BRDA:1340,85,1,0
BRDA:1369,86,0,0
BRDA:1369,86,1,6
BRDA:1370,87,0,0
BRDA:1370,87,1,6
BRDA:1507,88,0,0
BRDA:1507,88,1,6
BRDA:1508,89,0,0
BRDA:1508,89,1,6
BRDA:1509,90,0,0
BRDA:1509,90,1,6
BRDA:1515,91,0,0
BRDA:1515,91,1,6
BRDA:1516,92,0,0
BRDA:1516,92,1,6
BRDA:1517,93,0,0
BRDA:1517,93,1,6
BRDA:1533,94,0,0
BRDA:1533,94,1,6
BRDA:1557,95,0,6
BRDA:1557,95,1,2
BRDA:1575,96,0,6
BRDA:1575,96,1,0
BRF:208
BRH:86
end_of_record
TN:
SF:src\pages\InfluencerProfile.js
FN:10,(anonymous_0)
FN:21,(anonymous_1)
FN:29,(anonymous_2)
FN:46,(anonymous_3)
FN:55,(anonymous_4)
FN:64,(anonymous_5)
FN:73,(anonymous_6)
FN:100,(anonymous_7)
FN:107,(anonymous_8)
FN:122,(anonymous_9)
FN:129,(anonymous_10)
FN:136,(anonymous_11)
FN:154,(anonymous_12)
FN:195,(anonymous_13)
FN:204,(anonymous_14)
FN:338,(anonymous_15)
FN:402,(anonymous_16)
FN:427,(anonymous_17)
FNF:18
FNH:0
FNDA:0,(anonymous_0)
FNDA:0,(anonymous_1)
FNDA:0,(anonymous_2)
FNDA:0,(anonymous_3)
FNDA:0,(anonymous_4)
FNDA:0,(anonymous_5)
FNDA:0,(anonymous_6)
FNDA:0,(anonymous_7)
FNDA:0,(anonymous_8)
FNDA:0,(anonymous_9)
FNDA:0,(anonymous_10)
FNDA:0,(anonymous_11)
FNDA:0,(anonymous_12)
FNDA:0,(anonymous_13)
FNDA:0,(anonymous_14)
FNDA:0,(anonymous_15)
FNDA:0,(anonymous_16)
FNDA:0,(anonymous_17)
DA:10,0
DA:11,0
DA:12,0
DA:13,0
DA:14,0
DA:15,0
DA:16,0
DA:17,0
DA:18,0
DA:19,0
DA:21,0
DA:22,0
DA:23,0
DA:24,0
DA:26,0
DA:29,0
DA:30,0
DA:31,0
DA:36,0
DA:37,0
DA:39,0
DA:40,0
DA:42,0
DA:46,0
DA:47,0
DA:48,0
DA:49,0
DA:51,0
DA:52,0
DA:55,0
DA:56,0
DA:59,0
DA:60,0
DA:64,0
DA:65,0
DA:66,0
DA:67,0
DA:68,0
DA:70,0
DA:73,0
DA:74,0
DA:81,0
DA:82,0
DA:93,0
DA:94,0
DA:100,0
DA:107,0
DA:115,0
DA:122,0
DA:129,0
DA:136,0
DA:155,0
DA:156,0
DA:196,0
DA:205,0
DA:338,0
DA:402,0
DA:427,0
LF:58
LH:0
BRDA:22,0,0,0
BRDA:22,0,1,0
BRDA:37,1,0,0
BRDA:37,1,1,0
BRDA:60,2,0,0
BRDA:60,2,1,0
BRDA:65,3,0,0
BRDA:65,3,1,0
BRDA:67,4,0,0
BRDA:67,4,1,0
BRDA:70,5,0,0
BRDA:70,5,1,0
BRDA:81,6,0,0
BRDA:81,6,1,0
BRDA:93,7,0,0
BRDA:93,7,1,0
BRDA:93,8,0,0
BRDA:93,8,1,0
BRDA:98,9,0,0
BRDA:98,9,1,0
BRDA:128,10,0,0
BRDA:128,10,1,0
BRDA:135,11,0,0
BRDA:135,11,1,0
BRDA:148,12,0,0
BRDA:148,12,1,0
BRDA:165,13,0,0
BRDA:165,13,1,0
BRDA:184,14,0,0
BRDA:184,14,1,0
BRDA:226,15,0,0
BRDA:226,15,1,0
BRDA:247,16,0,0
BRDA:247,16,1,0
BRDA:250,17,0,0
BRDA:250,17,1,0
BRDA:253,18,0,0
BRDA:253,18,1,0
BRDA:271,19,0,0
BRDA:271,19,1,0
BRDA:275,20,0,0
BRDA:275,20,1,0
BRDA:301,21,0,0
BRDA:301,21,1,0
BRDA:424,22,0,0
BRDA:424,22,1,0
BRF:46
BRH:0
end_of_record
TN:
SF:src\pages\InfluencerWizard.js
FN:10,(anonymous_0)
FN:102,(anonymous_1)
FN:108,(anonymous_2)
FN:110,(anonymous_3)
FN:117,(anonymous_4)
FN:124,(anonymous_5)
FN:125,(anonymous_6)
FN:131,(anonymous_7)
FN:138,(anonymous_8)
FN:153,(anonymous_9)
FN:169,(anonymous_10)
FN:172,(anonymous_11)
FN:178,(anonymous_12)
FN:194,(anonymous_13)
FN:204,(anonymous_14)
FN:291,(anonymous_15)
FN:381,(anonymous_16)
FN:463,(anonymous_17)
FN:486,(anonymous_18)
FN:594,(anonymous_19)
FN:611,(anonymous_20)
FN:640,(anonymous_21)
FN:646,(anonymous_22)
FN:670,(anonymous_23)
FN:676,(anonymous_24)
FN:700,(anonymous_25)
FN:706,(anonymous_26)
FN:741,(anonymous_27)
FN:757,(anonymous_28)
FN:773,(anonymous_29)
FN:801,(anonymous_30)
FN:853,(anonymous_31)
FN:961,(anonymous_32)
FN:1022,(anonymous_33)
FNF:34
FNH:0
FNDA:0,(anonymous_0)
FNDA:0,(anonymous_1)
FNDA:0,(anonymous_2)
FNDA:0,(anonymous_3)
FNDA:0,(anonymous_4)
FNDA:0,(anonymous_5)
FNDA:0,(anonymous_6)
FNDA:0,(anonymous_7)
FNDA:0,(anonymous_8)
FNDA:0,(anonymous_9)
FNDA:0,(anonymous_10)
FNDA:0,(anonymous_11)
FNDA:0,(anonymous_12)
FNDA:0,(anonymous_13)
FNDA:0,(anonymous_14)
FNDA:0,(anonymous_15)
FNDA:0,(anonymous_16)
FNDA:0,(anonymous_17)
FNDA:0,(anonymous_18)
FNDA:0,(anonymous_19)
FNDA:0,(anonymous_20)
FNDA:0,(anonymous_21)
FNDA:0,(anonymous_22)
FNDA:0,(anonymous_23)
FNDA:0,(anonymous_24)
FNDA:0,(anonymous_25)
FNDA:0,(anonymous_26)
FNDA:0,(anonymous_27)
FNDA:0,(anonymous_28)
FNDA:0,(anonymous_29)
FNDA:0,(anonymous_30)
FNDA:0,(anonymous_31)
FNDA:0,(anonymous_32)
FNDA:0,(anonymous_33)
DA:10,0
DA:11,0
DA:12,0
DA:13,0
DA:14,0
DA:15,0
DA:16,0
DA:17,0
DA:18,0
DA:19,0
DA:22,0
DA:23,0
DA:24,0
DA:26,0
DA:27,0
DA:29,0
DA:60,0
DA:61,0
DA:64,0
DA:73,0
DA:79,0
DA:83,0
DA:92,0
DA:93,0
DA:94,0
DA:95,0
DA:97,0
DA:102,0
DA:103,0
DA:104,0
DA:108,0
DA:109,0
DA:110,0
DA:116,0
DA:117,0
DA:124,0
DA:125,0
DA:130,0
DA:131,0
DA:138,0
DA:139,0
DA:142,0
DA:153,0
DA:154,0
DA:155,0
DA:156,0
DA:161,0
DA:162,0
DA:165,0
DA:166,0
DA:169,0
DA:170,0
DA:171,0
DA:172,0
DA:174,0
DA:177,0
DA:178,0
DA:180,0
DA:182,0
DA:183,0
DA:184,0
DA:186,0
DA:187,0
DA:188,0
DA:190,0
DA:193,0
DA:194,0
DA:198,0
DA:200,0
DA:204,0
DA:205,0
DA:206,0
DA:207,0
DA:210,0
DA:211,0
DA:213,0
DA:214,0
DA:216,0
DA:217,0
DA:218,0
DA:219,0
DA:221,0
DA:222,0
DA:225,0
DA:226,0
DA:230,0
DA:231,0
DA:234,0
DA:235,0
DA:237,0
DA:238,0
DA:239,0
DA:241,0
DA:244,0
DA:248,0
DA:250,0
DA:251,0
DA:252,0
DA:253,0
DA:255,0
DA:256,0
DA:257,0
DA:258,0
DA:259,0
DA:261,0
DA:262,0
DA:264,0
DA:267,0
DA:270,0
DA:277,0
DA:278,0
DA:279,0
DA:281,0
DA:284,0
DA:285,0
DA:287,0
DA:291,0
DA:292,0
DA:293,0
DA:294,0
DA:297,0
DA:298,0
DA:300,0
DA:302,0
DA:305,0
DA:306,0
DA:307,0
DA:308,0
DA:311,0
DA:312,0
DA:313,0
DA:314,0
DA:315,0
DA:316,0
DA:317,0
DA:319,0
DA:320,0
DA:321,0
DA:322,0
DA:325,0
DA:328,0
DA:329,0
DA:331,0
DA:332,0
DA:333,0
DA:334,0
DA:336,0
DA:337,0
DA:340,0
DA:341,0
DA:342,0
DA:343,0
DA:345,0
DA:352,0
DA:353,0
DA:356,0
DA:358,0
DA:361,0
DA:364,0
DA:366,0
DA:367,0
DA:368,0
DA:369,0
DA:370,0
DA:371,0
DA:372,0
DA:374,0
DA:375,0
DA:377,0
DA:381,0
DA:382,0
DA:384,0
DA:385,0
DA:386,0
DA:387,0
DA:390,0
DA:391,0
DA:392,0
DA:393,0
DA:396,0
DA:397,0
DA:398,0
DA:400,0
DA:402,0
DA:404,0
DA:448,0
DA:449,0
DA:451,0
DA:453,0
DA:456,0
DA:457,0
DA:458,0
DA:459,0
DA:460,0
DA:463,0
DA:464,0
DA:467,0
DA:468,0
DA:471,0
DA:472,0
DA:473,0
DA:474,0
DA:475,0
DA:476,0
DA:478,0
DA:481,0
DA:482,0
DA:483,0
DA:486,0
DA:487,0
DA:490,0
DA:493,0
DA:494,0
DA:498,0
DA:595,0
DA:612,0
DA:618,0
DA:641,0
DA:647,0
DA:653,0
DA:671,0
DA:677,0
DA:683,0
DA:701,0
DA:707,0
DA:713,0
DA:741,0
DA:757,0
DA:773,0
DA:802,0
DA:853,0
DA:961,0
DA:1022,0
LF:233
LH:0
BRDA:19,0,0,0
BRDA:19,0,1,0
BRDA:103,1,0,0
BRDA:103,1,1,0
BRDA:116,2,0,0
BRDA:116,2,1,0
BRDA:130,3,0,0
BRDA:130,3,1,0
BRDA:155,4,0,0
BRDA:155,4,1,0
BRDA:155,5,0,0
BRDA:155,5,1,0
BRDA:161,6,0,0
BRDA:161,6,1,0
BRDA:161,7,0,0
BRDA:161,7,1,0
BRDA:161,7,2,0
BRDA:161,7,3,0
BRDA:170,8,0,0
BRDA:170,8,1,0
BRDA:171,9,0,0
BRDA:171,9,1,0
BRDA:171,10,0,0
BRDA:171,10,1,0
BRDA:186,11,0,0
BRDA:186,11,1,0
BRDA:190,12,0,0
BRDA:190,12,1,0
BRDA:196,13,0,0
BRDA:196,13,1,0
BRDA:196,13,2,0
BRDA:205,14,0,0
BRDA:205,14,1,0
BRDA:216,15,0,0
BRDA:216,15,1,0
BRDA:218,16,0,0
BRDA:218,16,1,0
BRDA:221,17,0,0
BRDA:221,17,1,0
BRDA:230,18,0,0
BRDA:230,18,1,0
BRDA:237,19,0,0
BRDA:237,19,1,0
BRDA:237,20,0,0
BRDA:237,20,1,0
BRDA:251,21,0,0
BRDA:251,21,1,0
BRDA:255,22,0,0
BRDA:255,22,1,0
BRDA:255,23,0,0
BRDA:255,23,1,0
BRDA:261,24,0,0
BRDA:261,24,1,0
BRDA:292,25,0,0
BRDA:292,25,1,0
BRDA:305,26,0,0
BRDA:305,26,1,0
BRDA:319,27,0,0
BRDA:319,27,1,0
BRDA:320,28,0,0
BRDA:320,28,1,0
BRDA:331,29,0,0
BRDA:331,29,1,0
BRDA:347,30,0,0
BRDA:347,30,1,0
BRDA:348,31,0,0
BRDA:348,31,1,0
BRDA:349,32,0,0
BRDA:349,32,1,0
BRDA:374,33,0,0
BRDA:374,33,1,0
BRDA:374,33,2,0
BRDA:384,34,0,0
BRDA:384,34,1,0
BRDA:390,35,0,0
BRDA:390,35,1,0
BRDA:390,36,0,0
BRDA:390,36,1,0
BRDA:390,36,2,0
BRDA:402,37,0,0
BRDA:402,37,1,0
BRDA:402,38,0,0
BRDA:402,38,1,0
BRDA:402,39,0,0
BRDA:402,39,1,0
BRDA:402,40,0,0
BRDA:402,40,1,0
BRDA:405,41,0,0
BRDA:405,41,1,0
BRDA:406,42,0,0
BRDA:406,42,1,0
BRDA:406,42,2,0
BRDA:407,43,0,0
BRDA:407,43,1,0
BRDA:409,44,0,0
BRDA:409,44,1,0
BRDA:410,45,0,0
BRDA:410,45,1,0
BRDA:411,46,0,0
BRDA:411,46,1,0
BRDA:412,47,0,0
BRDA:412,47,1,0
BRDA:413,48,0,0
BRDA:413,48,1,0
BRDA:416,49,0,0
BRDA:416,49,1,0
BRDA:423,50,0,0
BRDA:423,50,1,0
BRDA:428,51,0,0
BRDA:428,51,1,0
BRDA:429,52,0,0
BRDA:429,52,1,0
BRDA:433,53,0,0
BRDA:433,53,1,0
BRDA:434,54,0,0
BRDA:434,54,1,0
BRDA:435,55,0,0
BRDA:435,55,1,0
BRDA:436,56,0,0
BRDA:436,56,1,0
BRDA:437,57,0,0
BRDA:437,57,1,0
BRDA:438,58,0,0
BRDA:438,58,1,0
BRDA:439,59,0,0
BRDA:439,59,1,0
BRDA:440,60,0,0
BRDA:440,60,1,0
BRDA:441,61,0,0
BRDA:441,61,1,0
BRDA:442,62,0,0
BRDA:442,62,1,0
BRDA:443,63,0,0
BRDA:443,63,1,0
BRDA:444,64,0,0
BRDA:444,64,1,0
BRDA:445,65,0,0
BRDA:445,65,1,0
BRDA:456,66,0,0
BRDA:456,66,1,0
BRDA:456,67,0,0
BRDA:456,67,1,0
BRDA:468,68,0,0
BRDA:468,68,1,0
BRDA:473,69,0,0
BRDA:473,69,1,0
BRDA:478,70,0,0
BRDA:478,70,1,0
BRDA:478,70,2,0
BRDA:481,71,0,0
BRDA:481,71,1,0
BRDA:510,72,0,0
BRDA:510,72,1,0
BRDA:517,73,0,0
BRDA:517,73,1,0
BRDA:537,74,0,0
BRDA:537,74,1,0
BRDA:540,75,0,0
BRDA:540,75,1,0
BRDA:542,76,0,0
BRDA:542,76,1,0
BRDA:556,77,0,0
BRDA:556,77,1,0
BRDA:559,78,0,0
BRDA:559,78,1,0
BRDA:561,79,0,0
BRDA:561,79,1,0
BRDA:573,80,0,0
BRDA:573,80,1,0
BRDA:576,81,0,0
BRDA:576,81,1,0
BRDA:578,82,0,0
BRDA:578,82,1,0
BRDA:589,83,0,0
BRDA:589,83,1,0
BRDA:591,84,0,0
BRDA:591,84,1,0
BRDA:600,85,0,0
BRDA:600,85,1,0
BRDA:610,86,0,0
BRDA:610,86,1,0
BRDA:615,87,0,0
BRDA:615,87,1,0
BRDA:622,88,0,0
BRDA:622,88,1,0
BRDA:630,89,0,0
BRDA:630,89,1,0
BRDA:644,90,0,0
BRDA:644,90,1,0
BRDA:645,91,0,0
BRDA:645,91,1,0
BRDA:660,92,0,0
BRDA:660,92,1,0
BRDA:674,93,0,0
BRDA:674,93,1,0
BRDA:675,94,0,0
BRDA:675,94,1,0
BRDA:690,95,0,0
BRDA:690,95,1,0
BRDA:704,96,0,0
BRDA:704,96,1,0
BRDA:705,97,0,0
BRDA:705,97,1,0
BRDA:720,98,0,0
BRDA:720,98,1,0
BRDA:744,99,0,0
BRDA:744,99,1,0
BRDA:760,100,0,0
BRDA:760,100,1,0
BRDA:776,101,0,0
BRDA:776,101,1,0
BRDA:894,102,0,0
BRDA:894,102,1,0
BRDA:898,103,0,0
BRDA:898,103,1,0
BRDA:898,104,0,0
BRDA:898,104,1,0
BRDA:915,105,0,0
BRDA:915,105,1,0
BRDA:918,106,0,0
BRDA:918,106,1,0
BRDA:936,107,0,0
BRDA:936,107,1,0
BRDA:953,108,0,0
BRDA:953,108,1,0
BRDA:974,109,0,0
BRDA:974,109,1,0
BRDA:992,110,0,0
BRDA:992,110,1,0
BRDA:1014,111,0,0
BRDA:1014,111,1,0
BRDA:1035,112,0,0
BRDA:1035,112,1,0
BRDA:1052,113,0,0
BRDA:1052,113,1,0
BRDA:1057,114,0,0
BRDA:1057,114,1,0
BRDA:1081,115,0,0
BRDA:1081,115,1,0
BRDA:1081,115,2,0
BRDA:1081,115,3,0
BRDA:1084,116,0,0
BRDA:1084,116,1,0
BRF:243
BRH:0
end_of_record
TN:
SF:src\pages\Login.js
FN:6,(anonymous_0)
FN:20,(anonymous_1)
FN:47,(anonymous_2)
FN:49,(anonymous_3)
FN:56,(anonymous_4)
FN:63,(anonymous_5)
FN:80,(anonymous_6)
FNF:7
FNH:0
FNDA:0,(anonymous_0)
FNDA:0,(anonymous_1)
FNDA:0,(anonymous_2)
FNDA:0,(anonymous_3)
FNDA:0,(anonymous_4)
FNDA:0,(anonymous_5)
FNDA:0,(anonymous_6)
DA:6,0
DA:7,0
DA:11,0
DA:12,0
DA:14,0
DA:15,0
DA:16,0
DA:18,0
DA:20,0
DA:21,0
DA:22,0
DA:24,0
DA:25,0
DA:27,0
DA:28,0
DA:30,0
DA:31,0
DA:33,0
DA:34,0
DA:36,0
DA:37,0
DA:39,0
DA:47,0
DA:48,0
DA:49,0
DA:55,0
DA:56,0
DA:63,0
DA:64,0
DA:66,0
DA:67,0
DA:68,0
DA:69,0
DA:72,0
DA:73,0
DA:76,0
DA:77,0
DA:80,0
DA:81,0
DA:83,0
DA:85,0
DA:87,0
DA:88,0
DA:94,0
DA:96,0
DA:100,0
LF:46
LH:0
BRDA:18,0,0,0
BRDA:18,0,1,0
BRDA:21,1,0,0
BRDA:21,1,1,0
BRDA:21,2,0,0
BRDA:21,2,1,0
BRDA:22,3,0,0
BRDA:22,3,1,0
BRDA:22,3,2,0
BRDA:22,3,3,0
BRDA:22,3,4,0
BRDA:22,3,5,0
BRDA:55,4,0,0
BRDA:55,4,1,0
BRDA:66,5,0,0
BRDA:66,5,1,0
BRDA:68,6,0,0
BRDA:68,6,1,0
BRDA:72,7,0,0
BRDA:72,7,1,0
BRDA:83,8,0,0
BRDA:83,8,1,0
BRDA:116,9,0,0
BRDA:116,9,1,0
BRDA:163,10,0,0
BRDA:163,10,1,0
BRF:26
BRH:0
end_of_record
TN:
SF:src\pages\Register.js
FN:6,(anonymous_0)
FN:19,(anonymous_1)
FN:33,(anonymous_2)
FN:35,(anonymous_3)
FN:42,(anonymous_4)
FN:49,(anonymous_5)
FN:79,(anonymous_6)
FN:144,(anonymous_7)
FNF:8
FNH:0
FNDA:0,(anonymous_0)
FNDA:0,(anonymous_1)
FNDA:0,(anonymous_2)
FNDA:0,(anonymous_3)
FNDA:0,(anonymous_4)
FNDA:0,(anonymous_5)
FNDA:0,(anonymous_6)
FNDA:0,(anonymous_7)
DA:6,0
DA:7,0
DA:12,0
DA:13,0
DA:14,0
DA:16,0
DA:17,0
DA:19,0
DA:20,0
DA:22,0
DA:24,0
DA:25,0
DA:26,0
DA:28,0
DA:33,0
DA:34,0
DA:35,0
DA:41,0
DA:42,0
DA:49,0
DA:50,0
DA:52,0
DA:53,0
DA:54,0
DA:55,0
DA:58,0
DA:59,0
DA:60,0
DA:61,0
DA:64,0
DA:65,0
DA:66,0
DA:67,0
DA:71,0
DA:72,0
DA:75,0
DA:76,0
DA:79,0
DA:80,0
DA:82,0
DA:84,0
DA:86,0
DA:87,0
DA:88,0
DA:95,0
DA:97,0
DA:101,0
DA:144,0
LF:48
LH:0
BRDA:20,0,0,0
BRDA:20,0,1,0
BRDA:20,1,0,0
BRDA:20,1,1,0
BRDA:22,2,0,0
BRDA:22,2,1,0
BRDA:25,3,0,0
BRDA:25,3,1,0
BRDA:41,4,0,0
BRDA:41,4,1,0
BRDA:52,5,0,0
BRDA:52,5,1,0
BRDA:54,6,0,0
BRDA:54,6,1,0
BRDA:58,7,0,0
BRDA:58,7,1,0
BRDA:60,8,0,0
BRDA:60,8,1,0
BRDA:64,9,0,0
BRDA:64,9,1,0
BRDA:66,10,0,0
BRDA:66,10,1,0
BRDA:71,11,0,0
BRDA:71,11,1,0
BRDA:82,12,0,0
BRDA:82,12,1,0
BRDA:87,13,0,0
BRDA:87,13,1,0
BRDA:115,14,0,0
BRDA:115,14,1,0
BRDA:197,15,0,0
BRDA:197,15,1,0
BRF:32
BRH:0
end_of_record
TN:
SF:src\pages\RegisterBrand.js
FN:6,(anonymous_0)
FN:21,(anonymous_1)
FN:37,(anonymous_2)
FN:39,(anonymous_3)
FN:40,(anonymous_4)
FN:43,(anonymous_5)
FN:55,(anonymous_6)
FNF:7
FNH:0
FNDA:0,(anonymous_0)
FNDA:0,(anonymous_1)
FNDA:0,(anonymous_2)
FNDA:0,(anonymous_3)
FNDA:0,(anonymous_4)
FNDA:0,(anonymous_5)
FNDA:0,(anonymous_6)
DA:6,0
DA:7,0
DA:12,0
DA:13,0
DA:16,0
DA:18,0
DA:19,0
DA:21,0
DA:22,0
DA:23,0
DA:24,0
DA:25,0
DA:26,0
DA:27,0
DA:28,0
DA:29,0
DA:30,0
DA:32,0
DA:37,0
DA:38,0
DA:39,0
DA:40,0
DA:43,0
DA:44,0
DA:45,0
DA:46,0
DA:47,0
DA:48,0
DA:49,0
DA:50,0
DA:51,0
DA:52,0
DA:55,0
DA:56,0
DA:57,0
DA:58,0
DA:59,0
DA:60,0
DA:62,0
DA:64,0
DA:68,0
LF:41
LH:0
BRDA:22,0,0,0
BRDA:22,0,1,0
BRDA:22,1,0,0
BRDA:22,1,1,0
BRDA:23,2,0,0
BRDA:23,2,1,0
BRDA:25,3,0,0
BRDA:25,3,1,0
BRDA:27,4,0,0
BRDA:27,4,1,0
BRDA:29,5,0,0
BRDA:29,5,1,0
BRDA:40,6,0,0
BRDA:40,6,1,0
BRDA:45,7,0,0
BRDA:45,7,1,0
BRDA:46,8,0,0
BRDA:46,8,1,0
BRDA:47,9,0,0
BRDA:47,9,1,0
BRDA:48,10,0,0
BRDA:48,10,1,0
BRDA:49,11,0,0
BRDA:49,11,1,0
BRDA:50,12,0,0
BRDA:50,12,1,0
BRDA:57,13,0,0
BRDA:57,13,1,0
BRDA:83,14,0,0
BRDA:83,14,1,0
BRDA:136,15,0,0
BRDA:136,15,1,0
BRF:32
BRH:0
end_of_record
TN:
SF:src\pages\RegisterCreator.js
FN:6,(anonymous_0)
FN:21,(anonymous_1)
FN:37,(anonymous_2)
FN:39,(anonymous_3)
FN:40,(anonymous_4)
FN:43,(anonymous_5)
FN:55,(anonymous_6)
FNF:7
FNH:0
FNDA:0,(anonymous_0)
FNDA:0,(anonymous_1)
FNDA:0,(anonymous_2)
FNDA:0,(anonymous_3)
FNDA:0,(anonymous_4)
FNDA:0,(anonymous_5)
FNDA:0,(anonymous_6)
DA:6,0
DA:7,0
DA:12,0
DA:13,0
DA:16,0
DA:18,0
DA:19,0
DA:21,0
DA:22,0
DA:23,0
DA:24,0
DA:25,0
DA:26,0
DA:27,0
DA:28,0
DA:29,0
DA:30,0
DA:32,0
DA:37,0
DA:38,0
DA:39,0
DA:40,0
DA:43,0
DA:44,0
DA:45,0
DA:46,0
DA:47,0
DA:48,0
DA:49,0
DA:50,0
DA:51,0
DA:52,0
DA:55,0
DA:56,0
DA:57,0
DA:58,0
DA:59,0
DA:60,0
DA:62,0
DA:64,0
DA:68,0
LF:41
LH:0
BRDA:22,0,0,0
BRDA:22,0,1,0
BRDA:22,1,0,0
BRDA:22,1,1,0
BRDA:23,2,0,0
BRDA:23,2,1,0
BRDA:25,3,0,0
BRDA:25,3,1,0
BRDA:27,4,0,0
BRDA:27,4,1,0
BRDA:29,5,0,0
BRDA:29,5,1,0
BRDA:40,6,0,0
BRDA:40,6,1,0
BRDA:45,7,0,0
BRDA:45,7,1,0
BRDA:46,8,0,0
BRDA:46,8,1,0
BRDA:47,9,0,0
BRDA:47,9,1,0
BRDA:48,10,0,0
BRDA:48,10,1,0
BRDA:49,11,0,0
BRDA:49,11,1,0
BRDA:50,12,0,0
BRDA:50,12,1,0
BRDA:57,13,0,0
BRDA:57,13,1,0
BRDA:83,14,0,0
BRDA:83,14,1,0
BRDA:136,15,0,0
BRDA:136,15,1,0
BRF:32
BRH:0
end_of_record
TN:
SF:src\pages\RegisterWithChoice.js
FN:6,(anonymous_0)
FN:21,(anonymous_1)
FN:37,(anonymous_2)
FN:39,(anonymous_3)
FN:40,(anonymous_4)
FN:43,(anonymous_5)
FN:56,(anonymous_6)
FN:130,(anonymous_7)
FNF:8
FNH:0
FNDA:0,(anonymous_0)
FNDA:0,(anonymous_1)
FNDA:0,(anonymous_2)
FNDA:0,(anonymous_3)
FNDA:0,(anonymous_4)
FNDA:0,(anonymous_5)
FNDA:0,(anonymous_6)
FNDA:0,(anonymous_7)
DA:6,0
DA:7,0
DA:12,0
DA:14,0
DA:15,0
DA:16,0
DA:18,0
DA:19,0
DA:21,0
DA:22,0
DA:23,0
DA:24,0
DA:25,0
DA:26,0
DA:27,0
DA:28,0
DA:29,0
DA:30,0
DA:32,0
DA:37,0
DA:38,0
DA:39,0
DA:40,0
DA:43,0
DA:44,0
DA:45,0
DA:46,0
DA:47,0
DA:48,0
DA:49,0
DA:50,0
DA:51,0
DA:52,0
DA:53,0
DA:56,0
DA:57,0
DA:58,0
DA:59,0
DA:60,0
DA:61,0
DA:62,0
DA:64,0
DA:66,0
DA:70,0
DA:89,0
DA:130,0
LF:46
LH:0
BRDA:22,0,0,0
BRDA:22,0,1,0
BRDA:22,1,0,0
BRDA:22,1,1,0
BRDA:23,2,0,0
BRDA:23,2,1,0
BRDA:25,3,0,0
BRDA:25,3,1,0
BRDA:27,4,0,0
BRDA:27,4,1,0
BRDA:29,5,0,0
BRDA:29,5,1,0
BRDA:40,6,0,0
BRDA:40,6,1,0
BRDA:45,7,0,0
BRDA:45,7,1,0
BRDA:46,8,0,0
BRDA:46,8,1,0
BRDA:47,9,0,0
BRDA:47,9,1,0
BRDA:48,10,0,0
BRDA:48,10,1,0
BRDA:49,11,0,0
BRDA:49,11,1,0
BRDA:50,12,0,0
BRDA:50,12,1,0
BRDA:51,13,0,0
BRDA:51,13,1,0
BRDA:58,14,0,0
BRDA:58,14,1,0
BRDA:104,15,0,0
BRDA:104,15,1,0
BRDA:169,16,0,0
BRDA:169,16,1,0
BRF:34
BRH:0
end_of_record
TN:
SF:src\pages\ResetPassword.js
FN:6,(anonymous_0)
FN:8,(anonymous_1)
FN:18,(anonymous_2)
FN:27,(anonymous_3)
FN:49,(anonymous_4)
FN:76,(anonymous_5)
FN:86,(anonymous_6)
FNF:7
FNH:0
FNDA:0,(anonymous_0)
FNDA:0,(anonymous_1)
FNDA:0,(anonymous_2)
FNDA:0,(anonymous_3)
FNDA:0,(anonymous_4)
FNDA:0,(anonymous_5)
FNDA:0,(anonymous_6)
DA:6,0
DA:8,0
DA:9,0
DA:10,0
DA:11,0
DA:12,0
DA:13,0
DA:14,0
DA:15,0
DA:16,0
DA:18,0
DA:19,0
DA:20,0
DA:21,0
DA:23,0
DA:27,0
DA:28,0
DA:29,0
DA:30,0
DA:32,0
DA:33,0
DA:34,0
DA:36,0
DA:37,0
DA:38,0
DA:40,0
DA:41,0
DA:42,0
DA:45,0
DA:46,0
DA:47,0
DA:48,0
DA:49,0
DA:51,0
DA:52,0
DA:54,0
DA:58,0
DA:76,0
DA:86,0
LF:39
LH:0
BRDA:20,0,0,0
BRDA:20,0,1,0
BRDA:32,1,0,0
BRDA:32,1,1,0
BRDA:36,2,0,0
BRDA:36,2,1,0
BRDA:36,3,0,0
BRDA:36,3,1,0
BRDA:40,4,0,0
BRDA:40,4,1,0
BRDA:48,5,0,0
BRDA:48,5,1,0
BRDA:51,6,0,0
BRDA:51,6,1,0
BRDA:67,7,0,0
BRDA:67,7,1,0
BRDA:68,8,0,0
BRDA:68,8,1,0
BRDA:92,9,0,0
BRDA:92,9,1,0
BRDA:93,10,0,0
BRDA:93,10,1,0
BRF:22
BRH:0
end_of_record
TN:
SF:src\pages\SupportDashboard.js
FN:6,(anonymous_0)
FN:30,(anonymous_1)
FN:35,(anonymous_2)
FN:45,(anonymous_3)
FN:66,(anonymous_4)
FN:67,(anonymous_5)
FN:71,(anonymous_6)
FN:76,(anonymous_7)
FN:82,(anonymous_8)
FN:108,(anonymous_9)
FN:121,(anonymous_10)
FN:134,(anonymous_11)
FN:145,(anonymous_12)
FN:153,(anonymous_13)
FN:170,(anonymous_14)
FN:180,(anonymous_15)
FN:181,(anonymous_16)
FN:183,(anonymous_17)
FN:184,(anonymous_18)
FN:218,(anonymous_19)
FN:225,(anonymous_20)
FN:278,(anonymous_21)
FN:291,(anonymous_22)
FN:304,(anonymous_23)
FN:331,(anonymous_24)
FN:362,(anonymous_25)
FN:369,(anonymous_26)
FN:376,(anonymous_27)
FN:384,(anonymous_28)
FN:407,(anonymous_29)
FN:440,(anonymous_30)
FN:447,(anonymous_31)
FN:461,(anonymous_32)
FN:461,(anonymous_33)
FN:470,(anonymous_34)
FN:470,(anonymous_35)
FN:479,(anonymous_36)
FNF:37
FNH:0
FNDA:0,(anonymous_0)
FNDA:0,(anonymous_1)
FNDA:0,(anonymous_2)
FNDA:0,(anonymous_3)
FNDA:0,(anonymous_4)
FNDA:0,(anonymous_5)
FNDA:0,(anonymous_6)
FNDA:0,(anonymous_7)
FNDA:0,(anonymous_8)
FNDA:0,(anonymous_9)
FNDA:0,(anonymous_10)
FNDA:0,(anonymous_11)
FNDA:0,(anonymous_12)
FNDA:0,(anonymous_13)
FNDA:0,(anonymous_14)
FNDA:0,(anonymous_15)
FNDA:0,(anonymous_16)
FNDA:0,(anonymous_17)
FNDA:0,(anonymous_18)
FNDA:0,(anonymous_19)
FNDA:0,(anonymous_20)
FNDA:0,(anonymous_21)
FNDA:0,(anonymous_22)
FNDA:0,(anonymous_23)
FNDA:0,(anonymous_24)
FNDA:0,(anonymous_25)
FNDA:0,(anonymous_26)
FNDA:0,(anonymous_27)
FNDA:0,(anonymous_28)
FNDA:0,(anonymous_29)
FNDA:0,(anonymous_30)
FNDA:0,(anonymous_31)
FNDA:0,(anonymous_32)
FNDA:0,(anonymous_33)
FNDA:0,(anonymous_34)
FNDA:0,(anonymous_35)
FNDA:0,(anonymous_36)
DA:6,0
DA:7,0
DA:8,0
DA:9,0
DA:10,0
DA:11,0
DA:14,0
DA:19,0
DA:20,0
DA:23,0
DA:24,0
DA:25,0
DA:26,0
DA:28,0
DA:30,0
DA:31,0
DA:32,0
DA:35,0
DA:36,0
DA:37,0
DA:38,0
DA:40,0
DA:41,0
DA:45,0
DA:46,0
DA:47,0
DA:48,0
DA:54,0
DA:56,0
DA:57,0
DA:59,0
DA:60,0
DA:62,0
DA:66,0
DA:67,0
DA:68,0
DA:71,0
DA:72,0
DA:73,0
DA:76,0
DA:77,0
DA:78,0
DA:79,0
DA:82,0
DA:83,0
DA:84,0
DA:85,0
DA:88,0
DA:89,0
DA:90,0
DA:93,0
DA:94,0
DA:99,0
DA:100,0
DA:101,0
DA:103,0
DA:104,0
DA:108,0
DA:109,0
DA:110,0
DA:111,0
DA:112,0
DA:113,0
DA:114,0
DA:116,0
DA:117,0
DA:121,0
DA:122,0
DA:123,0
DA:124,0
DA:125,0
DA:126,0
DA:127,0
DA:129,0
DA:130,0
DA:134,0
DA:135,0
DA:136,0
DA:137,0
DA:138,0
DA:139,0
DA:140,0
DA:141,0
DA:145,0
DA:146,0
DA:153,0
DA:154,0
DA:156,0
DA:157,0
DA:158,0
DA:159,0
DA:161,0
DA:162,0
DA:165,0
DA:166,0
DA:170,0
DA:177,0
DA:180,0
DA:181,0
DA:183,0
DA:184,0
DA:190,0
DA:191,0
DA:202,0
DA:218,0
DA:225,0
DA:278,0
DA:291,0
DA:304,0
DA:332,0
DA:362,0
DA:369,0
DA:376,0
DA:384,0
DA:407,0
DA:440,0
DA:447,0
DA:461,0
DA:470,0
DA:479,0
LF:120
LH:0
BRDA:56,0,0,0
BRDA:56,0,1,0
BRDA:57,1,0,0
BRDA:57,1,1,0
BRDA:83,2,0,0
BRDA:83,2,1,0
BRDA:88,3,0,0
BRDA:88,3,1,0
BRDA:104,4,0,0
BRDA:104,4,1,0
BRDA:112,5,0,0
BRDA:112,5,1,0
BRDA:117,6,0,0
BRDA:117,6,1,0
BRDA:125,7,0,0
BRDA:125,7,1,0
BRDA:130,8,0,0
BRDA:130,8,1,0
BRDA:135,9,0,0
BRDA:135,9,1,0
BRDA:135,9,2,0
BRDA:135,9,3,0
BRDA:135,9,4,0
BRDA:135,9,5,0
BRDA:154,10,0,0
BRDA:154,10,1,0
BRDA:154,11,0,0
BRDA:154,11,1,0
BRDA:161,12,0,0
BRDA:161,12,1,0
BRDA:190,13,0,0
BRDA:190,13,1,0
BRDA:190,14,0,0
BRDA:190,14,1,0
BRDA:217,15,0,0
BRDA:217,15,1,0
BRDA:224,16,0,0
BRDA:224,16,1,0
BRDA:236,17,0,0
BRDA:236,17,1,0
BRDA:244,18,0,0
BRDA:244,18,1,0
BRDA:252,19,0,0
BRDA:252,19,1,0
BRDA:260,20,0,0
BRDA:260,20,1,0
BRDA:314,21,0,0
BRDA:314,21,1,0
BRDA:335,22,0,0
BRDA:335,22,1,0
BRDA:345,23,0,0
BRDA:345,23,1,0
BRDA:346,24,0,0
BRDA:346,24,1,0
BRDA:350,25,0,0
BRDA:350,25,1,0
BRDA:351,26,0,0
BRDA:351,26,1,0
BRDA:352,27,0,0
BRDA:352,27,1,0
BRDA:375,28,0,0
BRDA:375,28,1,0
BRDA:378,29,0,0
BRDA:378,29,1,0
BRDA:380,30,0,0
BRDA:380,30,1,0
BRDA:383,31,0,0
BRDA:383,31,1,0
BRDA:386,32,0,0
BRDA:386,32,1,0
BRDA:412,33,0,0
BRDA:412,33,1,0
BRDA:416,34,0,0
BRDA:416,34,1,0
BRDA:419,35,0,0
BRDA:419,35,1,0
BRDA:424,36,0,0
BRDA:424,36,1,0
BRDA:426,37,0,0
BRDA:426,37,1,0
BRDA:427,38,0,0
BRDA:427,38,1,0
BRDA:428,39,0,0
BRDA:428,39,1,0
BRDA:452,40,0,0
BRDA:452,40,1,0
BRF:86
BRH:0
end_of_record
TN:
SF:src\pages\UGCCreatorProfile.js
FN:9,(anonymous_0)
FN:19,(anonymous_1)
FN:27,(anonymous_2)
FN:48,(anonymous_3)
FN:57,(anonymous_4)
FN:66,(anonymous_5)
FN:93,(anonymous_6)
FN:100,(anonymous_7)
FN:113,(anonymous_8)
FN:120,(anonymous_9)
FN:127,(anonymous_10)
FN:166,(anonymous_11)
FN:175,(anonymous_12)
FN:303,(anonymous_13)
FNF:14
FNH:0
FNDA:0,(anonymous_0)
FNDA:0,(anonymous_1)
FNDA:0,(anonymous_2)
FNDA:0,(anonymous_3)
FNDA:0,(anonymous_4)
FNDA:0,(anonymous_5)
FNDA:0,(anonymous_6)
FNDA:0,(anonymous_7)
FNDA:0,(anonymous_8)
FNDA:0,(anonymous_9)
FNDA:0,(anonymous_10)
FNDA:0,(anonymous_11)
FNDA:0,(anonymous_12)
FNDA:0,(anonymous_13)
DA:9,0
DA:10,0
DA:11,0
DA:12,0
DA:13,0
DA:14,0
DA:15,0
DA:16,0
DA:17,0
DA:19,0
DA:20,0
DA:21,0
DA:22,0
DA:24,0
DA:27,0
DA:28,0
DA:29,0
DA:30,0
DA:33,0
DA:34,0
DA:35,0
DA:37,0
DA:38,0
DA:41,0
DA:42,0
DA:44,0
DA:48,0
DA:49,0
DA:50,0
DA:51,0
DA:53,0
DA:54,0
DA:57,0
DA:58,0
DA:61,0
DA:62,0
DA:66,0
DA:67,0
DA:74,0
DA:75,0
DA:86,0
DA:87,0
DA:93,0
DA:100,0
DA:106,0
DA:113,0
DA:120,0
DA:127,0
DA:167,0
DA:176,0
DA:303,0
LF:51
LH:0
BRDA:20,0,0,0
BRDA:20,0,1,0
BRDA:42,1,0,0
BRDA:42,1,1,0
BRDA:62,2,0,0
BRDA:62,2,1,0
BRDA:74,3,0,0
BRDA:74,3,1,0
BRDA:86,4,0,0
BRDA:86,4,1,0
BRDA:86,5,0,0
BRDA:86,5,1,0
BRDA:91,6,0,0
BRDA:91,6,1,0
BRDA:119,7,0,0
BRDA:119,7,1,0
BRDA:126,8,0,0
BRDA:126,8,1,0
BRDA:155,9,0,0
BRDA:155,9,1,0
BRDA:191,10,0,0
BRDA:191,10,1,0
BRDA:197,11,0,0
BRDA:197,11,1,0
BRDA:218,12,0,0
BRDA:218,12,1,0
BRDA:221,13,0,0
BRDA:221,13,1,0
BRDA:224,14,0,0
BRDA:224,14,1,0
BRDA:227,15,0,0
BRDA:227,15,1,0
BRDA:251,16,0,0
BRDA:251,16,1,0
BRDA:255,17,0,0
BRDA:255,17,1,0
BRDA:256,18,0,0
BRDA:256,18,1,0
BRDA:266,19,0,0
BRDA:266,19,1,0
BRF:40
BRH:0
end_of_record
TN:
SF:src\pages\UGCDashboard.js
FN:9,(anonymous_0)
FN:42,(anonymous_1)
FN:47,(anonymous_2)
FN:74,(anonymous_3)
FN:83,(anonymous_4)
FN:85,(anonymous_5)
FN:91,(anonymous_6)
FN:92,(anonymous_7)
FN:98,(anonymous_8)
FN:117,(anonymous_9)
FN:143,(anonymous_10)
FN:177,(anonymous_11)
FN:178,(anonymous_12)
FN:205,(anonymous_13)
FN:281,(anonymous_14)
FN:287,(anonymous_15)
FN:306,(anonymous_16)
FN:312,(anonymous_17)
FNF:18
FNH:0
FNDA:0,(anonymous_0)
FNDA:0,(anonymous_1)
FNDA:0,(anonymous_2)
FNDA:0,(anonymous_3)
FNDA:0,(anonymous_4)
FNDA:0,(anonymous_5)
FNDA:0,(anonymous_6)
FNDA:0,(anonymous_7)
FNDA:0,(anonymous_8)
FNDA:0,(anonymous_9)
FNDA:0,(anonymous_10)
FNDA:0,(anonymous_11)
FNDA:0,(anonymous_12)
FNDA:0,(anonymous_13)
FNDA:0,(anonymous_14)
FNDA:0,(anonymous_15)
FNDA:0,(anonymous_16)
FNDA:0,(anonymous_17)
DA:9,0
DA:10,0
DA:11,0
DA:12,0
DA:13,0
DA:14,0
DA:15,0
DA:16,0
DA:18,0
DA:20,0
DA:21,0
DA:31,0
DA:37,0
DA:42,0
DA:43,0
DA:44,0
DA:47,0
DA:48,0
DA:49,0
DA:50,0
DA:54,0
DA:57,0
DA:67,0
DA:68,0
DA:70,0
DA:74,0
DA:75,0
DA:76,0
DA:77,0
DA:79,0
DA:83,0
DA:84,0
DA:85,0
DA:91,0
DA:92,0
DA:98,0
DA:99,0
DA:101,0
DA:102,0
DA:105,0
DA:106,0
DA:109,0
DA:111,0
DA:114,0
DA:117,0
DA:118,0
DA:119,0
DA:120,0
DA:123,0
DA:124,0
DA:125,0
DA:126,0
DA:127,0
DA:130,0
DA:131,0
DA:132,0
DA:133,0
DA:134,0
DA:136,0
DA:137,0
DA:139,0
DA:143,0
DA:144,0
DA:145,0
DA:146,0
DA:148,0
DA:159,0
DA:160,0
DA:171,0
DA:177,0
DA:178,0
DA:205,0
DA:281,0
DA:288,0
DA:306,0
DA:313,0
LF:76
LH:0
BRDA:58,0,0,0
BRDA:58,0,1,0
BRDA:59,1,0,0
BRDA:59,1,1,0
BRDA:60,2,0,0
BRDA:60,2,1,0
BRDA:61,3,0,0
BRDA:61,3,1,0
BRDA:62,4,0,0
BRDA:62,4,1,0
BRDA:63,5,0,0
BRDA:63,5,1,0
BRDA:64,6,0,0
BRDA:64,6,1,0
BRDA:101,7,0,0
BRDA:101,7,1,0
BRDA:101,8,0,0
BRDA:101,8,1,0
BRDA:105,9,0,0
BRDA:105,9,1,0
BRDA:105,10,0,0
BRDA:105,10,1,0
BRDA:109,11,0,0
BRDA:109,11,1,0
BRDA:109,12,0,0
BRDA:109,12,1,0
BRDA:109,12,2,0
BRDA:124,13,0,0
BRDA:124,13,1,0
BRDA:137,14,0,0
BRDA:137,14,1,0
BRDA:149,15,0,0
BRDA:149,15,1,0
BRDA:150,16,0,0
BRDA:150,16,1,0
BRDA:151,17,0,0
BRDA:151,17,1,0
BRDA:152,18,0,0
BRDA:152,18,1,0
BRDA:153,19,0,0
BRDA:153,19,1,0
BRDA:154,20,0,0
BRDA:154,20,1,0
BRDA:155,21,0,0
BRDA:155,21,1,0
BRDA:159,22,0,0
BRDA:159,22,1,0
BRDA:177,23,0,0
BRDA:177,23,1,0
BRDA:178,24,0,0
BRDA:178,24,1,0
BRDA:204,25,0,0
BRDA:204,25,1,0
BRDA:216,26,0,0
BRDA:216,26,1,0
BRDA:229,27,0,0
BRDA:229,27,1,0
BRDA:237,28,0,0
BRDA:237,28,1,0
BRDA:244,29,0,0
BRDA:244,29,1,0
BRDA:252,30,0,0
BRDA:252,30,1,0
BRDA:260,31,0,0
BRDA:260,31,1,0
BRDA:269,32,0,0
BRDA:269,32,1,0
BRDA:277,33,0,0
BRDA:277,33,1,0
BRDA:286,34,0,0
BRDA:286,34,1,0
BRDA:302,35,0,0
BRDA:302,35,1,0
BRDA:311,36,0,0
BRDA:311,36,1,0
BRDA:330,37,0,0
BRDA:330,37,1,0
BRDA:342,38,0,0
BRDA:342,38,1,0
BRDA:350,39,0,0
BRDA:350,39,1,0
BRDA:362,40,0,0
BRDA:362,40,1,0
BRDA:382,41,0,0
BRDA:382,41,1,0
BRDA:390,42,0,0
BRDA:390,42,1,0
BRDA:398,43,0,0
BRDA:398,43,1,0
BRDA:407,44,0,0
BRDA:407,44,1,0
BRDA:415,45,0,0
BRDA:415,45,1,0
BRF:93
BRH:0
end_of_record
TN:
SF:src\pages\UGCWizard.js
FN:7,(anonymous_0)
FN:54,(anonymous_1)
FN:60,(anonymous_2)
FN:62,(anonymous_3)
FN:69,(anonymous_4)
FN:76,(anonymous_5)
FN:125,(anonymous_6)
FN:131,(anonymous_7)
FN:322,(anonymous_8)
FN:343,(anonymous_9)
FN:364,(anonymous_10)
FN:446,(anonymous_11)
FN:457,(anonymous_12)
FN:465,(anonymous_13)
FN:479,(anonymous_14)
FNF:15
FNH:0
FNDA:0,(anonymous_0)
FNDA:0,(anonymous_1)
FNDA:0,(anonymous_2)
FNDA:0,(anonymous_3)
FNDA:0,(anonymous_4)
FNDA:0,(anonymous_5)
FNDA:0,(anonymous_6)
FNDA:0,(anonymous_7)
FNDA:0,(anonymous_8)
FNDA:0,(anonymous_9)
FNDA:0,(anonymous_10)
FNDA:0,(anonymous_11)
FNDA:0,(anonymous_12)
FNDA:0,(anonymous_13)
FNDA:0,(anonymous_14)
DA:7,0
DA:8,0
DA:9,0
DA:10,0
DA:12,0
DA:13,0
DA:15,0
DA:28,0
DA:30,0
DA:37,0
DA:45,0
DA:54,0
DA:55,0
DA:56,0
DA:60,0
DA:61,0
DA:62,0
DA:68,0
DA:69,0
DA:76,0
DA:77,0
DA:79,0
DA:80,0
DA:83,0
DA:84,0
DA:85,0
DA:86,0
DA:89,0
DA:90,0
DA:93,0
DA:94,0
DA:97,0
DA:98,0
DA:101,0
DA:102,0
DA:105,0
DA:106,0
DA:109,0
DA:110,0
DA:113,0
DA:114,0
DA:117,0
DA:118,0
DA:121,0
DA:122,0
DA:125,0
DA:126,0
DA:127,0
DA:131,0
DA:132,0
DA:133,0
DA:135,0
DA:136,0
DA:137,0
DA:138,0
DA:140,0
DA:154,0
DA:155,0
DA:157,0
DA:158,0
DA:161,0
DA:162,0
DA:164,0
DA:165,0
DA:167,0
DA:168,0
DA:170,0
DA:174,0
DA:175,0
DA:186,0
DA:323,0
DA:344,0
DA:365,0
DA:446,0
DA:457,0
DA:465,0
DA:479,0
LF:77
LH:0
BRDA:55,0,0,0
BRDA:55,0,1,0
BRDA:68,1,0,0
BRDA:68,1,1,0
BRDA:79,2,0,0
BRDA:79,2,1,0
BRDA:83,3,0,0
BRDA:83,3,1,0
BRDA:85,4,0,0
BRDA:85,4,1,0
BRDA:89,5,0,0
BRDA:89,5,1,0
BRDA:93,6,0,0
BRDA:93,6,1,0
BRDA:97,7,0,0
BRDA:97,7,1,0
BRDA:101,8,0,0
BRDA:101,8,1,0
BRDA:105,9,0,0
BRDA:105,9,1,0
BRDA:109,10,0,0
BRDA:109,10,1,0
BRDA:113,11,0,0
BRDA:113,11,1,0
BRDA:117,12,0,0
BRDA:117,12,1,0
BRDA:126,13,0,0
BRDA:126,13,1,0
BRDA:168,14,0,0
BRDA:168,14,1,0
BRDA:174,15,0,0
BRDA:174,15,1,0
BRDA:174,16,0,0
BRDA:174,16,1,0
BRDA:201,17,0,0
BRDA:201,17,1,0
BRDA:203,18,0,0
BRDA:203,18,1,0
BRDA:401,19,0,0
BRDA:401,19,1,0
BRDA:488,20,0,0
BRDA:488,20,1,0
BRF:42
BRH:0
end_of_record
TN:
SF:src\services\api.js
FN:5,(anonymous_0)
FN:30,(anonymous_1)
FN:37,(anonymous_2)
FN:44,(anonymous_3)
FN:45,(anonymous_4)
FN:58,(anonymous_5)
FN:59,(anonymous_6)
FN:60,(anonymous_7)
FN:61,(anonymous_8)
FN:62,(anonymous_9)
FN:67,(anonymous_10)
FN:68,(anonymous_11)
FN:69,(anonymous_12)
FN:70,(anonymous_13)
FN:75,(anonymous_14)
FN:76,(anonymous_15)
FN:77,(anonymous_16)
FN:78,(anonymous_17)
FN:79,(anonymous_18)
FN:80,(anonymous_19)
FN:81,(anonymous_20)
FN:86,(anonymous_21)
FN:87,(anonymous_22)
FN:88,(anonymous_23)
FN:92,(anonymous_24)
FN:100,(anonymous_25)
FN:104,(anonymous_26)
FN:108,(anonymous_27)
FN:113,(anonymous_28)
FNF:29
FNH:0
FNDA:0,(anonymous_0)
FNDA:0,(anonymous_1)
FNDA:0,(anonymous_2)
FNDA:0,(anonymous_3)
FNDA:0,(anonymous_4)
FNDA:0,(anonymous_5)
FNDA:0,(anonymous_6)
FNDA:0,(anonymous_7)
FNDA:0,(anonymous_8)
FNDA:0,(anonymous_9)
FNDA:0,(anonymous_10)
FNDA:0,(anonymous_11)
FNDA:0,(anonymous_12)
FNDA:0,(anonymous_13)
FNDA:0,(anonymous_14)
FNDA:0,(anonymous_15)
FNDA:0,(anonymous_16)
FNDA:0,(anonymous_17)
FNDA:0,(anonymous_18)
FNDA:0,(anonymous_19)
FNDA:0,(anonymous_20)
FNDA:0,(anonymous_21)
FNDA:0,(anonymous_22)
FNDA:0,(anonymous_23)
FNDA:0,(anonymous_24)
FNDA:0,(anonymous_25)
FNDA:0,(anonymous_26)
FNDA:0,(anonymous_27)
FNDA:0,(anonymous_28)
DA:4,0
DA:5,0
DA:6,0
DA:7,0
DA:9,0
DA:10,0
DA:12,0
DA:15,0
DA:19,0
DA:29,0
DA:31,0
DA:32,0
DA:33,0
DA:35,0
DA:38,0
DA:43,0
DA:44,0
DA:46,0
DA:49,0
DA:50,0
DA:52,0
DA:57,0
DA:58,0
DA:59,0
DA:60,0
DA:61,0
DA:62,0
DA:66,0
DA:67,0
DA:68,0
DA:69,0
DA:70,0
DA:74,0
DA:75,0
DA:76,0
DA:77,0
DA:78,0
DA:79,0
DA:80,0
DA:81,0
DA:85,0
DA:86,0
DA:87,0
DA:88,0
DA:92,0
DA:93,0
DA:94,0
DA:96,0
DA:100,0
DA:101,0
DA:104,0
DA:105,0
DA:108,0
DA:109,0
DA:110,0
DA:113,0
DA:114,0
DA:115,0
LF:58
LH:0
BRDA:4,0,0,0
BRDA:4,0,1,0
BRDA:6,1,0,0
BRDA:6,1,1,0
BRDA:7,2,0,0
BRDA:7,2,1,0
BRDA:10,3,0,0
BRDA:10,3,1,0
BRDA:12,4,0,0
BRDA:12,4,1,0
BRDA:32,5,0,0
BRDA:32,5,1,0
BRDA:46,6,0,0
BRDA:46,6,1,0
BRDA:93,7,0,0
BRDA:93,7,1,0
BRDA:110,8,0,0
BRDA:110,8,1,0
BRF:18
BRH:0
end_of_record
